Determining if the environ exist failed with the following output:
Change Dir: /home/smartcam/Desktop/EE_code/multipurposecamera/EE_team/init_resources/cmake-3.18.0/CMakeFiles/CMakeTmp

Run Build Command(s):/usr/bin/make cmTC_43036/fast && make  -f CMakeFiles/cmTC_43036.dir/build.make CMakeFiles/cmTC_43036.dir/build
make[1]: Entering directory '/home/smartcam/Desktop/EE_code/multipurposecamera/EE_team/init_resources/cmake-3.18.0/CMakeFiles/CMakeTmp'
Building C object CMakeFiles/cmTC_43036.dir/CheckSymbolExists.c.o
/usr/bin/gcc   -std=gnu11 -o CMakeFiles/cmTC_43036.dir/CheckSymbolExists.c.o -c /home/smartcam/Desktop/EE_code/multipurposecamera/EE_team/init_resources/cmake-3.18.0/CMakeFiles/CMakeTmp/CheckSymbolExists.c
/home/smartcam/Desktop/EE_code/multipurposecamera/EE_team/init_resources/cmake-3.18.0/CMakeFiles/CMakeTmp/CheckSymbolExists.c: In function ‘main’:
/home/smartcam/Desktop/EE_code/multipurposecamera/EE_team/init_resources/cmake-3.18.0/CMakeFiles/CMakeTmp/CheckSymbolExists.c:8:19: error: ‘environ’ undeclared (first use in this function)
   return ((int*)(&environ))[argc];
                   ^~~~~~~
/home/smartcam/Desktop/EE_code/multipurposecamera/EE_team/init_resources/cmake-3.18.0/CMakeFiles/CMakeTmp/CheckSymbolExists.c:8:19: note: each undeclared identifier is reported only once for each function it appears in
CMakeFiles/cmTC_43036.dir/build.make:84: recipe for target 'CMakeFiles/cmTC_43036.dir/CheckSymbolExists.c.o' failed
make[1]: *** [CMakeFiles/cmTC_43036.dir/CheckSymbolExists.c.o] Error 1
make[1]: Leaving directory '/home/smartcam/Desktop/EE_code/multipurposecamera/EE_team/init_resources/cmake-3.18.0/CMakeFiles/CMakeTmp'
Makefile:140: recipe for target 'cmTC_43036/fast' failed
make: *** [cmTC_43036/fast] Error 2


File /home/smartcam/Desktop/EE_code/multipurposecamera/EE_team/init_resources/cmake-3.18.0/CMakeFiles/CMakeTmp/CheckSymbolExists.c:
/* */
#include <stdlib.h>

int main(int argc, char** argv)
{
  (void)argv;
#ifndef environ
  return ((int*)(&environ))[argc];
#else
  (void)argc;
  return 0;
#endif
}
Performing C SOURCE FILE Test CMAKE_HAVE_LIBC_PTHREAD failed with the following output:
Change Dir: /home/smartcam/Desktop/EE_code/multipurposecamera/EE_team/init_resources/cmake-3.18.0/CMakeFiles/CMakeTmp

Run Build Command(s):/usr/bin/make cmTC_a91cb/fast && make  -f CMakeFiles/cmTC_a91cb.dir/build.make CMakeFiles/cmTC_a91cb.dir/build
make[1]: Entering directory '/home/smartcam/Desktop/EE_code/multipurposecamera/EE_team/init_resources/cmake-3.18.0/CMakeFiles/CMakeTmp'
Building C object CMakeFiles/cmTC_a91cb.dir/src.c.o
/usr/bin/gcc   -DCMAKE_HAVE_LIBC_PTHREAD -std=gnu11 -o CMakeFiles/cmTC_a91cb.dir/src.c.o -c /home/smartcam/Desktop/EE_code/multipurposecamera/EE_team/init_resources/cmake-3.18.0/CMakeFiles/CMakeTmp/src.c
Linking C executable cmTC_a91cb
/home/smartcam/Desktop/EE_code/multipurposecamera/EE_team/init_resources/cmake-3.18.0/Bootstrap.cmk/cmake -E cmake_link_script CMakeFiles/cmTC_a91cb.dir/link.txt --verbose=1
/usr/bin/gcc  -DCMAKE_HAVE_LIBC_PTHREAD CMakeFiles/cmTC_a91cb.dir/src.c.o -o cmTC_a91cb 
CMakeFiles/cmTC_a91cb.dir/src.c.o: In function `main':
src.c:(.text+0x48): undefined reference to `pthread_create'
src.c:(.text+0x50): undefined reference to `pthread_detach'
src.c:(.text+0x58): undefined reference to `pthread_cancel'
src.c:(.text+0x64): undefined reference to `pthread_join'
src.c:(.text+0x74): undefined reference to `pthread_atfork'
collect2: error: ld returned 1 exit status
CMakeFiles/cmTC_a91cb.dir/build.make:105: recipe for target 'cmTC_a91cb' failed
make[1]: *** [cmTC_a91cb] Error 1
make[1]: Leaving directory '/home/smartcam/Desktop/EE_code/multipurposecamera/EE_team/init_resources/cmake-3.18.0/CMakeFiles/CMakeTmp'
Makefile:140: recipe for target 'cmTC_a91cb/fast' failed
make: *** [cmTC_a91cb/fast] Error 2


Source file was:
#include <pthread.h>

void* test_func(void* data)
{
  return data;
}

int main(void)
{
  pthread_t thread;
  pthread_create(&thread, NULL, test_func, NULL);
  pthread_detach(thread);
  pthread_cancel(thread);
  pthread_join(thread, NULL);
  pthread_atfork(NULL, NULL, NULL);
  pthread_exit(NULL);

  return 0;
}

Determining if the function pthread_create exists in the pthreads failed with the following output:
Change Dir: /home/smartcam/Desktop/EE_code/multipurposecamera/EE_team/init_resources/cmake-3.18.0/CMakeFiles/CMakeTmp

Run Build Command(s):/usr/bin/make cmTC_75927/fast && make  -f CMakeFiles/cmTC_75927.dir/build.make CMakeFiles/cmTC_75927.dir/build
make[1]: Entering directory '/home/smartcam/Desktop/EE_code/multipurposecamera/EE_team/init_resources/cmake-3.18.0/CMakeFiles/CMakeTmp'
Building C object CMakeFiles/cmTC_75927.dir/CheckFunctionExists.c.o
/usr/bin/gcc   -DCHECK_FUNCTION_EXISTS=pthread_create -std=gnu11 -o CMakeFiles/cmTC_75927.dir/CheckFunctionExists.c.o -c /home/smartcam/Desktop/EE_code/multipurposecamera/EE_team/init_resources/cmake-3.18.0/Modules/CheckFunctionExists.c
Linking C executable cmTC_75927
/home/smartcam/Desktop/EE_code/multipurposecamera/EE_team/init_resources/cmake-3.18.0/Bootstrap.cmk/cmake -E cmake_link_script CMakeFiles/cmTC_75927.dir/link.txt --verbose=1
/usr/bin/gcc  -DCHECK_FUNCTION_EXISTS=pthread_create CMakeFiles/cmTC_75927.dir/CheckFunctionExists.c.o -o cmTC_75927  -lpthreads 
/usr/bin/ld: cannot find -lpthreads
collect2: error: ld returned 1 exit status
CMakeFiles/cmTC_75927.dir/build.make:105: recipe for target 'cmTC_75927' failed
make[1]: *** [cmTC_75927] Error 1
make[1]: Leaving directory '/home/smartcam/Desktop/EE_code/multipurposecamera/EE_team/init_resources/cmake-3.18.0/CMakeFiles/CMakeTmp'
Makefile:140: recipe for target 'cmTC_75927/fast' failed
make: *** [cmTC_75927/fast] Error 2



Checking whether CXX compiler has environ in stdlib.h failed to compile with the following output:
Change Dir: /home/smartcam/Desktop/EE_code/multipurposecamera/EE_team/init_resources/cmake-3.18.0/Source/kwsys/CMakeFiles/CMakeTmp

Run Build Command(s):/usr/bin/make cmTC_eb9a1/fast && make  -f CMakeFiles/cmTC_eb9a1.dir/build.make CMakeFiles/cmTC_eb9a1.dir/build
make[1]: Entering directory '/home/smartcam/Desktop/EE_code/multipurposecamera/EE_team/init_resources/cmake-3.18.0/Source/kwsys/CMakeFiles/CMakeTmp'
Building CXX object CMakeFiles/cmTC_eb9a1.dir/kwsysPlatformTestsCXX.cxx.o
/usr/bin/g++ -DTEST_KWSYS_CXX_HAS_ENVIRON_IN_STDLIB_H  -std=gnu++1z -o CMakeFiles/cmTC_eb9a1.dir/kwsysPlatformTestsCXX.cxx.o -c /home/smartcam/Desktop/EE_code/multipurposecamera/EE_team/init_resources/cmake-3.18.0/Source/kwsys/kwsysPlatformTestsCXX.cxx
/home/smartcam/Desktop/EE_code/multipurposecamera/EE_team/init_resources/cmake-3.18.0/Source/kwsys/kwsysPlatformTestsCXX.cxx: In function ‘int main()’:
/home/smartcam/Desktop/EE_code/multipurposecamera/EE_team/init_resources/cmake-3.18.0/Source/kwsys/kwsysPlatformTestsCXX.cxx:53:13: error: ‘environ’ was not declared in this scope
   char* e = environ[0];
             ^~~~~~~
/home/smartcam/Desktop/EE_code/multipurposecamera/EE_team/init_resources/cmake-3.18.0/Source/kwsys/kwsysPlatformTestsCXX.cxx:53:13: note: suggested alternative: ‘union’
   char* e = environ[0];
             ^~~~~~~
             union
CMakeFiles/cmTC_eb9a1.dir/build.make:84: recipe for target 'CMakeFiles/cmTC_eb9a1.dir/kwsysPlatformTestsCXX.cxx.o' failed
make[1]: *** [CMakeFiles/cmTC_eb9a1.dir/kwsysPlatformTestsCXX.cxx.o] Error 1
make[1]: Leaving directory '/home/smartcam/Desktop/EE_code/multipurposecamera/EE_team/init_resources/cmake-3.18.0/Source/kwsys/CMakeFiles/CMakeTmp'
Makefile:140: recipe for target 'cmTC_eb9a1/fast' failed
make: *** [cmTC_eb9a1/fast] Error 2



Checking whether CXX compiler struct stat has st_mtimespec member failed to compile with the following output:
Change Dir: /home/smartcam/Desktop/EE_code/multipurposecamera/EE_team/init_resources/cmake-3.18.0/Source/kwsys/CMakeFiles/CMakeTmp

Run Build Command(s):/usr/bin/make cmTC_99ef4/fast && make  -f CMakeFiles/cmTC_99ef4.dir/build.make CMakeFiles/cmTC_99ef4.dir/build
make[1]: Entering directory '/home/smartcam/Desktop/EE_code/multipurposecamera/EE_team/init_resources/cmake-3.18.0/Source/kwsys/CMakeFiles/CMakeTmp'
Building CXX object CMakeFiles/cmTC_99ef4.dir/kwsysPlatformTestsCXX.cxx.o
/usr/bin/g++ -DTEST_KWSYS_CXX_STAT_HAS_ST_MTIMESPEC  -std=gnu++1z -o CMakeFiles/cmTC_99ef4.dir/kwsysPlatformTestsCXX.cxx.o -c /home/smartcam/Desktop/EE_code/multipurposecamera/EE_team/init_resources/cmake-3.18.0/Source/kwsys/kwsysPlatformTestsCXX.cxx
/home/smartcam/Desktop/EE_code/multipurposecamera/EE_team/init_resources/cmake-3.18.0/Source/kwsys/kwsysPlatformTestsCXX.cxx: In function ‘int main()’:
/home/smartcam/Desktop/EE_code/multipurposecamera/EE_team/init_resources/cmake-3.18.0/Source/kwsys/kwsysPlatformTestsCXX.cxx:26:15: error: ‘struct stat’ has no member named ‘st_mtimespec’; did you mean ‘st_mtim’?
   (void)stat1.st_mtimespec.tv_sec;
               ^~~~~~~~~~~~
               st_mtim
/home/smartcam/Desktop/EE_code/multipurposecamera/EE_team/init_resources/cmake-3.18.0/Source/kwsys/kwsysPlatformTestsCXX.cxx:27:15: error: ‘struct stat’ has no member named ‘st_mtimespec’; did you mean ‘st_mtim’?
   (void)stat1.st_mtimespec.tv_nsec;
               ^~~~~~~~~~~~
               st_mtim
CMakeFiles/cmTC_99ef4.dir/build.make:84: recipe for target 'CMakeFiles/cmTC_99ef4.dir/kwsysPlatformTestsCXX.cxx.o' failed
make[1]: *** [CMakeFiles/cmTC_99ef4.dir/kwsysPlatformTestsCXX.cxx.o] Error 1
make[1]: Leaving directory '/home/smartcam/Desktop/EE_code/multipurposecamera/EE_team/init_resources/cmake-3.18.0/Source/kwsys/CMakeFiles/CMakeTmp'
Makefile:140: recipe for target 'cmTC_99ef4/fast' failed
make: *** [cmTC_99ef4/fast] Error 2



Determining if the function connect exists in the socket;dl failed with the following output:
Change Dir: /home/smartcam/Desktop/EE_code/multipurposecamera/EE_team/init_resources/cmake-3.18.0/CMakeFiles/CMakeTmp

Run Build Command(s):/usr/bin/make cmTC_9da18/fast && make  -f CMakeFiles/cmTC_9da18.dir/build.make CMakeFiles/cmTC_9da18.dir/build
make[1]: Entering directory '/home/smartcam/Desktop/EE_code/multipurposecamera/EE_team/init_resources/cmake-3.18.0/CMakeFiles/CMakeTmp'
Building C object CMakeFiles/cmTC_9da18.dir/CheckFunctionExists.c.o
/usr/bin/gcc   -w -DCHECK_FUNCTION_EXISTS=connect -std=gnu11 -o CMakeFiles/cmTC_9da18.dir/CheckFunctionExists.c.o -c /home/smartcam/Desktop/EE_code/multipurposecamera/EE_team/init_resources/cmake-3.18.0/Modules/CheckFunctionExists.c
Linking C executable cmTC_9da18
/home/smartcam/Desktop/EE_code/multipurposecamera/EE_team/init_resources/cmake-3.18.0/Bootstrap.cmk/cmake -E cmake_link_script CMakeFiles/cmTC_9da18.dir/link.txt --verbose=1
/usr/bin/gcc   -w -DCHECK_FUNCTION_EXISTS=connect CMakeFiles/cmTC_9da18.dir/CheckFunctionExists.c.o -o cmTC_9da18  -lsocket -ldl 
/usr/bin/ld: cannot find -lsocket
collect2: error: ld returned 1 exit status
CMakeFiles/cmTC_9da18.dir/build.make:105: recipe for target 'cmTC_9da18' failed
make[1]: *** [cmTC_9da18] Error 1
make[1]: Leaving directory '/home/smartcam/Desktop/EE_code/multipurposecamera/EE_team/init_resources/cmake-3.18.0/CMakeFiles/CMakeTmp'
Makefile:140: recipe for target 'cmTC_9da18/fast' failed
make: *** [cmTC_9da18/fast] Error 2



Determining if the function recv exists in the network;dl failed with the following output:
Change Dir: /home/smartcam/Desktop/EE_code/multipurposecamera/EE_team/init_resources/cmake-3.18.0/CMakeFiles/CMakeTmp

Run Build Command(s):/usr/bin/make cmTC_2d393/fast && make  -f CMakeFiles/cmTC_2d393.dir/build.make CMakeFiles/cmTC_2d393.dir/build
make[1]: Entering directory '/home/smartcam/Desktop/EE_code/multipurposecamera/EE_team/init_resources/cmake-3.18.0/CMakeFiles/CMakeTmp'
Building C object CMakeFiles/cmTC_2d393.dir/CheckFunctionExists.c.o
/usr/bin/gcc   -w -DCHECK_FUNCTION_EXISTS=recv -std=gnu11 -o CMakeFiles/cmTC_2d393.dir/CheckFunctionExists.c.o -c /home/smartcam/Desktop/EE_code/multipurposecamera/EE_team/init_resources/cmake-3.18.0/Modules/CheckFunctionExists.c
Linking C executable cmTC_2d393
/home/smartcam/Desktop/EE_code/multipurposecamera/EE_team/init_resources/cmake-3.18.0/Bootstrap.cmk/cmake -E cmake_link_script CMakeFiles/cmTC_2d393.dir/link.txt --verbose=1
/usr/bin/gcc   -w -DCHECK_FUNCTION_EXISTS=recv CMakeFiles/cmTC_2d393.dir/CheckFunctionExists.c.o -o cmTC_2d393  -lnetwork -ldl 
/usr/bin/ld: cannot find -lnetwork
collect2: error: ld returned 1 exit status
CMakeFiles/cmTC_2d393.dir/build.make:105: recipe for target 'cmTC_2d393' failed
make[1]: *** [cmTC_2d393] Error 1
make[1]: Leaving directory '/home/smartcam/Desktop/EE_code/multipurposecamera/EE_team/init_resources/cmake-3.18.0/CMakeFiles/CMakeTmp'
Makefile:140: recipe for target 'cmTC_2d393/fast' failed
make: *** [cmTC_2d393/fast] Error 2



Determining if the RAND_status exist failed with the following output:
Change Dir: /home/smartcam/Desktop/EE_code/multipurposecamera/EE_team/init_resources/cmake-3.18.0/CMakeFiles/CMakeTmp

Run Build Command(s):/usr/bin/make cmTC_55d44/fast && make  -f CMakeFiles/cmTC_55d44.dir/build.make CMakeFiles/cmTC_55d44.dir/build
make[1]: Entering directory '/home/smartcam/Desktop/EE_code/multipurposecamera/EE_team/init_resources/cmake-3.18.0/CMakeFiles/CMakeTmp'
Building C object CMakeFiles/cmTC_55d44.dir/CheckSymbolExists.c.o
/usr/bin/gcc   -w  -std=gnu11 -o CMakeFiles/cmTC_55d44.dir/CheckSymbolExists.c.o -c /home/smartcam/Desktop/EE_code/multipurposecamera/EE_team/init_resources/cmake-3.18.0/CMakeFiles/CMakeTmp/CheckSymbolExists.c
/home/smartcam/Desktop/EE_code/multipurposecamera/EE_team/init_resources/cmake-3.18.0/CMakeFiles/CMakeTmp/CheckSymbolExists.c: In function ‘main’:
/home/smartcam/Desktop/EE_code/multipurposecamera/EE_team/init_resources/cmake-3.18.0/CMakeFiles/CMakeTmp/CheckSymbolExists.c:7:19: error: ‘RAND_status’ undeclared (first use in this function)
   return ((int*)(&RAND_status))[argc];
                   ^~~~~~~~~~~
/home/smartcam/Desktop/EE_code/multipurposecamera/EE_team/init_resources/cmake-3.18.0/CMakeFiles/CMakeTmp/CheckSymbolExists.c:7:19: note: each undeclared identifier is reported only once for each function it appears in
CMakeFiles/cmTC_55d44.dir/build.make:84: recipe for target 'CMakeFiles/cmTC_55d44.dir/CheckSymbolExists.c.o' failed
make[1]: *** [CMakeFiles/cmTC_55d44.dir/CheckSymbolExists.c.o] Error 1
make[1]: Leaving directory '/home/smartcam/Desktop/EE_code/multipurposecamera/EE_team/init_resources/cmake-3.18.0/CMakeFiles/CMakeTmp'
Makefile:140: recipe for target 'cmTC_55d44/fast' failed
make: *** [cmTC_55d44/fast] Error 2


File /home/smartcam/Desktop/EE_code/multipurposecamera/EE_team/init_resources/cmake-3.18.0/CMakeFiles/CMakeTmp/CheckSymbolExists.c:
/* */

int main(int argc, char** argv)
{
  (void)argv;
#ifndef RAND_status
  return ((int*)(&RAND_status))[argc];
#else
  (void)argc;
  return 0;
#endif
}
Determining if the RAND_screen exist failed with the following output:
Change Dir: /home/smartcam/Desktop/EE_code/multipurposecamera/EE_team/init_resources/cmake-3.18.0/CMakeFiles/CMakeTmp

Run Build Command(s):/usr/bin/make cmTC_5026a/fast && make  -f CMakeFiles/cmTC_5026a.dir/build.make CMakeFiles/cmTC_5026a.dir/build
make[1]: Entering directory '/home/smartcam/Desktop/EE_code/multipurposecamera/EE_team/init_resources/cmake-3.18.0/CMakeFiles/CMakeTmp'
Building C object CMakeFiles/cmTC_5026a.dir/CheckSymbolExists.c.o
/usr/bin/gcc   -w  -std=gnu11 -o CMakeFiles/cmTC_5026a.dir/CheckSymbolExists.c.o -c /home/smartcam/Desktop/EE_code/multipurposecamera/EE_team/init_resources/cmake-3.18.0/CMakeFiles/CMakeTmp/CheckSymbolExists.c
/home/smartcam/Desktop/EE_code/multipurposecamera/EE_team/init_resources/cmake-3.18.0/CMakeFiles/CMakeTmp/CheckSymbolExists.c: In function ‘main’:
/home/smartcam/Desktop/EE_code/multipurposecamera/EE_team/init_resources/cmake-3.18.0/CMakeFiles/CMakeTmp/CheckSymbolExists.c:7:19: error: ‘RAND_screen’ undeclared (first use in this function)
   return ((int*)(&RAND_screen))[argc];
                   ^~~~~~~~~~~
/home/smartcam/Desktop/EE_code/multipurposecamera/EE_team/init_resources/cmake-3.18.0/CMakeFiles/CMakeTmp/CheckSymbolExists.c:7:19: note: each undeclared identifier is reported only once for each function it appears in
CMakeFiles/cmTC_5026a.dir/build.make:84: recipe for target 'CMakeFiles/cmTC_5026a.dir/CheckSymbolExists.c.o' failed
make[1]: *** [CMakeFiles/cmTC_5026a.dir/CheckSymbolExists.c.o] Error 1
make[1]: Leaving directory '/home/smartcam/Desktop/EE_code/multipurposecamera/EE_team/init_resources/cmake-3.18.0/CMakeFiles/CMakeTmp'
Makefile:140: recipe for target 'cmTC_5026a/fast' failed
make: *** [cmTC_5026a/fast] Error 2


File /home/smartcam/Desktop/EE_code/multipurposecamera/EE_team/init_resources/cmake-3.18.0/CMakeFiles/CMakeTmp/CheckSymbolExists.c:
/* */

int main(int argc, char** argv)
{
  (void)argv;
#ifndef RAND_screen
  return ((int*)(&RAND_screen))[argc];
#else
  (void)argc;
  return 0;
#endif
}
Determining if the RAND_egd exist failed with the following output:
Change Dir: /home/smartcam/Desktop/EE_code/multipurposecamera/EE_team/init_resources/cmake-3.18.0/CMakeFiles/CMakeTmp

Run Build Command(s):/usr/bin/make cmTC_4b04d/fast && make  -f CMakeFiles/cmTC_4b04d.dir/build.make CMakeFiles/cmTC_4b04d.dir/build
make[1]: Entering directory '/home/smartcam/Desktop/EE_code/multipurposecamera/EE_team/init_resources/cmake-3.18.0/CMakeFiles/CMakeTmp'
Building C object CMakeFiles/cmTC_4b04d.dir/CheckSymbolExists.c.o
/usr/bin/gcc   -w  -std=gnu11 -o CMakeFiles/cmTC_4b04d.dir/CheckSymbolExists.c.o -c /home/smartcam/Desktop/EE_code/multipurposecamera/EE_team/init_resources/cmake-3.18.0/CMakeFiles/CMakeTmp/CheckSymbolExists.c
/home/smartcam/Desktop/EE_code/multipurposecamera/EE_team/init_resources/cmake-3.18.0/CMakeFiles/CMakeTmp/CheckSymbolExists.c: In function ‘main’:
/home/smartcam/Desktop/EE_code/multipurposecamera/EE_team/init_resources/cmake-3.18.0/CMakeFiles/CMakeTmp/CheckSymbolExists.c:7:19: error: ‘RAND_egd’ undeclared (first use in this function)
   return ((int*)(&RAND_egd))[argc];
                   ^~~~~~~~
/home/smartcam/Desktop/EE_code/multipurposecamera/EE_team/init_resources/cmake-3.18.0/CMakeFiles/CMakeTmp/CheckSymbolExists.c:7:19: note: each undeclared identifier is reported only once for each function it appears in
CMakeFiles/cmTC_4b04d.dir/build.make:84: recipe for target 'CMakeFiles/cmTC_4b04d.dir/CheckSymbolExists.c.o' failed
make[1]: *** [CMakeFiles/cmTC_4b04d.dir/CheckSymbolExists.c.o] Error 1
make[1]: Leaving directory '/home/smartcam/Desktop/EE_code/multipurposecamera/EE_team/init_resources/cmake-3.18.0/CMakeFiles/CMakeTmp'
Makefile:140: recipe for target 'cmTC_4b04d/fast' failed
make: *** [cmTC_4b04d/fast] Error 2


File /home/smartcam/Desktop/EE_code/multipurposecamera/EE_team/init_resources/cmake-3.18.0/CMakeFiles/CMakeTmp/CheckSymbolExists.c:
/* */

int main(int argc, char** argv)
{
  (void)argv;
#ifndef RAND_egd
  return ((int*)(&RAND_egd))[argc];
#else
  (void)argc;
  return 0;
#endif
}
Determining if the function idn2_lookup_ul exists in the idn2;dl;/usr/lib/aarch64-linux-gnu/libssl.so;/usr/lib/aarch64-linux-gnu/libcrypto.so;cmnghttp2 failed with the following output:
Change Dir: /home/smartcam/Desktop/EE_code/multipurposecamera/EE_team/init_resources/cmake-3.18.0/CMakeFiles/CMakeTmp

Run Build Command(s):/usr/bin/make cmTC_e692b/fast && make  -f CMakeFiles/cmTC_e692b.dir/build.make CMakeFiles/cmTC_e692b.dir/build
make[1]: Entering directory '/home/smartcam/Desktop/EE_code/multipurposecamera/EE_team/init_resources/cmake-3.18.0/CMakeFiles/CMakeTmp'
Building C object CMakeFiles/cmTC_e692b.dir/CheckFunctionExists.c.o
/usr/bin/gcc   -w -DCHECK_FUNCTION_EXISTS=idn2_lookup_ul -std=gnu11 -o CMakeFiles/cmTC_e692b.dir/CheckFunctionExists.c.o -c /home/smartcam/Desktop/EE_code/multipurposecamera/EE_team/init_resources/cmake-3.18.0/Modules/CheckFunctionExists.c
Linking C executable cmTC_e692b
/home/smartcam/Desktop/EE_code/multipurposecamera/EE_team/init_resources/cmake-3.18.0/Bootstrap.cmk/cmake -E cmake_link_script CMakeFiles/cmTC_e692b.dir/link.txt --verbose=1
/usr/bin/gcc   -w -DCHECK_FUNCTION_EXISTS=idn2_lookup_ul CMakeFiles/cmTC_e692b.dir/CheckFunctionExists.c.o -o cmTC_e692b  -lidn2 -ldl /usr/lib/aarch64-linux-gnu/libssl.so /usr/lib/aarch64-linux-gnu/libcrypto.so -lcmnghttp2 
/usr/bin/ld: cannot find -lidn2
/usr/bin/ld: cannot find -lcmnghttp2
collect2: error: ld returned 1 exit status
CMakeFiles/cmTC_e692b.dir/build.make:107: recipe for target 'cmTC_e692b' failed
make[1]: *** [cmTC_e692b] Error 1
make[1]: Leaving directory '/home/smartcam/Desktop/EE_code/multipurposecamera/EE_team/init_resources/cmake-3.18.0/CMakeFiles/CMakeTmp'
Makefile:140: recipe for target 'cmTC_e692b/fast' failed
make: *** [cmTC_e692b/fast] Error 2



Determining if the function dlopen exists in the dl;/usr/lib/aarch64-linux-gnu/libssl.so;/usr/lib/aarch64-linux-gnu/libcrypto.so;cmnghttp2 failed with the following output:
Change Dir: /home/smartcam/Desktop/EE_code/multipurposecamera/EE_team/init_resources/cmake-3.18.0/CMakeFiles/CMakeTmp

Run Build Command(s):/usr/bin/make cmTC_862f1/fast && make  -f CMakeFiles/cmTC_862f1.dir/build.make CMakeFiles/cmTC_862f1.dir/build
make[1]: Entering directory '/home/smartcam/Desktop/EE_code/multipurposecamera/EE_team/init_resources/cmake-3.18.0/CMakeFiles/CMakeTmp'
Building C object CMakeFiles/cmTC_862f1.dir/CheckFunctionExists.c.o
/usr/bin/gcc   -w -DCHECK_FUNCTION_EXISTS=dlopen -std=gnu11 -o CMakeFiles/cmTC_862f1.dir/CheckFunctionExists.c.o -c /home/smartcam/Desktop/EE_code/multipurposecamera/EE_team/init_resources/cmake-3.18.0/Modules/CheckFunctionExists.c
Linking C executable cmTC_862f1
/home/smartcam/Desktop/EE_code/multipurposecamera/EE_team/init_resources/cmake-3.18.0/Bootstrap.cmk/cmake -E cmake_link_script CMakeFiles/cmTC_862f1.dir/link.txt --verbose=1
/usr/bin/gcc   -w -DCHECK_FUNCTION_EXISTS=dlopen CMakeFiles/cmTC_862f1.dir/CheckFunctionExists.c.o -o cmTC_862f1  -ldl /usr/lib/aarch64-linux-gnu/libssl.so /usr/lib/aarch64-linux-gnu/libcrypto.so -lcmnghttp2 
/usr/bin/ld: cannot find -lcmnghttp2
collect2: error: ld returned 1 exit status
CMakeFiles/cmTC_862f1.dir/build.make:107: recipe for target 'cmTC_862f1' failed
make[1]: *** [cmTC_862f1] Error 1
make[1]: Leaving directory '/home/smartcam/Desktop/EE_code/multipurposecamera/EE_team/init_resources/cmake-3.18.0/CMakeFiles/CMakeTmp'
Makefile:140: recipe for target 'cmTC_862f1/fast' failed
make: *** [cmTC_862f1/fast] Error 2



Determining if files stdio.h;inttypes.h;sys/filio.h exist failed with the following output:
Change Dir: /home/smartcam/Desktop/EE_code/multipurposecamera/EE_team/init_resources/cmake-3.18.0/CMakeFiles/CMakeTmp

Run Build Command(s):/usr/bin/make cmTC_f2863/fast && make  -f CMakeFiles/cmTC_f2863.dir/build.make CMakeFiles/cmTC_f2863.dir/build
make[1]: Entering directory '/home/smartcam/Desktop/EE_code/multipurposecamera/EE_team/init_resources/cmake-3.18.0/CMakeFiles/CMakeTmp'
Building C object CMakeFiles/cmTC_f2863.dir/HAVE_SYS_FILIO_H.c.o
/usr/bin/gcc   -w  -std=gnu11 -o CMakeFiles/cmTC_f2863.dir/HAVE_SYS_FILIO_H.c.o -c /home/smartcam/Desktop/EE_code/multipurposecamera/EE_team/init_resources/cmake-3.18.0/CMakeFiles/CheckIncludeFiles/HAVE_SYS_FILIO_H.c
/home/smartcam/Desktop/EE_code/multipurposecamera/EE_team/init_resources/cmake-3.18.0/CMakeFiles/CheckIncludeFiles/HAVE_SYS_FILIO_H.c:4:10: fatal error: sys/filio.h: No such file or directory
 #include <sys/filio.h>
          ^~~~~~~~~~~~~
compilation terminated.
CMakeFiles/cmTC_f2863.dir/build.make:84: recipe for target 'CMakeFiles/cmTC_f2863.dir/HAVE_SYS_FILIO_H.c.o' failed
make[1]: *** [CMakeFiles/cmTC_f2863.dir/HAVE_SYS_FILIO_H.c.o] Error 1
make[1]: Leaving directory '/home/smartcam/Desktop/EE_code/multipurposecamera/EE_team/init_resources/cmake-3.18.0/CMakeFiles/CMakeTmp'
Makefile:140: recipe for target 'cmTC_f2863/fast' failed
make: *** [cmTC_f2863/fast] Error 2


Source:
/* */
#include <stdio.h>
#include <inttypes.h>
#include <sys/filio.h>


int main(void){return 0;}

Determining if files stdio.h;inttypes.h;sys/ioctl.h;sys/param.h;sys/poll.h;sys/resource.h;sys/select.h;sys/socket.h;sys/sockio.h exist failed with the following output:
Change Dir: /home/smartcam/Desktop/EE_code/multipurposecamera/EE_team/init_resources/cmake-3.18.0/CMakeFiles/CMakeTmp

Run Build Command(s):/usr/bin/make cmTC_6c017/fast && make  -f CMakeFiles/cmTC_6c017.dir/build.make CMakeFiles/cmTC_6c017.dir/build
make[1]: Entering directory '/home/smartcam/Desktop/EE_code/multipurposecamera/EE_team/init_resources/cmake-3.18.0/CMakeFiles/CMakeTmp'
Building C object CMakeFiles/cmTC_6c017.dir/HAVE_SYS_SOCKIO_H.c.o
/usr/bin/gcc   -w  -std=gnu11 -o CMakeFiles/cmTC_6c017.dir/HAVE_SYS_SOCKIO_H.c.o -c /home/smartcam/Desktop/EE_code/multipurposecamera/EE_team/init_resources/cmake-3.18.0/CMakeFiles/CheckIncludeFiles/HAVE_SYS_SOCKIO_H.c
/home/smartcam/Desktop/EE_code/multipurposecamera/EE_team/init_resources/cmake-3.18.0/CMakeFiles/CheckIncludeFiles/HAVE_SYS_SOCKIO_H.c:10:10: fatal error: sys/sockio.h: No such file or directory
 #include <sys/sockio.h>
          ^~~~~~~~~~~~~~
compilation terminated.
CMakeFiles/cmTC_6c017.dir/build.make:84: recipe for target 'CMakeFiles/cmTC_6c017.dir/HAVE_SYS_SOCKIO_H.c.o' failed
make[1]: *** [CMakeFiles/cmTC_6c017.dir/HAVE_SYS_SOCKIO_H.c.o] Error 1
make[1]: Leaving directory '/home/smartcam/Desktop/EE_code/multipurposecamera/EE_team/init_resources/cmake-3.18.0/CMakeFiles/CMakeTmp'
Makefile:140: recipe for target 'cmTC_6c017/fast' failed
make: *** [cmTC_6c017/fast] Error 2


Source:
/* */
#include <stdio.h>
#include <inttypes.h>
#include <sys/ioctl.h>
#include <sys/param.h>
#include <sys/poll.h>
#include <sys/resource.h>
#include <sys/select.h>
#include <sys/socket.h>
#include <sys/sockio.h>


int main(void){return 0;}

Determining if files stdio.h;inttypes.h;sys/ioctl.h;sys/param.h;sys/poll.h;sys/resource.h;sys/select.h;sys/socket.h;sys/stat.h;sys/time.h;sys/types.h;sys/uio.h;sys/un.h;sys/utime.h exist failed with the following output:
Change Dir: /home/smartcam/Desktop/EE_code/multipurposecamera/EE_team/init_resources/cmake-3.18.0/CMakeFiles/CMakeTmp

Run Build Command(s):/usr/bin/make cmTC_fe97a/fast && make  -f CMakeFiles/cmTC_fe97a.dir/build.make CMakeFiles/cmTC_fe97a.dir/build
make[1]: Entering directory '/home/smartcam/Desktop/EE_code/multipurposecamera/EE_team/init_resources/cmake-3.18.0/CMakeFiles/CMakeTmp'
Building C object CMakeFiles/cmTC_fe97a.dir/HAVE_SYS_UTIME_H.c.o
/usr/bin/gcc   -w  -std=gnu11 -o CMakeFiles/cmTC_fe97a.dir/HAVE_SYS_UTIME_H.c.o -c /home/smartcam/Desktop/EE_code/multipurposecamera/EE_team/init_resources/cmake-3.18.0/CMakeFiles/CheckIncludeFiles/HAVE_SYS_UTIME_H.c
/home/smartcam/Desktop/EE_code/multipurposecamera/EE_team/init_resources/cmake-3.18.0/CMakeFiles/CheckIncludeFiles/HAVE_SYS_UTIME_H.c:15:10: fatal error: sys/utime.h: No such file or directory
 #include <sys/utime.h>
          ^~~~~~~~~~~~~
compilation terminated.
CMakeFiles/cmTC_fe97a.dir/build.make:84: recipe for target 'CMakeFiles/cmTC_fe97a.dir/HAVE_SYS_UTIME_H.c.o' failed
make[1]: *** [CMakeFiles/cmTC_fe97a.dir/HAVE_SYS_UTIME_H.c.o] Error 1
make[1]: Leaving directory '/home/smartcam/Desktop/EE_code/multipurposecamera/EE_team/init_resources/cmake-3.18.0/CMakeFiles/CMakeTmp'
Makefile:140: recipe for target 'cmTC_fe97a/fast' failed
make: *** [cmTC_fe97a/fast] Error 2


Source:
/* */
#include <stdio.h>
#include <inttypes.h>
#include <sys/ioctl.h>
#include <sys/param.h>
#include <sys/poll.h>
#include <sys/resource.h>
#include <sys/select.h>
#include <sys/socket.h>
#include <sys/stat.h>
#include <sys/time.h>
#include <sys/types.h>
#include <sys/uio.h>
#include <sys/un.h>
#include <sys/utime.h>


int main(void){return 0;}

Determining if files stdio.h;inttypes.h;sys/ioctl.h;sys/param.h;sys/poll.h;sys/resource.h;sys/select.h;sys/socket.h;sys/stat.h;sys/time.h;sys/types.h;sys/uio.h;sys/un.h;sys/xattr.h;alloca.h;arpa/inet.h;arpa/tftp.h;assert.h;crypto.h exist failed with the following output:
Change Dir: /home/smartcam/Desktop/EE_code/multipurposecamera/EE_team/init_resources/cmake-3.18.0/CMakeFiles/CMakeTmp

Run Build Command(s):/usr/bin/make cmTC_f05a3/fast && make  -f CMakeFiles/cmTC_f05a3.dir/build.make CMakeFiles/cmTC_f05a3.dir/build
make[1]: Entering directory '/home/smartcam/Desktop/EE_code/multipurposecamera/EE_team/init_resources/cmake-3.18.0/CMakeFiles/CMakeTmp'
Building C object CMakeFiles/cmTC_f05a3.dir/HAVE_CRYPTO_H.c.o
/usr/bin/gcc   -w  -std=gnu11 -o CMakeFiles/cmTC_f05a3.dir/HAVE_CRYPTO_H.c.o -c /home/smartcam/Desktop/EE_code/multipurposecamera/EE_team/init_resources/cmake-3.18.0/CMakeFiles/CheckIncludeFiles/HAVE_CRYPTO_H.c
/home/smartcam/Desktop/EE_code/multipurposecamera/EE_team/init_resources/cmake-3.18.0/CMakeFiles/CheckIncludeFiles/HAVE_CRYPTO_H.c:20:10: fatal error: crypto.h: No such file or directory
 #include <crypto.h>
          ^~~~~~~~~~
compilation terminated.
CMakeFiles/cmTC_f05a3.dir/build.make:84: recipe for target 'CMakeFiles/cmTC_f05a3.dir/HAVE_CRYPTO_H.c.o' failed
make[1]: *** [CMakeFiles/cmTC_f05a3.dir/HAVE_CRYPTO_H.c.o] Error 1
make[1]: Leaving directory '/home/smartcam/Desktop/EE_code/multipurposecamera/EE_team/init_resources/cmake-3.18.0/CMakeFiles/CMakeTmp'
Makefile:140: recipe for target 'cmTC_f05a3/fast' failed
make: *** [cmTC_f05a3/fast] Error 2


Source:
/* */
#include <stdio.h>
#include <inttypes.h>
#include <sys/ioctl.h>
#include <sys/param.h>
#include <sys/poll.h>
#include <sys/resource.h>
#include <sys/select.h>
#include <sys/socket.h>
#include <sys/stat.h>
#include <sys/time.h>
#include <sys/types.h>
#include <sys/uio.h>
#include <sys/un.h>
#include <sys/xattr.h>
#include <alloca.h>
#include <arpa/inet.h>
#include <arpa/tftp.h>
#include <assert.h>
#include <crypto.h>


int main(void){return 0;}

Determining if files stdio.h;inttypes.h;sys/ioctl.h;sys/param.h;sys/poll.h;sys/resource.h;sys/select.h;sys/socket.h;sys/stat.h;sys/time.h;sys/types.h;sys/uio.h;sys/un.h;sys/xattr.h;alloca.h;arpa/inet.h;arpa/tftp.h;assert.h;err.h;errno.h;fcntl.h;idn2.h exist failed with the following output:
Change Dir: /home/smartcam/Desktop/EE_code/multipurposecamera/EE_team/init_resources/cmake-3.18.0/CMakeFiles/CMakeTmp

Run Build Command(s):/usr/bin/make cmTC_d50e7/fast && make  -f CMakeFiles/cmTC_d50e7.dir/build.make CMakeFiles/cmTC_d50e7.dir/build
make[1]: Entering directory '/home/smartcam/Desktop/EE_code/multipurposecamera/EE_team/init_resources/cmake-3.18.0/CMakeFiles/CMakeTmp'
Building C object CMakeFiles/cmTC_d50e7.dir/HAVE_IDN2_H.c.o
/usr/bin/gcc   -w  -std=gnu11 -o CMakeFiles/cmTC_d50e7.dir/HAVE_IDN2_H.c.o -c /home/smartcam/Desktop/EE_code/multipurposecamera/EE_team/init_resources/cmake-3.18.0/CMakeFiles/CheckIncludeFiles/HAVE_IDN2_H.c
/home/smartcam/Desktop/EE_code/multipurposecamera/EE_team/init_resources/cmake-3.18.0/CMakeFiles/CheckIncludeFiles/HAVE_IDN2_H.c:23:10: fatal error: idn2.h: No such file or directory
 #include <idn2.h>
          ^~~~~~~~
compilation terminated.
CMakeFiles/cmTC_d50e7.dir/build.make:84: recipe for target 'CMakeFiles/cmTC_d50e7.dir/HAVE_IDN2_H.c.o' failed
make[1]: *** [CMakeFiles/cmTC_d50e7.dir/HAVE_IDN2_H.c.o] Error 1
make[1]: Leaving directory '/home/smartcam/Desktop/EE_code/multipurposecamera/EE_team/init_resources/cmake-3.18.0/CMakeFiles/CMakeTmp'
Makefile:140: recipe for target 'cmTC_d50e7/fast' failed
make: *** [cmTC_d50e7/fast] Error 2


Source:
/* */
#include <stdio.h>
#include <inttypes.h>
#include <sys/ioctl.h>
#include <sys/param.h>
#include <sys/poll.h>
#include <sys/resource.h>
#include <sys/select.h>
#include <sys/socket.h>
#include <sys/stat.h>
#include <sys/time.h>
#include <sys/types.h>
#include <sys/uio.h>
#include <sys/un.h>
#include <sys/xattr.h>
#include <alloca.h>
#include <arpa/inet.h>
#include <arpa/tftp.h>
#include <assert.h>
#include <err.h>
#include <errno.h>
#include <fcntl.h>
#include <idn2.h>


int main(void){return 0;}

Determining if files stdio.h;inttypes.h;sys/ioctl.h;sys/param.h;sys/poll.h;sys/resource.h;sys/select.h;sys/socket.h;sys/stat.h;sys/time.h;sys/types.h;sys/uio.h;sys/un.h;sys/xattr.h;alloca.h;arpa/inet.h;arpa/tftp.h;assert.h;err.h;errno.h;fcntl.h;ifaddrs.h;io.h exist failed with the following output:
Change Dir: /home/smartcam/Desktop/EE_code/multipurposecamera/EE_team/init_resources/cmake-3.18.0/CMakeFiles/CMakeTmp

Run Build Command(s):/usr/bin/make cmTC_33be0/fast && make  -f CMakeFiles/cmTC_33be0.dir/build.make CMakeFiles/cmTC_33be0.dir/build
make[1]: Entering directory '/home/smartcam/Desktop/EE_code/multipurposecamera/EE_team/init_resources/cmake-3.18.0/CMakeFiles/CMakeTmp'
Building C object CMakeFiles/cmTC_33be0.dir/HAVE_IO_H.c.o
/usr/bin/gcc   -w  -std=gnu11 -o CMakeFiles/cmTC_33be0.dir/HAVE_IO_H.c.o -c /home/smartcam/Desktop/EE_code/multipurposecamera/EE_team/init_resources/cmake-3.18.0/CMakeFiles/CheckIncludeFiles/HAVE_IO_H.c
/home/smartcam/Desktop/EE_code/multipurposecamera/EE_team/init_resources/cmake-3.18.0/CMakeFiles/CheckIncludeFiles/HAVE_IO_H.c:24:10: fatal error: io.h: No such file or directory
 #include <io.h>
          ^~~~~~
compilation terminated.
CMakeFiles/cmTC_33be0.dir/build.make:84: recipe for target 'CMakeFiles/cmTC_33be0.dir/HAVE_IO_H.c.o' failed
make[1]: *** [CMakeFiles/cmTC_33be0.dir/HAVE_IO_H.c.o] Error 1
make[1]: Leaving directory '/home/smartcam/Desktop/EE_code/multipurposecamera/EE_team/init_resources/cmake-3.18.0/CMakeFiles/CMakeTmp'
Makefile:140: recipe for target 'cmTC_33be0/fast' failed
make: *** [cmTC_33be0/fast] Error 2


Source:
/* */
#include <stdio.h>
#include <inttypes.h>
#include <sys/ioctl.h>
#include <sys/param.h>
#include <sys/poll.h>
#include <sys/resource.h>
#include <sys/select.h>
#include <sys/socket.h>
#include <sys/stat.h>
#include <sys/time.h>
#include <sys/types.h>
#include <sys/uio.h>
#include <sys/un.h>
#include <sys/xattr.h>
#include <alloca.h>
#include <arpa/inet.h>
#include <arpa/tftp.h>
#include <assert.h>
#include <err.h>
#include <errno.h>
#include <fcntl.h>
#include <ifaddrs.h>
#include <io.h>


int main(void){return 0;}

Determining if files stdio.h;inttypes.h;sys/ioctl.h;sys/param.h;sys/poll.h;sys/resource.h;sys/select.h;sys/socket.h;sys/stat.h;sys/time.h;sys/types.h;sys/uio.h;sys/un.h;sys/xattr.h;alloca.h;arpa/inet.h;arpa/tftp.h;assert.h;err.h;errno.h;fcntl.h;ifaddrs.h;krb.h exist failed with the following output:
Change Dir: /home/smartcam/Desktop/EE_code/multipurposecamera/EE_team/init_resources/cmake-3.18.0/CMakeFiles/CMakeTmp

Run Build Command(s):/usr/bin/make cmTC_de10b/fast && make  -f CMakeFiles/cmTC_de10b.dir/build.make CMakeFiles/cmTC_de10b.dir/build
make[1]: Entering directory '/home/smartcam/Desktop/EE_code/multipurposecamera/EE_team/init_resources/cmake-3.18.0/CMakeFiles/CMakeTmp'
Building C object CMakeFiles/cmTC_de10b.dir/HAVE_KRB_H.c.o
/usr/bin/gcc   -w  -std=gnu11 -o CMakeFiles/cmTC_de10b.dir/HAVE_KRB_H.c.o -c /home/smartcam/Desktop/EE_code/multipurposecamera/EE_team/init_resources/cmake-3.18.0/CMakeFiles/CheckIncludeFiles/HAVE_KRB_H.c
/home/smartcam/Desktop/EE_code/multipurposecamera/EE_team/init_resources/cmake-3.18.0/CMakeFiles/CheckIncludeFiles/HAVE_KRB_H.c:24:10: fatal error: krb.h: No such file or directory
 #include <krb.h>
          ^~~~~~~
compilation terminated.
CMakeFiles/cmTC_de10b.dir/build.make:84: recipe for target 'CMakeFiles/cmTC_de10b.dir/HAVE_KRB_H.c.o' failed
make[1]: *** [CMakeFiles/cmTC_de10b.dir/HAVE_KRB_H.c.o] Error 1
make[1]: Leaving directory '/home/smartcam/Desktop/EE_code/multipurposecamera/EE_team/init_resources/cmake-3.18.0/CMakeFiles/CMakeTmp'
Makefile:140: recipe for target 'cmTC_de10b/fast' failed
make: *** [cmTC_de10b/fast] Error 2


Source:
/* */
#include <stdio.h>
#include <inttypes.h>
#include <sys/ioctl.h>
#include <sys/param.h>
#include <sys/poll.h>
#include <sys/resource.h>
#include <sys/select.h>
#include <sys/socket.h>
#include <sys/stat.h>
#include <sys/time.h>
#include <sys/types.h>
#include <sys/uio.h>
#include <sys/un.h>
#include <sys/xattr.h>
#include <alloca.h>
#include <arpa/inet.h>
#include <arpa/tftp.h>
#include <assert.h>
#include <err.h>
#include <errno.h>
#include <fcntl.h>
#include <ifaddrs.h>
#include <krb.h>


int main(void){return 0;}

Determining if files stdio.h;inttypes.h;sys/ioctl.h;sys/param.h;sys/poll.h;sys/resource.h;sys/select.h;sys/socket.h;sys/stat.h;sys/time.h;sys/types.h;sys/uio.h;sys/un.h;sys/xattr.h;alloca.h;arpa/inet.h;arpa/tftp.h;assert.h;err.h;errno.h;fcntl.h;ifaddrs.h;libgen.h;locale.h;net/if.h;netdb.h;netinet/in.h;netinet/tcp.h;pem.h exist failed with the following output:
Change Dir: /home/smartcam/Desktop/EE_code/multipurposecamera/EE_team/init_resources/cmake-3.18.0/CMakeFiles/CMakeTmp

Run Build Command(s):/usr/bin/make cmTC_162d5/fast && make  -f CMakeFiles/cmTC_162d5.dir/build.make CMakeFiles/cmTC_162d5.dir/build
make[1]: Entering directory '/home/smartcam/Desktop/EE_code/multipurposecamera/EE_team/init_resources/cmake-3.18.0/CMakeFiles/CMakeTmp'
Building C object CMakeFiles/cmTC_162d5.dir/HAVE_PEM_H.c.o
/usr/bin/gcc   -w  -std=gnu11 -o CMakeFiles/cmTC_162d5.dir/HAVE_PEM_H.c.o -c /home/smartcam/Desktop/EE_code/multipurposecamera/EE_team/init_resources/cmake-3.18.0/CMakeFiles/CheckIncludeFiles/HAVE_PEM_H.c
/home/smartcam/Desktop/EE_code/multipurposecamera/EE_team/init_resources/cmake-3.18.0/CMakeFiles/CheckIncludeFiles/HAVE_PEM_H.c:30:10: fatal error: pem.h: No such file or directory
 #include <pem.h>
          ^~~~~~~
compilation terminated.
CMakeFiles/cmTC_162d5.dir/build.make:84: recipe for target 'CMakeFiles/cmTC_162d5.dir/HAVE_PEM_H.c.o' failed
make[1]: *** [CMakeFiles/cmTC_162d5.dir/HAVE_PEM_H.c.o] Error 1
make[1]: Leaving directory '/home/smartcam/Desktop/EE_code/multipurposecamera/EE_team/init_resources/cmake-3.18.0/CMakeFiles/CMakeTmp'
Makefile:140: recipe for target 'cmTC_162d5/fast' failed
make: *** [cmTC_162d5/fast] Error 2


Source:
/* */
#include <stdio.h>
#include <inttypes.h>
#include <sys/ioctl.h>
#include <sys/param.h>
#include <sys/poll.h>
#include <sys/resource.h>
#include <sys/select.h>
#include <sys/socket.h>
#include <sys/stat.h>
#include <sys/time.h>
#include <sys/types.h>
#include <sys/uio.h>
#include <sys/un.h>
#include <sys/xattr.h>
#include <alloca.h>
#include <arpa/inet.h>
#include <arpa/tftp.h>
#include <assert.h>
#include <err.h>
#include <errno.h>
#include <fcntl.h>
#include <ifaddrs.h>
#include <libgen.h>
#include <locale.h>
#include <net/if.h>
#include <netdb.h>
#include <netinet/in.h>
#include <netinet/tcp.h>
#include <pem.h>


int main(void){return 0;}

Determining if files stdio.h;inttypes.h;sys/ioctl.h;sys/param.h;sys/poll.h;sys/resource.h;sys/select.h;sys/socket.h;sys/stat.h;sys/time.h;sys/types.h;sys/uio.h;sys/un.h;sys/xattr.h;alloca.h;arpa/inet.h;arpa/tftp.h;assert.h;err.h;errno.h;fcntl.h;ifaddrs.h;libgen.h;locale.h;net/if.h;netdb.h;netinet/in.h;netinet/tcp.h;poll.h;pwd.h;rsa.h exist failed with the following output:
Change Dir: /home/smartcam/Desktop/EE_code/multipurposecamera/EE_team/init_resources/cmake-3.18.0/CMakeFiles/CMakeTmp

Run Build Command(s):/usr/bin/make cmTC_c13d7/fast && make  -f CMakeFiles/cmTC_c13d7.dir/build.make CMakeFiles/cmTC_c13d7.dir/build
make[1]: Entering directory '/home/smartcam/Desktop/EE_code/multipurposecamera/EE_team/init_resources/cmake-3.18.0/CMakeFiles/CMakeTmp'
Building C object CMakeFiles/cmTC_c13d7.dir/HAVE_RSA_H.c.o
/usr/bin/gcc   -w  -std=gnu11 -o CMakeFiles/cmTC_c13d7.dir/HAVE_RSA_H.c.o -c /home/smartcam/Desktop/EE_code/multipurposecamera/EE_team/init_resources/cmake-3.18.0/CMakeFiles/CheckIncludeFiles/HAVE_RSA_H.c
/home/smartcam/Desktop/EE_code/multipurposecamera/EE_team/init_resources/cmake-3.18.0/CMakeFiles/CheckIncludeFiles/HAVE_RSA_H.c:32:10: fatal error: rsa.h: No such file or directory
 #include <rsa.h>
          ^~~~~~~
compilation terminated.
CMakeFiles/cmTC_c13d7.dir/build.make:84: recipe for target 'CMakeFiles/cmTC_c13d7.dir/HAVE_RSA_H.c.o' failed
make[1]: *** [CMakeFiles/cmTC_c13d7.dir/HAVE_RSA_H.c.o] Error 1
make[1]: Leaving directory '/home/smartcam/Desktop/EE_code/multipurposecamera/EE_team/init_resources/cmake-3.18.0/CMakeFiles/CMakeTmp'
Makefile:140: recipe for target 'cmTC_c13d7/fast' failed
make: *** [cmTC_c13d7/fast] Error 2


Source:
/* */
#include <stdio.h>
#include <inttypes.h>
#include <sys/ioctl.h>
#include <sys/param.h>
#include <sys/poll.h>
#include <sys/resource.h>
#include <sys/select.h>
#include <sys/socket.h>
#include <sys/stat.h>
#include <sys/time.h>
#include <sys/types.h>
#include <sys/uio.h>
#include <sys/un.h>
#include <sys/xattr.h>
#include <alloca.h>
#include <arpa/inet.h>
#include <arpa/tftp.h>
#include <assert.h>
#include <err.h>
#include <errno.h>
#include <fcntl.h>
#include <ifaddrs.h>
#include <libgen.h>
#include <locale.h>
#include <net/if.h>
#include <netdb.h>
#include <netinet/in.h>
#include <netinet/tcp.h>
#include <poll.h>
#include <pwd.h>
#include <rsa.h>


int main(void){return 0;}

Determining if files stdio.h;inttypes.h;sys/ioctl.h;sys/param.h;sys/poll.h;sys/resource.h;sys/select.h;sys/socket.h;sys/stat.h;sys/time.h;sys/types.h;sys/uio.h;sys/un.h;sys/xattr.h;alloca.h;arpa/inet.h;arpa/tftp.h;assert.h;err.h;errno.h;fcntl.h;ifaddrs.h;libgen.h;locale.h;net/if.h;netdb.h;netinet/in.h;netinet/tcp.h;poll.h;pwd.h;setjmp.h;sgtty.h;signal.h;ssl.h exist failed with the following output:
Change Dir: /home/smartcam/Desktop/EE_code/multipurposecamera/EE_team/init_resources/cmake-3.18.0/CMakeFiles/CMakeTmp

Run Build Command(s):/usr/bin/make cmTC_de1db/fast && make  -f CMakeFiles/cmTC_de1db.dir/build.make CMakeFiles/cmTC_de1db.dir/build
make[1]: Entering directory '/home/smartcam/Desktop/EE_code/multipurposecamera/EE_team/init_resources/cmake-3.18.0/CMakeFiles/CMakeTmp'
Building C object CMakeFiles/cmTC_de1db.dir/HAVE_SSL_H.c.o
/usr/bin/gcc   -w  -std=gnu11 -o CMakeFiles/cmTC_de1db.dir/HAVE_SSL_H.c.o -c /home/smartcam/Desktop/EE_code/multipurposecamera/EE_team/init_resources/cmake-3.18.0/CMakeFiles/CheckIncludeFiles/HAVE_SSL_H.c
/home/smartcam/Desktop/EE_code/multipurposecamera/EE_team/init_resources/cmake-3.18.0/CMakeFiles/CheckIncludeFiles/HAVE_SSL_H.c:35:10: fatal error: ssl.h: No such file or directory
 #include <ssl.h>
          ^~~~~~~
compilation terminated.
CMakeFiles/cmTC_de1db.dir/build.make:84: recipe for target 'CMakeFiles/cmTC_de1db.dir/HAVE_SSL_H.c.o' failed
make[1]: *** [CMakeFiles/cmTC_de1db.dir/HAVE_SSL_H.c.o] Error 1
make[1]: Leaving directory '/home/smartcam/Desktop/EE_code/multipurposecamera/EE_team/init_resources/cmake-3.18.0/CMakeFiles/CMakeTmp'
Makefile:140: recipe for target 'cmTC_de1db/fast' failed
make: *** [cmTC_de1db/fast] Error 2


Source:
/* */
#include <stdio.h>
#include <inttypes.h>
#include <sys/ioctl.h>
#include <sys/param.h>
#include <sys/poll.h>
#include <sys/resource.h>
#include <sys/select.h>
#include <sys/socket.h>
#include <sys/stat.h>
#include <sys/time.h>
#include <sys/types.h>
#include <sys/uio.h>
#include <sys/un.h>
#include <sys/xattr.h>
#include <alloca.h>
#include <arpa/inet.h>
#include <arpa/tftp.h>
#include <assert.h>
#include <err.h>
#include <errno.h>
#include <fcntl.h>
#include <ifaddrs.h>
#include <libgen.h>
#include <locale.h>
#include <net/if.h>
#include <netdb.h>
#include <netinet/in.h>
#include <netinet/tcp.h>
#include <poll.h>
#include <pwd.h>
#include <setjmp.h>
#include <sgtty.h>
#include <signal.h>
#include <ssl.h>


int main(void){return 0;}

Determining if files stdio.h;inttypes.h;sys/ioctl.h;sys/param.h;sys/poll.h;sys/resource.h;sys/select.h;sys/socket.h;sys/stat.h;sys/time.h;sys/types.h;sys/uio.h;sys/un.h;sys/xattr.h;alloca.h;arpa/inet.h;arpa/tftp.h;assert.h;err.h;errno.h;fcntl.h;ifaddrs.h;libgen.h;locale.h;net/if.h;netdb.h;netinet/in.h;netinet/tcp.h;poll.h;pwd.h;setjmp.h;sgtty.h;signal.h;stdbool.h;stdint.h;stdio.h;stdlib.h;string.h;strings.h;stropts.h;termio.h;termios.h;time.h;unistd.h;utime.h;x509.h exist failed with the following output:
Change Dir: /home/smartcam/Desktop/EE_code/multipurposecamera/EE_team/init_resources/cmake-3.18.0/CMakeFiles/CMakeTmp

Run Build Command(s):/usr/bin/make cmTC_d9649/fast && make  -f CMakeFiles/cmTC_d9649.dir/build.make CMakeFiles/cmTC_d9649.dir/build
make[1]: Entering directory '/home/smartcam/Desktop/EE_code/multipurposecamera/EE_team/init_resources/cmake-3.18.0/CMakeFiles/CMakeTmp'
Building C object CMakeFiles/cmTC_d9649.dir/HAVE_X509_H.c.o
/usr/bin/gcc   -w  -std=gnu11 -o CMakeFiles/cmTC_d9649.dir/HAVE_X509_H.c.o -c /home/smartcam/Desktop/EE_code/multipurposecamera/EE_team/init_resources/cmake-3.18.0/CMakeFiles/CheckIncludeFiles/HAVE_X509_H.c
/home/smartcam/Desktop/EE_code/multipurposecamera/EE_team/init_resources/cmake-3.18.0/CMakeFiles/CheckIncludeFiles/HAVE_X509_H.c:47:10: fatal error: x509.h: No such file or directory
 #include <x509.h>
          ^~~~~~~~
compilation terminated.
CMakeFiles/cmTC_d9649.dir/build.make:84: recipe for target 'CMakeFiles/cmTC_d9649.dir/HAVE_X509_H.c.o' failed
make[1]: *** [CMakeFiles/cmTC_d9649.dir/HAVE_X509_H.c.o] Error 1
make[1]: Leaving directory '/home/smartcam/Desktop/EE_code/multipurposecamera/EE_team/init_resources/cmake-3.18.0/CMakeFiles/CMakeTmp'
Makefile:140: recipe for target 'cmTC_d9649/fast' failed
make: *** [cmTC_d9649/fast] Error 2


Source:
/* */
#include <stdio.h>
#include <inttypes.h>
#include <sys/ioctl.h>
#include <sys/param.h>
#include <sys/poll.h>
#include <sys/resource.h>
#include <sys/select.h>
#include <sys/socket.h>
#include <sys/stat.h>
#include <sys/time.h>
#include <sys/types.h>
#include <sys/uio.h>
#include <sys/un.h>
#include <sys/xattr.h>
#include <alloca.h>
#include <arpa/inet.h>
#include <arpa/tftp.h>
#include <assert.h>
#include <err.h>
#include <errno.h>
#include <fcntl.h>
#include <ifaddrs.h>
#include <libgen.h>
#include <locale.h>
#include <net/if.h>
#include <netdb.h>
#include <netinet/in.h>
#include <netinet/tcp.h>
#include <poll.h>
#include <pwd.h>
#include <setjmp.h>
#include <sgtty.h>
#include <signal.h>
#include <stdbool.h>
#include <stdint.h>
#include <stdio.h>
#include <stdlib.h>
#include <string.h>
#include <strings.h>
#include <stropts.h>
#include <termio.h>
#include <termios.h>
#include <time.h>
#include <unistd.h>
#include <utime.h>
#include <x509.h>


int main(void){return 0;}

Determining if files stdio.h;inttypes.h;sys/ioctl.h;sys/param.h;sys/poll.h;sys/resource.h;sys/select.h;sys/socket.h;sys/stat.h;sys/time.h;sys/types.h;sys/uio.h;sys/un.h;sys/xattr.h;alloca.h;arpa/inet.h;arpa/tftp.h;assert.h;err.h;errno.h;fcntl.h;ifaddrs.h;libgen.h;locale.h;net/if.h;netdb.h;netinet/in.h;netinet/tcp.h;poll.h;pwd.h;setjmp.h;sgtty.h;signal.h;stdbool.h;stdint.h;stdio.h;stdlib.h;string.h;strings.h;stropts.h;termio.h;termios.h;time.h;unistd.h;utime.h;process.h exist failed with the following output:
Change Dir: /home/smartcam/Desktop/EE_code/multipurposecamera/EE_team/init_resources/cmake-3.18.0/CMakeFiles/CMakeTmp

Run Build Command(s):/usr/bin/make cmTC_2286d/fast && make  -f CMakeFiles/cmTC_2286d.dir/build.make CMakeFiles/cmTC_2286d.dir/build
make[1]: Entering directory '/home/smartcam/Desktop/EE_code/multipurposecamera/EE_team/init_resources/cmake-3.18.0/CMakeFiles/CMakeTmp'
Building C object CMakeFiles/cmTC_2286d.dir/HAVE_PROCESS_H.c.o
/usr/bin/gcc   -w  -std=gnu11 -o CMakeFiles/cmTC_2286d.dir/HAVE_PROCESS_H.c.o -c /home/smartcam/Desktop/EE_code/multipurposecamera/EE_team/init_resources/cmake-3.18.0/CMakeFiles/CheckIncludeFiles/HAVE_PROCESS_H.c
/home/smartcam/Desktop/EE_code/multipurposecamera/EE_team/init_resources/cmake-3.18.0/CMakeFiles/CheckIncludeFiles/HAVE_PROCESS_H.c:47:10: fatal error: process.h: No such file or directory
 #include <process.h>
          ^~~~~~~~~~~
compilation terminated.
CMakeFiles/cmTC_2286d.dir/build.make:84: recipe for target 'CMakeFiles/cmTC_2286d.dir/HAVE_PROCESS_H.c.o' failed
make[1]: *** [CMakeFiles/cmTC_2286d.dir/HAVE_PROCESS_H.c.o] Error 1
make[1]: Leaving directory '/home/smartcam/Desktop/EE_code/multipurposecamera/EE_team/init_resources/cmake-3.18.0/CMakeFiles/CMakeTmp'
Makefile:140: recipe for target 'cmTC_2286d/fast' failed
make: *** [cmTC_2286d/fast] Error 2


Source:
/* */
#include <stdio.h>
#include <inttypes.h>
#include <sys/ioctl.h>
#include <sys/param.h>
#include <sys/poll.h>
#include <sys/resource.h>
#include <sys/select.h>
#include <sys/socket.h>
#include <sys/stat.h>
#include <sys/time.h>
#include <sys/types.h>
#include <sys/uio.h>
#include <sys/un.h>
#include <sys/xattr.h>
#include <alloca.h>
#include <arpa/inet.h>
#include <arpa/tftp.h>
#include <assert.h>
#include <err.h>
#include <errno.h>
#include <fcntl.h>
#include <ifaddrs.h>
#include <libgen.h>
#include <locale.h>
#include <net/if.h>
#include <netdb.h>
#include <netinet/in.h>
#include <netinet/tcp.h>
#include <poll.h>
#include <pwd.h>
#include <setjmp.h>
#include <sgtty.h>
#include <signal.h>
#include <stdbool.h>
#include <stdint.h>
#include <stdio.h>
#include <stdlib.h>
#include <string.h>
#include <strings.h>
#include <stropts.h>
#include <termio.h>
#include <termios.h>
#include <time.h>
#include <unistd.h>
#include <utime.h>
#include <process.h>


int main(void){return 0;}

Determining if files stdio.h;inttypes.h;sys/ioctl.h;sys/param.h;sys/poll.h;sys/resource.h;sys/select.h;sys/socket.h;sys/stat.h;sys/time.h;sys/types.h;sys/uio.h;sys/un.h;sys/xattr.h;alloca.h;arpa/inet.h;arpa/tftp.h;assert.h;err.h;errno.h;fcntl.h;ifaddrs.h;libgen.h;locale.h;net/if.h;netdb.h;netinet/in.h;netinet/tcp.h;poll.h;pwd.h;setjmp.h;sgtty.h;signal.h;stdbool.h;stdint.h;stdio.h;stdlib.h;string.h;strings.h;stropts.h;termio.h;termios.h;time.h;unistd.h;utime.h;stddef.h;dlfcn.h;malloc.h;memory.h;netinet/if_ether.h;stdint.h;sockio.h exist failed with the following output:
Change Dir: /home/smartcam/Desktop/EE_code/multipurposecamera/EE_team/init_resources/cmake-3.18.0/CMakeFiles/CMakeTmp

Run Build Command(s):/usr/bin/make cmTC_befef/fast && make  -f CMakeFiles/cmTC_befef.dir/build.make CMakeFiles/cmTC_befef.dir/build
make[1]: Entering directory '/home/smartcam/Desktop/EE_code/multipurposecamera/EE_team/init_resources/cmake-3.18.0/CMakeFiles/CMakeTmp'
Building C object CMakeFiles/cmTC_befef.dir/HAVE_SOCKIO_H.c.o
/usr/bin/gcc   -w  -std=gnu11 -o CMakeFiles/cmTC_befef.dir/HAVE_SOCKIO_H.c.o -c /home/smartcam/Desktop/EE_code/multipurposecamera/EE_team/init_resources/cmake-3.18.0/CMakeFiles/CheckIncludeFiles/HAVE_SOCKIO_H.c
/home/smartcam/Desktop/EE_code/multipurposecamera/EE_team/init_resources/cmake-3.18.0/CMakeFiles/CheckIncludeFiles/HAVE_SOCKIO_H.c:53:10: fatal error: sockio.h: No such file or directory
 #include <sockio.h>
          ^~~~~~~~~~
compilation terminated.
CMakeFiles/cmTC_befef.dir/build.make:84: recipe for target 'CMakeFiles/cmTC_befef.dir/HAVE_SOCKIO_H.c.o' failed
make[1]: *** [CMakeFiles/cmTC_befef.dir/HAVE_SOCKIO_H.c.o] Error 1
make[1]: Leaving directory '/home/smartcam/Desktop/EE_code/multipurposecamera/EE_team/init_resources/cmake-3.18.0/CMakeFiles/CMakeTmp'
Makefile:140: recipe for target 'cmTC_befef/fast' failed
make: *** [cmTC_befef/fast] Error 2


Source:
/* */
#include <stdio.h>
#include <inttypes.h>
#include <sys/ioctl.h>
#include <sys/param.h>
#include <sys/poll.h>
#include <sys/resource.h>
#include <sys/select.h>
#include <sys/socket.h>
#include <sys/stat.h>
#include <sys/time.h>
#include <sys/types.h>
#include <sys/uio.h>
#include <sys/un.h>
#include <sys/xattr.h>
#include <alloca.h>
#include <arpa/inet.h>
#include <arpa/tftp.h>
#include <assert.h>
#include <err.h>
#include <errno.h>
#include <fcntl.h>
#include <ifaddrs.h>
#include <libgen.h>
#include <locale.h>
#include <net/if.h>
#include <netdb.h>
#include <netinet/in.h>
#include <netinet/tcp.h>
#include <poll.h>
#include <pwd.h>
#include <setjmp.h>
#include <sgtty.h>
#include <signal.h>
#include <stdbool.h>
#include <stdint.h>
#include <stdio.h>
#include <stdlib.h>
#include <string.h>
#include <strings.h>
#include <stropts.h>
#include <termio.h>
#include <termios.h>
#include <time.h>
#include <unistd.h>
#include <utime.h>
#include <stddef.h>
#include <dlfcn.h>
#include <malloc.h>
#include <memory.h>
#include <netinet/if_ether.h>
#include <stdint.h>
#include <sockio.h>


int main(void){return 0;}

Determining if the stricmp exist failed with the following output:
Change Dir: /home/smartcam/Desktop/EE_code/multipurposecamera/EE_team/init_resources/cmake-3.18.0/CMakeFiles/CMakeTmp

Run Build Command(s):/usr/bin/make cmTC_5679d/fast && make  -f CMakeFiles/cmTC_5679d.dir/build.make CMakeFiles/cmTC_5679d.dir/build
make[1]: Entering directory '/home/smartcam/Desktop/EE_code/multipurposecamera/EE_team/init_resources/cmake-3.18.0/CMakeFiles/CMakeTmp'
Building C object CMakeFiles/cmTC_5679d.dir/CheckSymbolExists.c.o
/usr/bin/gcc   -w  -std=gnu11 -o CMakeFiles/cmTC_5679d.dir/CheckSymbolExists.c.o -c /home/smartcam/Desktop/EE_code/multipurposecamera/EE_team/init_resources/cmake-3.18.0/CMakeFiles/CMakeTmp/CheckSymbolExists.c
/home/smartcam/Desktop/EE_code/multipurposecamera/EE_team/init_resources/cmake-3.18.0/CMakeFiles/CMakeTmp/CheckSymbolExists.c: In function ‘main’:
/home/smartcam/Desktop/EE_code/multipurposecamera/EE_team/init_resources/cmake-3.18.0/CMakeFiles/CMakeTmp/CheckSymbolExists.c:59:19: error: ‘stricmp’ undeclared (first use in this function); did you mean ‘strncmp’?
   return ((int*)(&stricmp))[argc];
                   ^~~~~~~
                   strncmp
/home/smartcam/Desktop/EE_code/multipurposecamera/EE_team/init_resources/cmake-3.18.0/CMakeFiles/CMakeTmp/CheckSymbolExists.c:59:19: note: each undeclared identifier is reported only once for each function it appears in
CMakeFiles/cmTC_5679d.dir/build.make:84: recipe for target 'CMakeFiles/cmTC_5679d.dir/CheckSymbolExists.c.o' failed
make[1]: *** [CMakeFiles/cmTC_5679d.dir/CheckSymbolExists.c.o] Error 1
make[1]: Leaving directory '/home/smartcam/Desktop/EE_code/multipurposecamera/EE_team/init_resources/cmake-3.18.0/CMakeFiles/CMakeTmp'
Makefile:140: recipe for target 'cmTC_5679d/fast' failed
make: *** [cmTC_5679d/fast] Error 2


File /home/smartcam/Desktop/EE_code/multipurposecamera/EE_team/init_resources/cmake-3.18.0/CMakeFiles/CMakeTmp/CheckSymbolExists.c:
/* */
#include <stdio.h>
#include <inttypes.h>
#include <sys/ioctl.h>
#include <sys/param.h>
#include <sys/poll.h>
#include <sys/resource.h>
#include <sys/select.h>
#include <sys/socket.h>
#include <sys/stat.h>
#include <sys/time.h>
#include <sys/types.h>
#include <sys/uio.h>
#include <sys/un.h>
#include <sys/xattr.h>
#include <alloca.h>
#include <arpa/inet.h>
#include <arpa/tftp.h>
#include <assert.h>
#include <err.h>
#include <errno.h>
#include <fcntl.h>
#include <ifaddrs.h>
#include <libgen.h>
#include <locale.h>
#include <net/if.h>
#include <netdb.h>
#include <netinet/in.h>
#include <netinet/tcp.h>
#include <poll.h>
#include <pwd.h>
#include <setjmp.h>
#include <sgtty.h>
#include <signal.h>
#include <stdbool.h>
#include <stdint.h>
#include <stdio.h>
#include <stdlib.h>
#include <string.h>
#include <strings.h>
#include <stropts.h>
#include <termio.h>
#include <termios.h>
#include <time.h>
#include <unistd.h>
#include <utime.h>
#include <stddef.h>
#include <dlfcn.h>
#include <malloc.h>
#include <memory.h>
#include <netinet/if_ether.h>
#include <stdint.h>
#include <sys/utsname.h>

int main(int argc, char** argv)
{
  (void)argv;
#ifndef stricmp
  return ((int*)(&stricmp))[argc];
#else
  (void)argc;
  return 0;
#endif
}
Determining if the strcmpi exist failed with the following output:
Change Dir: /home/smartcam/Desktop/EE_code/multipurposecamera/EE_team/init_resources/cmake-3.18.0/CMakeFiles/CMakeTmp

Run Build Command(s):/usr/bin/make cmTC_ad800/fast && make  -f CMakeFiles/cmTC_ad800.dir/build.make CMakeFiles/cmTC_ad800.dir/build
make[1]: Entering directory '/home/smartcam/Desktop/EE_code/multipurposecamera/EE_team/init_resources/cmake-3.18.0/CMakeFiles/CMakeTmp'
Building C object CMakeFiles/cmTC_ad800.dir/CheckSymbolExists.c.o
/usr/bin/gcc   -w  -std=gnu11 -o CMakeFiles/cmTC_ad800.dir/CheckSymbolExists.c.o -c /home/smartcam/Desktop/EE_code/multipurposecamera/EE_team/init_resources/cmake-3.18.0/CMakeFiles/CMakeTmp/CheckSymbolExists.c
/home/smartcam/Desktop/EE_code/multipurposecamera/EE_team/init_resources/cmake-3.18.0/CMakeFiles/CMakeTmp/CheckSymbolExists.c: In function ‘main’:
/home/smartcam/Desktop/EE_code/multipurposecamera/EE_team/init_resources/cmake-3.18.0/CMakeFiles/CMakeTmp/CheckSymbolExists.c:59:19: error: ‘strcmpi’ undeclared (first use in this function); did you mean ‘strcmp’?
   return ((int*)(&strcmpi))[argc];
                   ^~~~~~~
                   strcmp
/home/smartcam/Desktop/EE_code/multipurposecamera/EE_team/init_resources/cmake-3.18.0/CMakeFiles/CMakeTmp/CheckSymbolExists.c:59:19: note: each undeclared identifier is reported only once for each function it appears in
CMakeFiles/cmTC_ad800.dir/build.make:84: recipe for target 'CMakeFiles/cmTC_ad800.dir/CheckSymbolExists.c.o' failed
make[1]: *** [CMakeFiles/cmTC_ad800.dir/CheckSymbolExists.c.o] Error 1
make[1]: Leaving directory '/home/smartcam/Desktop/EE_code/multipurposecamera/EE_team/init_resources/cmake-3.18.0/CMakeFiles/CMakeTmp'
Makefile:140: recipe for target 'cmTC_ad800/fast' failed
make: *** [cmTC_ad800/fast] Error 2


File /home/smartcam/Desktop/EE_code/multipurposecamera/EE_team/init_resources/cmake-3.18.0/CMakeFiles/CMakeTmp/CheckSymbolExists.c:
/* */
#include <stdio.h>
#include <inttypes.h>
#include <sys/ioctl.h>
#include <sys/param.h>
#include <sys/poll.h>
#include <sys/resource.h>
#include <sys/select.h>
#include <sys/socket.h>
#include <sys/stat.h>
#include <sys/time.h>
#include <sys/types.h>
#include <sys/uio.h>
#include <sys/un.h>
#include <sys/xattr.h>
#include <alloca.h>
#include <arpa/inet.h>
#include <arpa/tftp.h>
#include <assert.h>
#include <err.h>
#include <errno.h>
#include <fcntl.h>
#include <ifaddrs.h>
#include <libgen.h>
#include <locale.h>
#include <net/if.h>
#include <netdb.h>
#include <netinet/in.h>
#include <netinet/tcp.h>
#include <poll.h>
#include <pwd.h>
#include <setjmp.h>
#include <sgtty.h>
#include <signal.h>
#include <stdbool.h>
#include <stdint.h>
#include <stdio.h>
#include <stdlib.h>
#include <string.h>
#include <strings.h>
#include <stropts.h>
#include <termio.h>
#include <termios.h>
#include <time.h>
#include <unistd.h>
#include <utime.h>
#include <stddef.h>
#include <dlfcn.h>
#include <malloc.h>
#include <memory.h>
#include <netinet/if_ether.h>
#include <stdint.h>
#include <sys/utsname.h>

int main(int argc, char** argv)
{
  (void)argv;
#ifndef strcmpi
  return ((int*)(&strcmpi))[argc];
#else
  (void)argc;
  return 0;
#endif
}
Determining if the strncmpi exist failed with the following output:
Change Dir: /home/smartcam/Desktop/EE_code/multipurposecamera/EE_team/init_resources/cmake-3.18.0/CMakeFiles/CMakeTmp

Run Build Command(s):/usr/bin/make cmTC_22b8b/fast && make  -f CMakeFiles/cmTC_22b8b.dir/build.make CMakeFiles/cmTC_22b8b.dir/build
make[1]: Entering directory '/home/smartcam/Desktop/EE_code/multipurposecamera/EE_team/init_resources/cmake-3.18.0/CMakeFiles/CMakeTmp'
Building C object CMakeFiles/cmTC_22b8b.dir/CheckSymbolExists.c.o
/usr/bin/gcc   -w  -std=gnu11 -o CMakeFiles/cmTC_22b8b.dir/CheckSymbolExists.c.o -c /home/smartcam/Desktop/EE_code/multipurposecamera/EE_team/init_resources/cmake-3.18.0/CMakeFiles/CMakeTmp/CheckSymbolExists.c
/home/smartcam/Desktop/EE_code/multipurposecamera/EE_team/init_resources/cmake-3.18.0/CMakeFiles/CMakeTmp/CheckSymbolExists.c: In function ‘main’:
/home/smartcam/Desktop/EE_code/multipurposecamera/EE_team/init_resources/cmake-3.18.0/CMakeFiles/CMakeTmp/CheckSymbolExists.c:59:19: error: ‘strncmpi’ undeclared (first use in this function); did you mean ‘strncmp’?
   return ((int*)(&strncmpi))[argc];
                   ^~~~~~~~
                   strncmp
/home/smartcam/Desktop/EE_code/multipurposecamera/EE_team/init_resources/cmake-3.18.0/CMakeFiles/CMakeTmp/CheckSymbolExists.c:59:19: note: each undeclared identifier is reported only once for each function it appears in
CMakeFiles/cmTC_22b8b.dir/build.make:84: recipe for target 'CMakeFiles/cmTC_22b8b.dir/CheckSymbolExists.c.o' failed
make[1]: *** [CMakeFiles/cmTC_22b8b.dir/CheckSymbolExists.c.o] Error 1
make[1]: Leaving directory '/home/smartcam/Desktop/EE_code/multipurposecamera/EE_team/init_resources/cmake-3.18.0/CMakeFiles/CMakeTmp'
Makefile:140: recipe for target 'cmTC_22b8b/fast' failed
make: *** [cmTC_22b8b/fast] Error 2


File /home/smartcam/Desktop/EE_code/multipurposecamera/EE_team/init_resources/cmake-3.18.0/CMakeFiles/CMakeTmp/CheckSymbolExists.c:
/* */
#include <stdio.h>
#include <inttypes.h>
#include <sys/ioctl.h>
#include <sys/param.h>
#include <sys/poll.h>
#include <sys/resource.h>
#include <sys/select.h>
#include <sys/socket.h>
#include <sys/stat.h>
#include <sys/time.h>
#include <sys/types.h>
#include <sys/uio.h>
#include <sys/un.h>
#include <sys/xattr.h>
#include <alloca.h>
#include <arpa/inet.h>
#include <arpa/tftp.h>
#include <assert.h>
#include <err.h>
#include <errno.h>
#include <fcntl.h>
#include <ifaddrs.h>
#include <libgen.h>
#include <locale.h>
#include <net/if.h>
#include <netdb.h>
#include <netinet/in.h>
#include <netinet/tcp.h>
#include <poll.h>
#include <pwd.h>
#include <setjmp.h>
#include <sgtty.h>
#include <signal.h>
#include <stdbool.h>
#include <stdint.h>
#include <stdio.h>
#include <stdlib.h>
#include <string.h>
#include <strings.h>
#include <stropts.h>
#include <termio.h>
#include <termios.h>
#include <time.h>
#include <unistd.h>
#include <utime.h>
#include <stddef.h>
#include <dlfcn.h>
#include <malloc.h>
#include <memory.h>
#include <netinet/if_ether.h>
#include <stdint.h>
#include <sys/utsname.h>

int main(int argc, char** argv)
{
  (void)argv;
#ifndef strncmpi
  return ((int*)(&strncmpi))[argc];
#else
  (void)argc;
  return 0;
#endif
}
Determining if the inet_ntoa_r exist failed with the following output:
Change Dir: /home/smartcam/Desktop/EE_code/multipurposecamera/EE_team/init_resources/cmake-3.18.0/CMakeFiles/CMakeTmp

Run Build Command(s):/usr/bin/make cmTC_52f90/fast && make  -f CMakeFiles/cmTC_52f90.dir/build.make CMakeFiles/cmTC_52f90.dir/build
make[1]: Entering directory '/home/smartcam/Desktop/EE_code/multipurposecamera/EE_team/init_resources/cmake-3.18.0/CMakeFiles/CMakeTmp'
Building C object CMakeFiles/cmTC_52f90.dir/CheckSymbolExists.c.o
/usr/bin/gcc   -w  -std=gnu11 -o CMakeFiles/cmTC_52f90.dir/CheckSymbolExists.c.o -c /home/smartcam/Desktop/EE_code/multipurposecamera/EE_team/init_resources/cmake-3.18.0/CMakeFiles/CMakeTmp/CheckSymbolExists.c
/home/smartcam/Desktop/EE_code/multipurposecamera/EE_team/init_resources/cmake-3.18.0/CMakeFiles/CMakeTmp/CheckSymbolExists.c: In function ‘main’:
/home/smartcam/Desktop/EE_code/multipurposecamera/EE_team/init_resources/cmake-3.18.0/CMakeFiles/CMakeTmp/CheckSymbolExists.c:59:19: error: ‘inet_ntoa_r’ undeclared (first use in this function); did you mean ‘inet_ntoa’?
   return ((int*)(&inet_ntoa_r))[argc];
                   ^~~~~~~~~~~
                   inet_ntoa
/home/smartcam/Desktop/EE_code/multipurposecamera/EE_team/init_resources/cmake-3.18.0/CMakeFiles/CMakeTmp/CheckSymbolExists.c:59:19: note: each undeclared identifier is reported only once for each function it appears in
CMakeFiles/cmTC_52f90.dir/build.make:84: recipe for target 'CMakeFiles/cmTC_52f90.dir/CheckSymbolExists.c.o' failed
make[1]: *** [CMakeFiles/cmTC_52f90.dir/CheckSymbolExists.c.o] Error 1
make[1]: Leaving directory '/home/smartcam/Desktop/EE_code/multipurposecamera/EE_team/init_resources/cmake-3.18.0/CMakeFiles/CMakeTmp'
Makefile:140: recipe for target 'cmTC_52f90/fast' failed
make: *** [cmTC_52f90/fast] Error 2


File /home/smartcam/Desktop/EE_code/multipurposecamera/EE_team/init_resources/cmake-3.18.0/CMakeFiles/CMakeTmp/CheckSymbolExists.c:
/* */
#include <stdio.h>
#include <inttypes.h>
#include <sys/ioctl.h>
#include <sys/param.h>
#include <sys/poll.h>
#include <sys/resource.h>
#include <sys/select.h>
#include <sys/socket.h>
#include <sys/stat.h>
#include <sys/time.h>
#include <sys/types.h>
#include <sys/uio.h>
#include <sys/un.h>
#include <sys/xattr.h>
#include <alloca.h>
#include <arpa/inet.h>
#include <arpa/tftp.h>
#include <assert.h>
#include <err.h>
#include <errno.h>
#include <fcntl.h>
#include <ifaddrs.h>
#include <libgen.h>
#include <locale.h>
#include <net/if.h>
#include <netdb.h>
#include <netinet/in.h>
#include <netinet/tcp.h>
#include <poll.h>
#include <pwd.h>
#include <setjmp.h>
#include <sgtty.h>
#include <signal.h>
#include <stdbool.h>
#include <stdint.h>
#include <stdio.h>
#include <stdlib.h>
#include <string.h>
#include <strings.h>
#include <stropts.h>
#include <termio.h>
#include <termios.h>
#include <time.h>
#include <unistd.h>
#include <utime.h>
#include <stddef.h>
#include <dlfcn.h>
#include <malloc.h>
#include <memory.h>
#include <netinet/if_ether.h>
#include <stdint.h>
#include <sys/utsname.h>

int main(int argc, char** argv)
{
  (void)argv;
#ifndef inet_ntoa_r
  return ((int*)(&inet_ntoa_r))[argc];
#else
  (void)argc;
  return 0;
#endif
}
Determining if the closesocket exist failed with the following output:
Change Dir: /home/smartcam/Desktop/EE_code/multipurposecamera/EE_team/init_resources/cmake-3.18.0/CMakeFiles/CMakeTmp

Run Build Command(s):/usr/bin/make cmTC_b4af0/fast && make  -f CMakeFiles/cmTC_b4af0.dir/build.make CMakeFiles/cmTC_b4af0.dir/build
make[1]: Entering directory '/home/smartcam/Desktop/EE_code/multipurposecamera/EE_team/init_resources/cmake-3.18.0/CMakeFiles/CMakeTmp'
Building C object CMakeFiles/cmTC_b4af0.dir/CheckSymbolExists.c.o
/usr/bin/gcc   -w  -std=gnu11 -o CMakeFiles/cmTC_b4af0.dir/CheckSymbolExists.c.o -c /home/smartcam/Desktop/EE_code/multipurposecamera/EE_team/init_resources/cmake-3.18.0/CMakeFiles/CMakeTmp/CheckSymbolExists.c
/home/smartcam/Desktop/EE_code/multipurposecamera/EE_team/init_resources/cmake-3.18.0/CMakeFiles/CMakeTmp/CheckSymbolExists.c: In function ‘main’:
/home/smartcam/Desktop/EE_code/multipurposecamera/EE_team/init_resources/cmake-3.18.0/CMakeFiles/CMakeTmp/CheckSymbolExists.c:59:19: error: ‘closesocket’ undeclared (first use in this function); did you mean ‘socket’?
   return ((int*)(&closesocket))[argc];
                   ^~~~~~~~~~~
                   socket
/home/smartcam/Desktop/EE_code/multipurposecamera/EE_team/init_resources/cmake-3.18.0/CMakeFiles/CMakeTmp/CheckSymbolExists.c:59:19: note: each undeclared identifier is reported only once for each function it appears in
CMakeFiles/cmTC_b4af0.dir/build.make:84: recipe for target 'CMakeFiles/cmTC_b4af0.dir/CheckSymbolExists.c.o' failed
make[1]: *** [CMakeFiles/cmTC_b4af0.dir/CheckSymbolExists.c.o] Error 1
make[1]: Leaving directory '/home/smartcam/Desktop/EE_code/multipurposecamera/EE_team/init_resources/cmake-3.18.0/CMakeFiles/CMakeTmp'
Makefile:140: recipe for target 'cmTC_b4af0/fast' failed
make: *** [cmTC_b4af0/fast] Error 2


File /home/smartcam/Desktop/EE_code/multipurposecamera/EE_team/init_resources/cmake-3.18.0/CMakeFiles/CMakeTmp/CheckSymbolExists.c:
/* */
#include <stdio.h>
#include <inttypes.h>
#include <sys/ioctl.h>
#include <sys/param.h>
#include <sys/poll.h>
#include <sys/resource.h>
#include <sys/select.h>
#include <sys/socket.h>
#include <sys/stat.h>
#include <sys/time.h>
#include <sys/types.h>
#include <sys/uio.h>
#include <sys/un.h>
#include <sys/xattr.h>
#include <alloca.h>
#include <arpa/inet.h>
#include <arpa/tftp.h>
#include <assert.h>
#include <err.h>
#include <errno.h>
#include <fcntl.h>
#include <ifaddrs.h>
#include <libgen.h>
#include <locale.h>
#include <net/if.h>
#include <netdb.h>
#include <netinet/in.h>
#include <netinet/tcp.h>
#include <poll.h>
#include <pwd.h>
#include <setjmp.h>
#include <sgtty.h>
#include <signal.h>
#include <stdbool.h>
#include <stdint.h>
#include <stdio.h>
#include <stdlib.h>
#include <string.h>
#include <strings.h>
#include <stropts.h>
#include <termio.h>
#include <termios.h>
#include <time.h>
#include <unistd.h>
#include <utime.h>
#include <stddef.h>
#include <dlfcn.h>
#include <malloc.h>
#include <memory.h>
#include <netinet/if_ether.h>
#include <stdint.h>
#include <sys/utsname.h>

int main(int argc, char** argv)
{
  (void)argv;
#ifndef closesocket
  return ((int*)(&closesocket))[argc];
#else
  (void)argc;
  return 0;
#endif
}
Determining if the getpass_r exist failed with the following output:
Change Dir: /home/smartcam/Desktop/EE_code/multipurposecamera/EE_team/init_resources/cmake-3.18.0/CMakeFiles/CMakeTmp

Run Build Command(s):/usr/bin/make cmTC_a0245/fast && make  -f CMakeFiles/cmTC_a0245.dir/build.make CMakeFiles/cmTC_a0245.dir/build
make[1]: Entering directory '/home/smartcam/Desktop/EE_code/multipurposecamera/EE_team/init_resources/cmake-3.18.0/CMakeFiles/CMakeTmp'
Building C object CMakeFiles/cmTC_a0245.dir/CheckSymbolExists.c.o
/usr/bin/gcc   -w  -std=gnu11 -o CMakeFiles/cmTC_a0245.dir/CheckSymbolExists.c.o -c /home/smartcam/Desktop/EE_code/multipurposecamera/EE_team/init_resources/cmake-3.18.0/CMakeFiles/CMakeTmp/CheckSymbolExists.c
/home/smartcam/Desktop/EE_code/multipurposecamera/EE_team/init_resources/cmake-3.18.0/CMakeFiles/CMakeTmp/CheckSymbolExists.c: In function ‘main’:
/home/smartcam/Desktop/EE_code/multipurposecamera/EE_team/init_resources/cmake-3.18.0/CMakeFiles/CMakeTmp/CheckSymbolExists.c:59:19: error: ‘getpass_r’ undeclared (first use in this function); did you mean ‘getpass’?
   return ((int*)(&getpass_r))[argc];
                   ^~~~~~~~~
                   getpass
/home/smartcam/Desktop/EE_code/multipurposecamera/EE_team/init_resources/cmake-3.18.0/CMakeFiles/CMakeTmp/CheckSymbolExists.c:59:19: note: each undeclared identifier is reported only once for each function it appears in
CMakeFiles/cmTC_a0245.dir/build.make:84: recipe for target 'CMakeFiles/cmTC_a0245.dir/CheckSymbolExists.c.o' failed
make[1]: *** [CMakeFiles/cmTC_a0245.dir/CheckSymbolExists.c.o] Error 1
make[1]: Leaving directory '/home/smartcam/Desktop/EE_code/multipurposecamera/EE_team/init_resources/cmake-3.18.0/CMakeFiles/CMakeTmp'
Makefile:140: recipe for target 'cmTC_a0245/fast' failed
make: *** [cmTC_a0245/fast] Error 2


File /home/smartcam/Desktop/EE_code/multipurposecamera/EE_team/init_resources/cmake-3.18.0/CMakeFiles/CMakeTmp/CheckSymbolExists.c:
/* */
#include <stdio.h>
#include <inttypes.h>
#include <sys/ioctl.h>
#include <sys/param.h>
#include <sys/poll.h>
#include <sys/resource.h>
#include <sys/select.h>
#include <sys/socket.h>
#include <sys/stat.h>
#include <sys/time.h>
#include <sys/types.h>
#include <sys/uio.h>
#include <sys/un.h>
#include <sys/xattr.h>
#include <alloca.h>
#include <arpa/inet.h>
#include <arpa/tftp.h>
#include <assert.h>
#include <err.h>
#include <errno.h>
#include <fcntl.h>
#include <ifaddrs.h>
#include <libgen.h>
#include <locale.h>
#include <net/if.h>
#include <netdb.h>
#include <netinet/in.h>
#include <netinet/tcp.h>
#include <poll.h>
#include <pwd.h>
#include <setjmp.h>
#include <sgtty.h>
#include <signal.h>
#include <stdbool.h>
#include <stdint.h>
#include <stdio.h>
#include <stdlib.h>
#include <string.h>
#include <strings.h>
#include <stropts.h>
#include <termio.h>
#include <termios.h>
#include <time.h>
#include <unistd.h>
#include <utime.h>
#include <stddef.h>
#include <dlfcn.h>
#include <malloc.h>
#include <memory.h>
#include <netinet/if_ether.h>
#include <stdint.h>
#include <sys/utsname.h>

int main(int argc, char** argv)
{
  (void)argv;
#ifndef getpass_r
  return ((int*)(&getpass_r))[argc];
#else
  (void)argc;
  return 0;
#endif
}
Determining if the strlcat exist failed with the following output:
Change Dir: /home/smartcam/Desktop/EE_code/multipurposecamera/EE_team/init_resources/cmake-3.18.0/CMakeFiles/CMakeTmp

Run Build Command(s):/usr/bin/make cmTC_e5599/fast && make  -f CMakeFiles/cmTC_e5599.dir/build.make CMakeFiles/cmTC_e5599.dir/build
make[1]: Entering directory '/home/smartcam/Desktop/EE_code/multipurposecamera/EE_team/init_resources/cmake-3.18.0/CMakeFiles/CMakeTmp'
Building C object CMakeFiles/cmTC_e5599.dir/CheckSymbolExists.c.o
/usr/bin/gcc   -w  -std=gnu11 -o CMakeFiles/cmTC_e5599.dir/CheckSymbolExists.c.o -c /home/smartcam/Desktop/EE_code/multipurposecamera/EE_team/init_resources/cmake-3.18.0/CMakeFiles/CMakeTmp/CheckSymbolExists.c
/home/smartcam/Desktop/EE_code/multipurposecamera/EE_team/init_resources/cmake-3.18.0/CMakeFiles/CMakeTmp/CheckSymbolExists.c: In function ‘main’:
/home/smartcam/Desktop/EE_code/multipurposecamera/EE_team/init_resources/cmake-3.18.0/CMakeFiles/CMakeTmp/CheckSymbolExists.c:59:19: error: ‘strlcat’ undeclared (first use in this function); did you mean ‘strncat’?
   return ((int*)(&strlcat))[argc];
                   ^~~~~~~
                   strncat
/home/smartcam/Desktop/EE_code/multipurposecamera/EE_team/init_resources/cmake-3.18.0/CMakeFiles/CMakeTmp/CheckSymbolExists.c:59:19: note: each undeclared identifier is reported only once for each function it appears in
CMakeFiles/cmTC_e5599.dir/build.make:84: recipe for target 'CMakeFiles/cmTC_e5599.dir/CheckSymbolExists.c.o' failed
make[1]: *** [CMakeFiles/cmTC_e5599.dir/CheckSymbolExists.c.o] Error 1
make[1]: Leaving directory '/home/smartcam/Desktop/EE_code/multipurposecamera/EE_team/init_resources/cmake-3.18.0/CMakeFiles/CMakeTmp'
Makefile:140: recipe for target 'cmTC_e5599/fast' failed
make: *** [cmTC_e5599/fast] Error 2


File /home/smartcam/Desktop/EE_code/multipurposecamera/EE_team/init_resources/cmake-3.18.0/CMakeFiles/CMakeTmp/CheckSymbolExists.c:
/* */
#include <stdio.h>
#include <inttypes.h>
#include <sys/ioctl.h>
#include <sys/param.h>
#include <sys/poll.h>
#include <sys/resource.h>
#include <sys/select.h>
#include <sys/socket.h>
#include <sys/stat.h>
#include <sys/time.h>
#include <sys/types.h>
#include <sys/uio.h>
#include <sys/un.h>
#include <sys/xattr.h>
#include <alloca.h>
#include <arpa/inet.h>
#include <arpa/tftp.h>
#include <assert.h>
#include <err.h>
#include <errno.h>
#include <fcntl.h>
#include <ifaddrs.h>
#include <libgen.h>
#include <locale.h>
#include <net/if.h>
#include <netdb.h>
#include <netinet/in.h>
#include <netinet/tcp.h>
#include <poll.h>
#include <pwd.h>
#include <setjmp.h>
#include <sgtty.h>
#include <signal.h>
#include <stdbool.h>
#include <stdint.h>
#include <stdio.h>
#include <stdlib.h>
#include <string.h>
#include <strings.h>
#include <stropts.h>
#include <termio.h>
#include <termios.h>
#include <time.h>
#include <unistd.h>
#include <utime.h>
#include <stddef.h>
#include <dlfcn.h>
#include <malloc.h>
#include <memory.h>
#include <netinet/if_ether.h>
#include <stdint.h>
#include <sys/utsname.h>

int main(int argc, char** argv)
{
  (void)argv;
#ifndef strlcat
  return ((int*)(&strlcat))[argc];
#else
  (void)argc;
  return 0;
#endif
}
Determining if the _strtoi64 exist failed with the following output:
Change Dir: /home/smartcam/Desktop/EE_code/multipurposecamera/EE_team/init_resources/cmake-3.18.0/CMakeFiles/CMakeTmp

Run Build Command(s):/usr/bin/make cmTC_1b76c/fast && make  -f CMakeFiles/cmTC_1b76c.dir/build.make CMakeFiles/cmTC_1b76c.dir/build
make[1]: Entering directory '/home/smartcam/Desktop/EE_code/multipurposecamera/EE_team/init_resources/cmake-3.18.0/CMakeFiles/CMakeTmp'
Building C object CMakeFiles/cmTC_1b76c.dir/CheckSymbolExists.c.o
/usr/bin/gcc   -w  -std=gnu11 -o CMakeFiles/cmTC_1b76c.dir/CheckSymbolExists.c.o -c /home/smartcam/Desktop/EE_code/multipurposecamera/EE_team/init_resources/cmake-3.18.0/CMakeFiles/CMakeTmp/CheckSymbolExists.c
/home/smartcam/Desktop/EE_code/multipurposecamera/EE_team/init_resources/cmake-3.18.0/CMakeFiles/CMakeTmp/CheckSymbolExists.c: In function ‘main’:
/home/smartcam/Desktop/EE_code/multipurposecamera/EE_team/init_resources/cmake-3.18.0/CMakeFiles/CMakeTmp/CheckSymbolExists.c:59:19: error: ‘_strtoi64’ undeclared (first use in this function); did you mean ‘strtoull’?
   return ((int*)(&_strtoi64))[argc];
                   ^~~~~~~~~
                   strtoull
/home/smartcam/Desktop/EE_code/multipurposecamera/EE_team/init_resources/cmake-3.18.0/CMakeFiles/CMakeTmp/CheckSymbolExists.c:59:19: note: each undeclared identifier is reported only once for each function it appears in
CMakeFiles/cmTC_1b76c.dir/build.make:84: recipe for target 'CMakeFiles/cmTC_1b76c.dir/CheckSymbolExists.c.o' failed
make[1]: *** [CMakeFiles/cmTC_1b76c.dir/CheckSymbolExists.c.o] Error 1
make[1]: Leaving directory '/home/smartcam/Desktop/EE_code/multipurposecamera/EE_team/init_resources/cmake-3.18.0/CMakeFiles/CMakeTmp'
Makefile:140: recipe for target 'cmTC_1b76c/fast' failed
make: *** [cmTC_1b76c/fast] Error 2


File /home/smartcam/Desktop/EE_code/multipurposecamera/EE_team/init_resources/cmake-3.18.0/CMakeFiles/CMakeTmp/CheckSymbolExists.c:
/* */
#include <stdio.h>
#include <inttypes.h>
#include <sys/ioctl.h>
#include <sys/param.h>
#include <sys/poll.h>
#include <sys/resource.h>
#include <sys/select.h>
#include <sys/socket.h>
#include <sys/stat.h>
#include <sys/time.h>
#include <sys/types.h>
#include <sys/uio.h>
#include <sys/un.h>
#include <sys/xattr.h>
#include <alloca.h>
#include <arpa/inet.h>
#include <arpa/tftp.h>
#include <assert.h>
#include <err.h>
#include <errno.h>
#include <fcntl.h>
#include <ifaddrs.h>
#include <libgen.h>
#include <locale.h>
#include <net/if.h>
#include <netdb.h>
#include <netinet/in.h>
#include <netinet/tcp.h>
#include <poll.h>
#include <pwd.h>
#include <setjmp.h>
#include <sgtty.h>
#include <signal.h>
#include <stdbool.h>
#include <stdint.h>
#include <stdio.h>
#include <stdlib.h>
#include <string.h>
#include <strings.h>
#include <stropts.h>
#include <termio.h>
#include <termios.h>
#include <time.h>
#include <unistd.h>
#include <utime.h>
#include <stddef.h>
#include <dlfcn.h>
#include <malloc.h>
#include <memory.h>
#include <netinet/if_ether.h>
#include <stdint.h>
#include <sys/utsname.h>

int main(int argc, char** argv)
{
  (void)argv;
#ifndef _strtoi64
  return ((int*)(&_strtoi64))[argc];
#else
  (void)argc;
  return 0;
#endif
}
Determining if the setmode exist failed with the following output:
Change Dir: /home/smartcam/Desktop/EE_code/multipurposecamera/EE_team/init_resources/cmake-3.18.0/CMakeFiles/CMakeTmp

Run Build Command(s):/usr/bin/make cmTC_db8fc/fast && make  -f CMakeFiles/cmTC_db8fc.dir/build.make CMakeFiles/cmTC_db8fc.dir/build
make[1]: Entering directory '/home/smartcam/Desktop/EE_code/multipurposecamera/EE_team/init_resources/cmake-3.18.0/CMakeFiles/CMakeTmp'
Building C object CMakeFiles/cmTC_db8fc.dir/CheckSymbolExists.c.o
/usr/bin/gcc   -w  -std=gnu11 -o CMakeFiles/cmTC_db8fc.dir/CheckSymbolExists.c.o -c /home/smartcam/Desktop/EE_code/multipurposecamera/EE_team/init_resources/cmake-3.18.0/CMakeFiles/CMakeTmp/CheckSymbolExists.c
/home/smartcam/Desktop/EE_code/multipurposecamera/EE_team/init_resources/cmake-3.18.0/CMakeFiles/CMakeTmp/CheckSymbolExists.c: In function ‘main’:
/home/smartcam/Desktop/EE_code/multipurposecamera/EE_team/init_resources/cmake-3.18.0/CMakeFiles/CMakeTmp/CheckSymbolExists.c:59:19: error: ‘setmode’ undeclared (first use in this function); did you mean ‘setgid’?
   return ((int*)(&setmode))[argc];
                   ^~~~~~~
                   setgid
/home/smartcam/Desktop/EE_code/multipurposecamera/EE_team/init_resources/cmake-3.18.0/CMakeFiles/CMakeTmp/CheckSymbolExists.c:59:19: note: each undeclared identifier is reported only once for each function it appears in
CMakeFiles/cmTC_db8fc.dir/build.make:84: recipe for target 'CMakeFiles/cmTC_db8fc.dir/CheckSymbolExists.c.o' failed
make[1]: *** [CMakeFiles/cmTC_db8fc.dir/CheckSymbolExists.c.o] Error 1
make[1]: Leaving directory '/home/smartcam/Desktop/EE_code/multipurposecamera/EE_team/init_resources/cmake-3.18.0/CMakeFiles/CMakeTmp'
Makefile:140: recipe for target 'cmTC_db8fc/fast' failed
make: *** [cmTC_db8fc/fast] Error 2


File /home/smartcam/Desktop/EE_code/multipurposecamera/EE_team/init_resources/cmake-3.18.0/CMakeFiles/CMakeTmp/CheckSymbolExists.c:
/* */
#include <stdio.h>
#include <inttypes.h>
#include <sys/ioctl.h>
#include <sys/param.h>
#include <sys/poll.h>
#include <sys/resource.h>
#include <sys/select.h>
#include <sys/socket.h>
#include <sys/stat.h>
#include <sys/time.h>
#include <sys/types.h>
#include <sys/uio.h>
#include <sys/un.h>
#include <sys/xattr.h>
#include <alloca.h>
#include <arpa/inet.h>
#include <arpa/tftp.h>
#include <assert.h>
#include <err.h>
#include <errno.h>
#include <fcntl.h>
#include <ifaddrs.h>
#include <libgen.h>
#include <locale.h>
#include <net/if.h>
#include <netdb.h>
#include <netinet/in.h>
#include <netinet/tcp.h>
#include <poll.h>
#include <pwd.h>
#include <setjmp.h>
#include <sgtty.h>
#include <signal.h>
#include <stdbool.h>
#include <stdint.h>
#include <stdio.h>
#include <stdlib.h>
#include <string.h>
#include <strings.h>
#include <stropts.h>
#include <termio.h>
#include <termios.h>
#include <time.h>
#include <unistd.h>
#include <utime.h>
#include <stddef.h>
#include <dlfcn.h>
#include <malloc.h>
#include <memory.h>
#include <netinet/if_ether.h>
#include <stdint.h>
#include <sys/utsname.h>

int main(int argc, char** argv)
{
  (void)argv;
#ifndef setmode
  return ((int*)(&setmode))[argc];
#else
  (void)argc;
  return 0;
#endif
}
Determining if the function mach_absolute_time exists failed with the following output:
Change Dir: /home/smartcam/Desktop/EE_code/multipurposecamera/EE_team/init_resources/cmake-3.18.0/CMakeFiles/CMakeTmp

Run Build Command(s):/usr/bin/make cmTC_75007/fast && make  -f CMakeFiles/cmTC_75007.dir/build.make CMakeFiles/cmTC_75007.dir/build
make[1]: Entering directory '/home/smartcam/Desktop/EE_code/multipurposecamera/EE_team/init_resources/cmake-3.18.0/CMakeFiles/CMakeTmp'
Building C object CMakeFiles/cmTC_75007.dir/CheckFunctionExists.c.o
/usr/bin/gcc   -w -DCHECK_FUNCTION_EXISTS=mach_absolute_time -std=gnu11 -o CMakeFiles/cmTC_75007.dir/CheckFunctionExists.c.o -c /home/smartcam/Desktop/EE_code/multipurposecamera/EE_team/init_resources/cmake-3.18.0/Modules/CheckFunctionExists.c
Linking C executable cmTC_75007
/home/smartcam/Desktop/EE_code/multipurposecamera/EE_team/init_resources/cmake-3.18.0/Bootstrap.cmk/cmake -E cmake_link_script CMakeFiles/cmTC_75007.dir/link.txt --verbose=1
/usr/bin/gcc   -w -DCHECK_FUNCTION_EXISTS=mach_absolute_time CMakeFiles/cmTC_75007.dir/CheckFunctionExists.c.o -o cmTC_75007 
CMakeFiles/cmTC_75007.dir/CheckFunctionExists.c.o: In function `main':
CheckFunctionExists.c:(.text+0x10): undefined reference to `mach_absolute_time'
collect2: error: ld returned 1 exit status
CMakeFiles/cmTC_75007.dir/build.make:105: recipe for target 'cmTC_75007' failed
make[1]: *** [cmTC_75007] Error 1
make[1]: Leaving directory '/home/smartcam/Desktop/EE_code/multipurposecamera/EE_team/init_resources/cmake-3.18.0/CMakeFiles/CMakeTmp'
Makefile:140: recipe for target 'cmTC_75007/fast' failed
make: *** [cmTC_75007/fast] Error 2



Performing Curl Test HAVE_FSETXATTR_6 failed with the following output:
Change Dir: /home/smartcam/Desktop/EE_code/multipurposecamera/EE_team/init_resources/cmake-3.18.0/CMakeFiles/CMakeTmp

Run Build Command(s):/usr/bin/make cmTC_e7b9a/fast && make  -f CMakeFiles/cmTC_e7b9a.dir/build.make CMakeFiles/cmTC_e7b9a.dir/build
make[1]: Entering directory '/home/smartcam/Desktop/EE_code/multipurposecamera/EE_team/init_resources/cmake-3.18.0/CMakeFiles/CMakeTmp'
Building C object CMakeFiles/cmTC_e7b9a.dir/CurlTests.c.o
/usr/bin/gcc   -w -DHAVE_FSETXATTR_6  -DHAVE_STDIO_H -DHAVE_INTTYPES_H -DHAVE_SYS_IOCTL_H -DHAVE_SYS_PARAM_H -DHAVE_SYS_POLL_H -DHAVE_SYS_RESOURCE_H -DHAVE_SYS_SELECT_H -DHAVE_SYS_SOCKET_H -DHAVE_SYS_STAT_H -DHAVE_SYS_TIME_H -DHAVE_SYS_TYPES_H -DHAVE_SYS_UIO_H -DHAVE_SYS_UN_H -DHAVE_SYS_XATTR_H -DHAVE_ALLOCA_H -DHAVE_ARPA_INET_H -DHAVE_ARPA_TFTP_H -DHAVE_ASSERT_H -DHAVE_ERR_H -DHAVE_ERRNO_H -DHAVE_FCNTL_H -DHAVE_IFADDRS_H -DHAVE_LIBGEN_H -DHAVE_LOCALE_H -DHAVE_NET_IF_H -DHAVE_NETDB_H -DHAVE_NETINET_IN_H -DHAVE_NETINET_TCP_H -DHAVE_POLL_H -DHAVE_PWD_H -DHAVE_SETJMP_H -DHAVE_SGTTY_H -DHAVE_SIGNAL_H -DHAVE_STDBOOL_H -DHAVE_STDINT_H -DHAVE_STDIO_H -DHAVE_STDLIB_H -DHAVE_STRING_H -DHAVE_STRINGS_H -DHAVE_STROPTS_H -DHAVE_TERMIO_H -DHAVE_TERMIOS_H -DHAVE_TIME_H -DHAVE_UNISTD_H -DHAVE_UTIME_H -DHAVE_STDDEF_H -DHAVE_DLFCN_H -DHAVE_MALLOC_H -DHAVE_MEMORY_H -DHAVE_NETINET_IF_ETHER_H -DHAVE_STDINT_H -DHAVE_SYS_UTSNAME_H -std=gnu11 -o CMakeFiles/cmTC_e7b9a.dir/CurlTests.c.o -c /home/smartcam/Desktop/EE_code/multipurposecamera/EE_team/init_resources/cmake-3.18.0/Utilities/cmcurl/CMake/CurlTests.c
/home/smartcam/Desktop/EE_code/multipurposecamera/EE_team/init_resources/cmake-3.18.0/Utilities/cmcurl/CMake/CurlTests.c: In function ‘main’:
/home/smartcam/Desktop/EE_code/multipurposecamera/EE_team/init_resources/cmake-3.18.0/Utilities/cmcurl/CMake/CurlTests.c:544:3: error: too many arguments to function ‘fsetxattr’
   fsetxattr(0, 0, 0, 0, 0, 0);
   ^~~~~~~~~
In file included from /home/smartcam/Desktop/EE_code/multipurposecamera/EE_team/init_resources/cmake-3.18.0/Utilities/cmcurl/CMake/CurlTests.c:541:0:
/usr/include/aarch64-linux-gnu/sys/xattr.h:54:12: note: declared here
 extern int fsetxattr (int __fd, const char *__name, const void *__value,
            ^~~~~~~~~
CMakeFiles/cmTC_e7b9a.dir/build.make:84: recipe for target 'CMakeFiles/cmTC_e7b9a.dir/CurlTests.c.o' failed
make[1]: *** [CMakeFiles/cmTC_e7b9a.dir/CurlTests.c.o] Error 1
make[1]: Leaving directory '/home/smartcam/Desktop/EE_code/multipurposecamera/EE_team/init_resources/cmake-3.18.0/CMakeFiles/CMakeTmp'
Makefile:140: recipe for target 'cmTC_e7b9a/fast' failed
make: *** [cmTC_e7b9a/fast] Error 2


Performing Curl Test HAVE_IOCTLSOCKET failed with the following output:
Change Dir: /home/smartcam/Desktop/EE_code/multipurposecamera/EE_team/init_resources/cmake-3.18.0/CMakeFiles/CMakeTmp

Run Build Command(s):/usr/bin/make cmTC_f49de/fast && make  -f CMakeFiles/cmTC_f49de.dir/build.make CMakeFiles/cmTC_f49de.dir/build
make[1]: Entering directory '/home/smartcam/Desktop/EE_code/multipurposecamera/EE_team/init_resources/cmake-3.18.0/CMakeFiles/CMakeTmp'
Building C object CMakeFiles/cmTC_f49de.dir/CurlTests.c.o
/usr/bin/gcc   -w -DHAVE_IOCTLSOCKET  -DHAVE_STDIO_H -DHAVE_INTTYPES_H -DHAVE_SYS_IOCTL_H -DHAVE_SYS_PARAM_H -DHAVE_SYS_POLL_H -DHAVE_SYS_RESOURCE_H -DHAVE_SYS_SELECT_H -DHAVE_SYS_SOCKET_H -DHAVE_SYS_STAT_H -DHAVE_SYS_TIME_H -DHAVE_SYS_TYPES_H -DHAVE_SYS_UIO_H -DHAVE_SYS_UN_H -DHAVE_SYS_XATTR_H -DHAVE_ALLOCA_H -DHAVE_ARPA_INET_H -DHAVE_ARPA_TFTP_H -DHAVE_ASSERT_H -DHAVE_ERR_H -DHAVE_ERRNO_H -DHAVE_FCNTL_H -DHAVE_IFADDRS_H -DHAVE_LIBGEN_H -DHAVE_LOCALE_H -DHAVE_NET_IF_H -DHAVE_NETDB_H -DHAVE_NETINET_IN_H -DHAVE_NETINET_TCP_H -DHAVE_POLL_H -DHAVE_PWD_H -DHAVE_SETJMP_H -DHAVE_SGTTY_H -DHAVE_SIGNAL_H -DHAVE_STDBOOL_H -DHAVE_STDINT_H -DHAVE_STDIO_H -DHAVE_STDLIB_H -DHAVE_STRING_H -DHAVE_STRINGS_H -DHAVE_STROPTS_H -DHAVE_TERMIO_H -DHAVE_TERMIOS_H -DHAVE_TIME_H -DHAVE_UNISTD_H -DHAVE_UTIME_H -DHAVE_STDDEF_H -DHAVE_DLFCN_H -DHAVE_MALLOC_H -DHAVE_MEMORY_H -DHAVE_NETINET_IF_ETHER_H -DHAVE_STDINT_H -DHAVE_SYS_UTSNAME_H -std=gnu11 -o CMakeFiles/cmTC_f49de.dir/CurlTests.c.o -c /home/smartcam/Desktop/EE_code/multipurposecamera/EE_team/init_resources/cmake-3.18.0/Utilities/cmcurl/CMake/CurlTests.c
/home/smartcam/Desktop/EE_code/multipurposecamera/EE_team/init_resources/cmake-3.18.0/Utilities/cmcurl/CMake/CurlTests.c: In function ‘main’:
/home/smartcam/Desktop/EE_code/multipurposecamera/EE_team/init_resources/cmake-3.18.0/Utilities/cmcurl/CMake/CurlTests.c:326:44: error: ‘FIONBIO’ undeclared (first use in this function)
  unsigned long flags = ioctlsocket(socket, FIONBIO, &flags);
                                            ^~~~~~~
/home/smartcam/Desktop/EE_code/multipurposecamera/EE_team/init_resources/cmake-3.18.0/Utilities/cmcurl/CMake/CurlTests.c:326:44: note: each undeclared identifier is reported only once for each function it appears in
CMakeFiles/cmTC_f49de.dir/build.make:84: recipe for target 'CMakeFiles/cmTC_f49de.dir/CurlTests.c.o' failed
make[1]: *** [CMakeFiles/cmTC_f49de.dir/CurlTests.c.o] Error 1
make[1]: Leaving directory '/home/smartcam/Desktop/EE_code/multipurposecamera/EE_team/init_resources/cmake-3.18.0/CMakeFiles/CMakeTmp'
Makefile:140: recipe for target 'cmTC_f49de/fast' failed
make: *** [cmTC_f49de/fast] Error 2


Performing Curl Test HAVE_IOCTLSOCKET_CAMEL failed with the following output:
Change Dir: /home/smartcam/Desktop/EE_code/multipurposecamera/EE_team/init_resources/cmake-3.18.0/CMakeFiles/CMakeTmp

Run Build Command(s):/usr/bin/make cmTC_50c9b/fast && make  -f CMakeFiles/cmTC_50c9b.dir/build.make CMakeFiles/cmTC_50c9b.dir/build
make[1]: Entering directory '/home/smartcam/Desktop/EE_code/multipurposecamera/EE_team/init_resources/cmake-3.18.0/CMakeFiles/CMakeTmp'
Building C object CMakeFiles/cmTC_50c9b.dir/CurlTests.c.o
/usr/bin/gcc   -w -DHAVE_IOCTLSOCKET_CAMEL  -DHAVE_STDIO_H -DHAVE_INTTYPES_H -DHAVE_SYS_IOCTL_H -DHAVE_SYS_PARAM_H -DHAVE_SYS_POLL_H -DHAVE_SYS_RESOURCE_H -DHAVE_SYS_SELECT_H -DHAVE_SYS_SOCKET_H -DHAVE_SYS_STAT_H -DHAVE_SYS_TIME_H -DHAVE_SYS_TYPES_H -DHAVE_SYS_UIO_H -DHAVE_SYS_UN_H -DHAVE_SYS_XATTR_H -DHAVE_ALLOCA_H -DHAVE_ARPA_INET_H -DHAVE_ARPA_TFTP_H -DHAVE_ASSERT_H -DHAVE_ERR_H -DHAVE_ERRNO_H -DHAVE_FCNTL_H -DHAVE_IFADDRS_H -DHAVE_LIBGEN_H -DHAVE_LOCALE_H -DHAVE_NET_IF_H -DHAVE_NETDB_H -DHAVE_NETINET_IN_H -DHAVE_NETINET_TCP_H -DHAVE_POLL_H -DHAVE_PWD_H -DHAVE_SETJMP_H -DHAVE_SGTTY_H -DHAVE_SIGNAL_H -DHAVE_STDBOOL_H -DHAVE_STDINT_H -DHAVE_STDIO_H -DHAVE_STDLIB_H -DHAVE_STRING_H -DHAVE_STRINGS_H -DHAVE_STROPTS_H -DHAVE_TERMIO_H -DHAVE_TERMIOS_H -DHAVE_TIME_H -DHAVE_UNISTD_H -DHAVE_UTIME_H -DHAVE_STDDEF_H -DHAVE_DLFCN_H -DHAVE_MALLOC_H -DHAVE_MEMORY_H -DHAVE_NETINET_IF_ETHER_H -DHAVE_STDINT_H -DHAVE_SYS_UTSNAME_H -std=gnu11 -o CMakeFiles/cmTC_50c9b.dir/CurlTests.c.o -c /home/smartcam/Desktop/EE_code/multipurposecamera/EE_team/init_resources/cmake-3.18.0/Utilities/cmcurl/CMake/CurlTests.c
Linking C executable cmTC_50c9b
/home/smartcam/Desktop/EE_code/multipurposecamera/EE_team/init_resources/cmake-3.18.0/Bootstrap.cmk/cmake -E cmake_link_script CMakeFiles/cmTC_50c9b.dir/link.txt --verbose=1
/usr/bin/gcc   -w -DHAVE_IOCTLSOCKET_CAMEL  -DHAVE_STDIO_H -DHAVE_INTTYPES_H -DHAVE_SYS_IOCTL_H -DHAVE_SYS_PARAM_H -DHAVE_SYS_POLL_H -DHAVE_SYS_RESOURCE_H -DHAVE_SYS_SELECT_H -DHAVE_SYS_SOCKET_H -DHAVE_SYS_STAT_H -DHAVE_SYS_TIME_H -DHAVE_SYS_TYPES_H -DHAVE_SYS_UIO_H -DHAVE_SYS_UN_H -DHAVE_SYS_XATTR_H -DHAVE_ALLOCA_H -DHAVE_ARPA_INET_H -DHAVE_ARPA_TFTP_H -DHAVE_ASSERT_H -DHAVE_ERR_H -DHAVE_ERRNO_H -DHAVE_FCNTL_H -DHAVE_IFADDRS_H -DHAVE_LIBGEN_H -DHAVE_LOCALE_H -DHAVE_NET_IF_H -DHAVE_NETDB_H -DHAVE_NETINET_IN_H -DHAVE_NETINET_TCP_H -DHAVE_POLL_H -DHAVE_PWD_H -DHAVE_SETJMP_H -DHAVE_SGTTY_H -DHAVE_SIGNAL_H -DHAVE_STDBOOL_H -DHAVE_STDINT_H -DHAVE_STDIO_H -DHAVE_STDLIB_H -DHAVE_STRING_H -DHAVE_STRINGS_H -DHAVE_STROPTS_H -DHAVE_TERMIO_H -DHAVE_TERMIOS_H -DHAVE_TIME_H -DHAVE_UNISTD_H -DHAVE_UTIME_H -DHAVE_STDDEF_H -DHAVE_DLFCN_H -DHAVE_MALLOC_H -DHAVE_MEMORY_H -DHAVE_NETINET_IF_ETHER_H -DHAVE_STDINT_H -DHAVE_SYS_UTSNAME_H CMakeFiles/cmTC_50c9b.dir/CurlTests.c.o -o cmTC_50c9b 
CMakeFiles/cmTC_50c9b.dir/CurlTests.c.o: In function `main':
CurlTests.c:(.text+0x14): undefined reference to `IoctlSocket'
collect2: error: ld returned 1 exit status
CMakeFiles/cmTC_50c9b.dir/build.make:105: recipe for target 'cmTC_50c9b' failed
make[1]: *** [cmTC_50c9b] Error 1
make[1]: Leaving directory '/home/smartcam/Desktop/EE_code/multipurposecamera/EE_team/init_resources/cmake-3.18.0/CMakeFiles/CMakeTmp'
Makefile:140: recipe for target 'cmTC_50c9b/fast' failed
make: *** [cmTC_50c9b/fast] Error 2


Performing Curl Test HAVE_IOCTLSOCKET_CAMEL_FIONBIO failed with the following output:
Change Dir: /home/smartcam/Desktop/EE_code/multipurposecamera/EE_team/init_resources/cmake-3.18.0/CMakeFiles/CMakeTmp

Run Build Command(s):/usr/bin/make cmTC_fe87f/fast && make  -f CMakeFiles/cmTC_fe87f.dir/build.make CMakeFiles/cmTC_fe87f.dir/build
make[1]: Entering directory '/home/smartcam/Desktop/EE_code/multipurposecamera/EE_team/init_resources/cmake-3.18.0/CMakeFiles/CMakeTmp'
Building C object CMakeFiles/cmTC_fe87f.dir/CurlTests.c.o
/usr/bin/gcc   -w -DHAVE_IOCTLSOCKET_CAMEL_FIONBIO  -DHAVE_STDIO_H -DHAVE_INTTYPES_H -DHAVE_SYS_IOCTL_H -DHAVE_SYS_PARAM_H -DHAVE_SYS_POLL_H -DHAVE_SYS_RESOURCE_H -DHAVE_SYS_SELECT_H -DHAVE_SYS_SOCKET_H -DHAVE_SYS_STAT_H -DHAVE_SYS_TIME_H -DHAVE_SYS_TYPES_H -DHAVE_SYS_UIO_H -DHAVE_SYS_UN_H -DHAVE_SYS_XATTR_H -DHAVE_ALLOCA_H -DHAVE_ARPA_INET_H -DHAVE_ARPA_TFTP_H -DHAVE_ASSERT_H -DHAVE_ERR_H -DHAVE_ERRNO_H -DHAVE_FCNTL_H -DHAVE_IFADDRS_H -DHAVE_LIBGEN_H -DHAVE_LOCALE_H -DHAVE_NET_IF_H -DHAVE_NETDB_H -DHAVE_NETINET_IN_H -DHAVE_NETINET_TCP_H -DHAVE_POLL_H -DHAVE_PWD_H -DHAVE_SETJMP_H -DHAVE_SGTTY_H -DHAVE_SIGNAL_H -DHAVE_STDBOOL_H -DHAVE_STDINT_H -DHAVE_STDIO_H -DHAVE_STDLIB_H -DHAVE_STRING_H -DHAVE_STRINGS_H -DHAVE_STROPTS_H -DHAVE_TERMIO_H -DHAVE_TERMIOS_H -DHAVE_TIME_H -DHAVE_UNISTD_H -DHAVE_UTIME_H -DHAVE_STDDEF_H -DHAVE_DLFCN_H -DHAVE_MALLOC_H -DHAVE_MEMORY_H -DHAVE_NETINET_IF_ETHER_H -DHAVE_STDINT_H -DHAVE_SYS_UTSNAME_H -std=gnu11 -o CMakeFiles/cmTC_fe87f.dir/CurlTests.c.o -c /home/smartcam/Desktop/EE_code/multipurposecamera/EE_team/init_resources/cmake-3.18.0/Utilities/cmcurl/CMake/CurlTests.c
/home/smartcam/Desktop/EE_code/multipurposecamera/EE_team/init_resources/cmake-3.18.0/Utilities/cmcurl/CMake/CurlTests.c: In function ‘main’:
/home/smartcam/Desktop/EE_code/multipurposecamera/EE_team/init_resources/cmake-3.18.0/Utilities/cmcurl/CMake/CurlTests.c:382:32: error: ‘FIONBIO’ undeclared (first use in this function)
         if(0 != ioctlsocket(0, FIONBIO, &flags))
                                ^~~~~~~
/home/smartcam/Desktop/EE_code/multipurposecamera/EE_team/init_resources/cmake-3.18.0/Utilities/cmcurl/CMake/CurlTests.c:382:32: note: each undeclared identifier is reported only once for each function it appears in
CMakeFiles/cmTC_fe87f.dir/build.make:84: recipe for target 'CMakeFiles/cmTC_fe87f.dir/CurlTests.c.o' failed
make[1]: *** [CMakeFiles/cmTC_fe87f.dir/CurlTests.c.o] Error 1
make[1]: Leaving directory '/home/smartcam/Desktop/EE_code/multipurposecamera/EE_team/init_resources/cmake-3.18.0/CMakeFiles/CMakeTmp'
Makefile:140: recipe for target 'cmTC_fe87f/fast' failed
make: *** [cmTC_fe87f/fast] Error 2


Performing Curl Test HAVE_IOCTLSOCKET_FIONBIO failed with the following output:
Change Dir: /home/smartcam/Desktop/EE_code/multipurposecamera/EE_team/init_resources/cmake-3.18.0/CMakeFiles/CMakeTmp

Run Build Command(s):/usr/bin/make cmTC_00b37/fast && make  -f CMakeFiles/cmTC_00b37.dir/build.make CMakeFiles/cmTC_00b37.dir/build
make[1]: Entering directory '/home/smartcam/Desktop/EE_code/multipurposecamera/EE_team/init_resources/cmake-3.18.0/CMakeFiles/CMakeTmp'
Building C object CMakeFiles/cmTC_00b37.dir/CurlTests.c.o
/usr/bin/gcc   -w -DHAVE_IOCTLSOCKET_FIONBIO  -DHAVE_STDIO_H -DHAVE_INTTYPES_H -DHAVE_SYS_IOCTL_H -DHAVE_SYS_PARAM_H -DHAVE_SYS_POLL_H -DHAVE_SYS_RESOURCE_H -DHAVE_SYS_SELECT_H -DHAVE_SYS_SOCKET_H -DHAVE_SYS_STAT_H -DHAVE_SYS_TIME_H -DHAVE_SYS_TYPES_H -DHAVE_SYS_UIO_H -DHAVE_SYS_UN_H -DHAVE_SYS_XATTR_H -DHAVE_ALLOCA_H -DHAVE_ARPA_INET_H -DHAVE_ARPA_TFTP_H -DHAVE_ASSERT_H -DHAVE_ERR_H -DHAVE_ERRNO_H -DHAVE_FCNTL_H -DHAVE_IFADDRS_H -DHAVE_LIBGEN_H -DHAVE_LOCALE_H -DHAVE_NET_IF_H -DHAVE_NETDB_H -DHAVE_NETINET_IN_H -DHAVE_NETINET_TCP_H -DHAVE_POLL_H -DHAVE_PWD_H -DHAVE_SETJMP_H -DHAVE_SGTTY_H -DHAVE_SIGNAL_H -DHAVE_STDBOOL_H -DHAVE_STDINT_H -DHAVE_STDIO_H -DHAVE_STDLIB_H -DHAVE_STRING_H -DHAVE_STRINGS_H -DHAVE_STROPTS_H -DHAVE_TERMIO_H -DHAVE_TERMIOS_H -DHAVE_TIME_H -DHAVE_UNISTD_H -DHAVE_UTIME_H -DHAVE_STDDEF_H -DHAVE_DLFCN_H -DHAVE_MALLOC_H -DHAVE_MEMORY_H -DHAVE_NETINET_IF_ETHER_H -DHAVE_STDINT_H -DHAVE_SYS_UTSNAME_H -std=gnu11 -o CMakeFiles/cmTC_00b37.dir/CurlTests.c.o -c /home/smartcam/Desktop/EE_code/multipurposecamera/EE_team/init_resources/cmake-3.18.0/Utilities/cmcurl/CMake/CurlTests.c
/home/smartcam/Desktop/EE_code/multipurposecamera/EE_team/init_resources/cmake-3.18.0/Utilities/cmcurl/CMake/CurlTests.c: In function ‘main’:
/home/smartcam/Desktop/EE_code/multipurposecamera/EE_team/init_resources/cmake-3.18.0/Utilities/cmcurl/CMake/CurlTests.c:409:32: error: ‘FIONBIO’ undeclared (first use in this function)
         if(0 != ioctlsocket(0, FIONBIO, &flags))
                                ^~~~~~~
/home/smartcam/Desktop/EE_code/multipurposecamera/EE_team/init_resources/cmake-3.18.0/Utilities/cmcurl/CMake/CurlTests.c:409:32: note: each undeclared identifier is reported only once for each function it appears in
CMakeFiles/cmTC_00b37.dir/build.make:84: recipe for target 'CMakeFiles/cmTC_00b37.dir/CurlTests.c.o' failed
make[1]: *** [CMakeFiles/cmTC_00b37.dir/CurlTests.c.o] Error 1
make[1]: Leaving directory '/home/smartcam/Desktop/EE_code/multipurposecamera/EE_team/init_resources/cmake-3.18.0/CMakeFiles/CMakeTmp'
Makefile:140: recipe for target 'cmTC_00b37/fast' failed
make: *** [cmTC_00b37/fast] Error 2


Performing Curl Test HAVE_SETSOCKOPT_SO_NONBLOCK failed with the following output:
Change Dir: /home/smartcam/Desktop/EE_code/multipurposecamera/EE_team/init_resources/cmake-3.18.0/CMakeFiles/CMakeTmp

Run Build Command(s):/usr/bin/make cmTC_0cd3d/fast && make  -f CMakeFiles/cmTC_0cd3d.dir/build.make CMakeFiles/cmTC_0cd3d.dir/build
make[1]: Entering directory '/home/smartcam/Desktop/EE_code/multipurposecamera/EE_team/init_resources/cmake-3.18.0/CMakeFiles/CMakeTmp'
Building C object CMakeFiles/cmTC_0cd3d.dir/CurlTests.c.o
/usr/bin/gcc   -w -DHAVE_SETSOCKOPT_SO_NONBLOCK  -DHAVE_STDIO_H -DHAVE_INTTYPES_H -DHAVE_SYS_IOCTL_H -DHAVE_SYS_PARAM_H -DHAVE_SYS_POLL_H -DHAVE_SYS_RESOURCE_H -DHAVE_SYS_SELECT_H -DHAVE_SYS_SOCKET_H -DHAVE_SYS_STAT_H -DHAVE_SYS_TIME_H -DHAVE_SYS_TYPES_H -DHAVE_SYS_UIO_H -DHAVE_SYS_UN_H -DHAVE_SYS_XATTR_H -DHAVE_ALLOCA_H -DHAVE_ARPA_INET_H -DHAVE_ARPA_TFTP_H -DHAVE_ASSERT_H -DHAVE_ERR_H -DHAVE_ERRNO_H -DHAVE_FCNTL_H -DHAVE_IFADDRS_H -DHAVE_LIBGEN_H -DHAVE_LOCALE_H -DHAVE_NET_IF_H -DHAVE_NETDB_H -DHAVE_NETINET_IN_H -DHAVE_NETINET_TCP_H -DHAVE_POLL_H -DHAVE_PWD_H -DHAVE_SETJMP_H -DHAVE_SGTTY_H -DHAVE_SIGNAL_H -DHAVE_STDBOOL_H -DHAVE_STDINT_H -DHAVE_STDIO_H -DHAVE_STDLIB_H -DHAVE_STRING_H -DHAVE_STRINGS_H -DHAVE_STROPTS_H -DHAVE_TERMIO_H -DHAVE_TERMIOS_H -DHAVE_TIME_H -DHAVE_UNISTD_H -DHAVE_UTIME_H -DHAVE_STDDEF_H -DHAVE_DLFCN_H -DHAVE_MALLOC_H -DHAVE_MEMORY_H -DHAVE_NETINET_IF_ETHER_H -DHAVE_STDINT_H -DHAVE_SYS_UTSNAME_H -std=gnu11 -o CMakeFiles/cmTC_0cd3d.dir/CurlTests.c.o -c /home/smartcam/Desktop/EE_code/multipurposecamera/EE_team/init_resources/cmake-3.18.0/Utilities/cmcurl/CMake/CurlTests.c
/home/smartcam/Desktop/EE_code/multipurposecamera/EE_team/init_resources/cmake-3.18.0/Utilities/cmcurl/CMake/CurlTests.c: In function ‘main’:
/home/smartcam/Desktop/EE_code/multipurposecamera/EE_team/init_resources/cmake-3.18.0/Utilities/cmcurl/CMake/CurlTests.c:505:43: error: ‘SO_NONBLOCK’ undeclared (first use in this function); did you mean ‘SOCK_NONBLOCK’?
         if(0 != setsockopt(0, SOL_SOCKET, SO_NONBLOCK, 0, 0))
                                           ^~~~~~~~~~~
                                           SOCK_NONBLOCK
/home/smartcam/Desktop/EE_code/multipurposecamera/EE_team/init_resources/cmake-3.18.0/Utilities/cmcurl/CMake/CurlTests.c:505:43: note: each undeclared identifier is reported only once for each function it appears in
CMakeFiles/cmTC_0cd3d.dir/build.make:84: recipe for target 'CMakeFiles/cmTC_0cd3d.dir/CurlTests.c.o' failed
make[1]: *** [CMakeFiles/cmTC_0cd3d.dir/CurlTests.c.o] Error 1
make[1]: Leaving directory '/home/smartcam/Desktop/EE_code/multipurposecamera/EE_team/init_resources/cmake-3.18.0/CMakeFiles/CMakeTmp'
Makefile:140: recipe for target 'cmTC_0cd3d/fast' failed
make: *** [cmTC_0cd3d/fast] Error 2


Performing Curl Test HAVE_O_NONBLOCK failed with the following output:
Change Dir: /home/smartcam/Desktop/EE_code/multipurposecamera/EE_team/init_resources/cmake-3.18.0/CMakeFiles/CMakeTmp

Run Build Command(s):/usr/bin/make cmTC_8b4cf/fast && make  -f CMakeFiles/cmTC_8b4cf.dir/build.make CMakeFiles/cmTC_8b4cf.dir/build
make[1]: Entering directory '/home/smartcam/Desktop/EE_code/multipurposecamera/EE_team/init_resources/cmake-3.18.0/CMakeFiles/CMakeTmp'
Building C object CMakeFiles/cmTC_8b4cf.dir/CurlTests.c.o
/usr/bin/gcc   -w -DHAVE_O_NONBLOCK  -DHAVE_STDIO_H -DHAVE_INTTYPES_H -DHAVE_SYS_IOCTL_H -DHAVE_SYS_PARAM_H -DHAVE_SYS_POLL_H -DHAVE_SYS_RESOURCE_H -DHAVE_SYS_SELECT_H -DHAVE_SYS_SOCKET_H -DHAVE_SYS_STAT_H -DHAVE_SYS_TIME_H -DHAVE_SYS_TYPES_H -DHAVE_SYS_UIO_H -DHAVE_SYS_UN_H -DHAVE_SYS_XATTR_H -DHAVE_ALLOCA_H -DHAVE_ARPA_INET_H -DHAVE_ARPA_TFTP_H -DHAVE_ASSERT_H -DHAVE_ERR_H -DHAVE_ERRNO_H -DHAVE_FCNTL_H -DHAVE_IFADDRS_H -DHAVE_LIBGEN_H -DHAVE_LOCALE_H -DHAVE_NET_IF_H -DHAVE_NETDB_H -DHAVE_NETINET_IN_H -DHAVE_NETINET_TCP_H -DHAVE_POLL_H -DHAVE_PWD_H -DHAVE_SETJMP_H -DHAVE_SGTTY_H -DHAVE_SIGNAL_H -DHAVE_STDBOOL_H -DHAVE_STDINT_H -DHAVE_STDIO_H -DHAVE_STDLIB_H -DHAVE_STRING_H -DHAVE_STRINGS_H -DHAVE_STROPTS_H -DHAVE_TERMIO_H -DHAVE_TERMIOS_H -DHAVE_TIME_H -DHAVE_UNISTD_H -DHAVE_UTIME_H -DHAVE_STDDEF_H -DHAVE_DLFCN_H -DHAVE_MALLOC_H -DHAVE_MEMORY_H -DHAVE_NETINET_IF_ETHER_H -DHAVE_STDINT_H -DHAVE_SYS_UTSNAME_H -std=gnu11 -o CMakeFiles/cmTC_8b4cf.dir/CurlTests.c.o -c /home/smartcam/Desktop/EE_code/multipurposecamera/EE_team/init_resources/cmake-3.18.0/Utilities/cmcurl/CMake/CurlTests.c
Linking C executable cmTC_8b4cf
/home/smartcam/Desktop/EE_code/multipurposecamera/EE_team/init_resources/cmake-3.18.0/Bootstrap.cmk/cmake -E cmake_link_script CMakeFiles/cmTC_8b4cf.dir/link.txt --verbose=1
/usr/bin/gcc   -w -DHAVE_O_NONBLOCK  -DHAVE_STDIO_H -DHAVE_INTTYPES_H -DHAVE_SYS_IOCTL_H -DHAVE_SYS_PARAM_H -DHAVE_SYS_POLL_H -DHAVE_SYS_RESOURCE_H -DHAVE_SYS_SELECT_H -DHAVE_SYS_SOCKET_H -DHAVE_SYS_STAT_H -DHAVE_SYS_TIME_H -DHAVE_SYS_TYPES_H -DHAVE_SYS_UIO_H -DHAVE_SYS_UN_H -DHAVE_SYS_XATTR_H -DHAVE_ALLOCA_H -DHAVE_ARPA_INET_H -DHAVE_ARPA_TFTP_H -DHAVE_ASSERT_H -DHAVE_ERR_H -DHAVE_ERRNO_H -DHAVE_FCNTL_H -DHAVE_IFADDRS_H -DHAVE_LIBGEN_H -DHAVE_LOCALE_H -DHAVE_NET_IF_H -DHAVE_NETDB_H -DHAVE_NETINET_IN_H -DHAVE_NETINET_TCP_H -DHAVE_POLL_H -DHAVE_PWD_H -DHAVE_SETJMP_H -DHAVE_SGTTY_H -DHAVE_SIGNAL_H -DHAVE_STDBOOL_H -DHAVE_STDINT_H -DHAVE_STDIO_H -DHAVE_STDLIB_H -DHAVE_STRING_H -DHAVE_STRINGS_H -DHAVE_STROPTS_H -DHAVE_TERMIO_H -DHAVE_TERMIOS_H -DHAVE_TIME_H -DHAVE_UNISTD_H -DHAVE_UTIME_H -DHAVE_STDDEF_H -DHAVE_DLFCN_H -DHAVE_MALLOC_H -DHAVE_MEMORY_H -DHAVE_NETINET_IF_ETHER_H -DHAVE_STDINT_H -DHAVE_SYS_UTSNAME_H CMakeFiles/cmTC_8b4cf.dir/CurlTests.c.o -o cmTC_8b4cf 
/usr/lib/gcc/aarch64-linux-gnu/7/../../../aarch64-linux-gnu/Scrt1.o: In function `_start':
(.text+0x18): undefined reference to `main'
(.text+0x1c): undefined reference to `main'
collect2: error: ld returned 1 exit status
CMakeFiles/cmTC_8b4cf.dir/build.make:105: recipe for target 'cmTC_8b4cf' failed
make[1]: *** [cmTC_8b4cf] Error 1
make[1]: Leaving directory '/home/smartcam/Desktop/EE_code/multipurposecamera/EE_team/init_resources/cmake-3.18.0/CMakeFiles/CMakeTmp'
Makefile:140: recipe for target 'cmTC_8b4cf/fast' failed
make: *** [cmTC_8b4cf/fast] Error 2


Performing Curl Test HAVE_GETHOSTBYADDR_R_5 failed with the following output:
Change Dir: /home/smartcam/Desktop/EE_code/multipurposecamera/EE_team/init_resources/cmake-3.18.0/CMakeFiles/CMakeTmp

Run Build Command(s):/usr/bin/make cmTC_2eee4/fast && make  -f CMakeFiles/cmTC_2eee4.dir/build.make CMakeFiles/cmTC_2eee4.dir/build
make[1]: Entering directory '/home/smartcam/Desktop/EE_code/multipurposecamera/EE_team/init_resources/cmake-3.18.0/CMakeFiles/CMakeTmp'
Building C object CMakeFiles/cmTC_2eee4.dir/CurlTests.c.o
/usr/bin/gcc   -w -DHAVE_GETHOSTBYADDR_R_5  -DHAVE_STDIO_H -DHAVE_INTTYPES_H -DHAVE_SYS_IOCTL_H -DHAVE_SYS_PARAM_H -DHAVE_SYS_POLL_H -DHAVE_SYS_RESOURCE_H -DHAVE_SYS_SELECT_H -DHAVE_SYS_SOCKET_H -DHAVE_SYS_STAT_H -DHAVE_SYS_TIME_H -DHAVE_SYS_TYPES_H -DHAVE_SYS_UIO_H -DHAVE_SYS_UN_H -DHAVE_SYS_XATTR_H -DHAVE_ALLOCA_H -DHAVE_ARPA_INET_H -DHAVE_ARPA_TFTP_H -DHAVE_ASSERT_H -DHAVE_ERR_H -DHAVE_ERRNO_H -DHAVE_FCNTL_H -DHAVE_IFADDRS_H -DHAVE_LIBGEN_H -DHAVE_LOCALE_H -DHAVE_NET_IF_H -DHAVE_NETDB_H -DHAVE_NETINET_IN_H -DHAVE_NETINET_TCP_H -DHAVE_POLL_H -DHAVE_PWD_H -DHAVE_SETJMP_H -DHAVE_SGTTY_H -DHAVE_SIGNAL_H -DHAVE_STDBOOL_H -DHAVE_STDINT_H -DHAVE_STDIO_H -DHAVE_STDLIB_H -DHAVE_STRING_H -DHAVE_STRINGS_H -DHAVE_STROPTS_H -DHAVE_TERMIO_H -DHAVE_TERMIOS_H -DHAVE_TIME_H -DHAVE_UNISTD_H -DHAVE_UTIME_H -DHAVE_STDDEF_H -DHAVE_DLFCN_H -DHAVE_MALLOC_H -DHAVE_MEMORY_H -DHAVE_NETINET_IF_ETHER_H -DHAVE_STDINT_H -DHAVE_SYS_UTSNAME_H -std=gnu11 -o CMakeFiles/cmTC_2eee4.dir/CurlTests.c.o -c /home/smartcam/Desktop/EE_code/multipurposecamera/EE_team/init_resources/cmake-3.18.0/Utilities/cmcurl/CMake/CurlTests.c
/home/smartcam/Desktop/EE_code/multipurposecamera/EE_team/init_resources/cmake-3.18.0/Utilities/cmcurl/CMake/CurlTests.c: In function ‘main’:
/home/smartcam/Desktop/EE_code/multipurposecamera/EE_team/init_resources/cmake-3.18.0/Utilities/cmcurl/CMake/CurlTests.c:106:23: error: storage size of ‘hdata’ isn’t known
   struct hostent_data hdata;
                       ^~~~~
/home/smartcam/Desktop/EE_code/multipurposecamera/EE_team/init_resources/cmake-3.18.0/Utilities/cmcurl/CMake/CurlTests.c:127:8: error: too few arguments to function ‘gethostbyaddr_r’
   rc = gethostbyaddr_r(address, length, type, &h, &hdata);
        ^~~~~~~~~~~~~~~
In file included from /home/smartcam/Desktop/EE_code/multipurposecamera/EE_team/init_resources/cmake-3.18.0/Utilities/cmcurl/CMake/CurlTests.c:93:0:
/usr/include/netdb.h:170:12: note: declared here
 extern int gethostbyaddr_r (const void *__restrict __addr, __socklen_t __len,
            ^~~~~~~~~~~~~~~
CMakeFiles/cmTC_2eee4.dir/build.make:84: recipe for target 'CMakeFiles/cmTC_2eee4.dir/CurlTests.c.o' failed
make[1]: *** [CMakeFiles/cmTC_2eee4.dir/CurlTests.c.o] Error 1
make[1]: Leaving directory '/home/smartcam/Desktop/EE_code/multipurposecamera/EE_team/init_resources/cmake-3.18.0/CMakeFiles/CMakeTmp'
Makefile:140: recipe for target 'cmTC_2eee4/fast' failed
make: *** [cmTC_2eee4/fast] Error 2


Performing Curl Test HAVE_GETHOSTBYADDR_R_7 failed with the following output:
Change Dir: /home/smartcam/Desktop/EE_code/multipurposecamera/EE_team/init_resources/cmake-3.18.0/CMakeFiles/CMakeTmp

Run Build Command(s):/usr/bin/make cmTC_d8f55/fast && make  -f CMakeFiles/cmTC_d8f55.dir/build.make CMakeFiles/cmTC_d8f55.dir/build
make[1]: Entering directory '/home/smartcam/Desktop/EE_code/multipurposecamera/EE_team/init_resources/cmake-3.18.0/CMakeFiles/CMakeTmp'
Building C object CMakeFiles/cmTC_d8f55.dir/CurlTests.c.o
/usr/bin/gcc   -w -DHAVE_GETHOSTBYADDR_R_7  -DHAVE_STDIO_H -DHAVE_INTTYPES_H -DHAVE_SYS_IOCTL_H -DHAVE_SYS_PARAM_H -DHAVE_SYS_POLL_H -DHAVE_SYS_RESOURCE_H -DHAVE_SYS_SELECT_H -DHAVE_SYS_SOCKET_H -DHAVE_SYS_STAT_H -DHAVE_SYS_TIME_H -DHAVE_SYS_TYPES_H -DHAVE_SYS_UIO_H -DHAVE_SYS_UN_H -DHAVE_SYS_XATTR_H -DHAVE_ALLOCA_H -DHAVE_ARPA_INET_H -DHAVE_ARPA_TFTP_H -DHAVE_ASSERT_H -DHAVE_ERR_H -DHAVE_ERRNO_H -DHAVE_FCNTL_H -DHAVE_IFADDRS_H -DHAVE_LIBGEN_H -DHAVE_LOCALE_H -DHAVE_NET_IF_H -DHAVE_NETDB_H -DHAVE_NETINET_IN_H -DHAVE_NETINET_TCP_H -DHAVE_POLL_H -DHAVE_PWD_H -DHAVE_SETJMP_H -DHAVE_SGTTY_H -DHAVE_SIGNAL_H -DHAVE_STDBOOL_H -DHAVE_STDINT_H -DHAVE_STDIO_H -DHAVE_STDLIB_H -DHAVE_STRING_H -DHAVE_STRINGS_H -DHAVE_STROPTS_H -DHAVE_TERMIO_H -DHAVE_TERMIOS_H -DHAVE_TIME_H -DHAVE_UNISTD_H -DHAVE_UTIME_H -DHAVE_STDDEF_H -DHAVE_DLFCN_H -DHAVE_MALLOC_H -DHAVE_MEMORY_H -DHAVE_NETINET_IF_ETHER_H -DHAVE_STDINT_H -DHAVE_SYS_UTSNAME_H -std=gnu11 -o CMakeFiles/cmTC_d8f55.dir/CurlTests.c.o -c /home/smartcam/Desktop/EE_code/multipurposecamera/EE_team/init_resources/cmake-3.18.0/Utilities/cmcurl/CMake/CurlTests.c
/home/smartcam/Desktop/EE_code/multipurposecamera/EE_team/init_resources/cmake-3.18.0/Utilities/cmcurl/CMake/CurlTests.c: In function ‘main’:
/home/smartcam/Desktop/EE_code/multipurposecamera/EE_team/init_resources/cmake-3.18.0/Utilities/cmcurl/CMake/CurlTests.c:131:8: error: too few arguments to function ‘gethostbyaddr_r’
   hp = gethostbyaddr_r(address, length, type, &h, buffer, 8192, &h_errnop);
        ^~~~~~~~~~~~~~~
In file included from /home/smartcam/Desktop/EE_code/multipurposecamera/EE_team/init_resources/cmake-3.18.0/Utilities/cmcurl/CMake/CurlTests.c:93:0:
/usr/include/netdb.h:170:12: note: declared here
 extern int gethostbyaddr_r (const void *__restrict __addr, __socklen_t __len,
            ^~~~~~~~~~~~~~~
CMakeFiles/cmTC_d8f55.dir/build.make:84: recipe for target 'CMakeFiles/cmTC_d8f55.dir/CurlTests.c.o' failed
make[1]: *** [CMakeFiles/cmTC_d8f55.dir/CurlTests.c.o] Error 1
make[1]: Leaving directory '/home/smartcam/Desktop/EE_code/multipurposecamera/EE_team/init_resources/cmake-3.18.0/CMakeFiles/CMakeTmp'
Makefile:140: recipe for target 'cmTC_d8f55/fast' failed
make: *** [cmTC_d8f55/fast] Error 2


Performing Curl Test HAVE_GETHOSTBYADDR_R_5_REENTRANT failed with the following output:
Change Dir: /home/smartcam/Desktop/EE_code/multipurposecamera/EE_team/init_resources/cmake-3.18.0/CMakeFiles/CMakeTmp

Run Build Command(s):/usr/bin/make cmTC_d355e/fast && make  -f CMakeFiles/cmTC_d355e.dir/build.make CMakeFiles/cmTC_d355e.dir/build
make[1]: Entering directory '/home/smartcam/Desktop/EE_code/multipurposecamera/EE_team/init_resources/cmake-3.18.0/CMakeFiles/CMakeTmp'
Building C object CMakeFiles/cmTC_d355e.dir/CurlTests.c.o
/usr/bin/gcc   -w -DHAVE_GETHOSTBYADDR_R_5_REENTRANT  -DHAVE_STDIO_H -DHAVE_INTTYPES_H -DHAVE_SYS_IOCTL_H -DHAVE_SYS_PARAM_H -DHAVE_SYS_POLL_H -DHAVE_SYS_RESOURCE_H -DHAVE_SYS_SELECT_H -DHAVE_SYS_SOCKET_H -DHAVE_SYS_STAT_H -DHAVE_SYS_TIME_H -DHAVE_SYS_TYPES_H -DHAVE_SYS_UIO_H -DHAVE_SYS_UN_H -DHAVE_SYS_XATTR_H -DHAVE_ALLOCA_H -DHAVE_ARPA_INET_H -DHAVE_ARPA_TFTP_H -DHAVE_ASSERT_H -DHAVE_ERR_H -DHAVE_ERRNO_H -DHAVE_FCNTL_H -DHAVE_IFADDRS_H -DHAVE_LIBGEN_H -DHAVE_LOCALE_H -DHAVE_NET_IF_H -DHAVE_NETDB_H -DHAVE_NETINET_IN_H -DHAVE_NETINET_TCP_H -DHAVE_POLL_H -DHAVE_PWD_H -DHAVE_SETJMP_H -DHAVE_SGTTY_H -DHAVE_SIGNAL_H -DHAVE_STDBOOL_H -DHAVE_STDINT_H -DHAVE_STDIO_H -DHAVE_STDLIB_H -DHAVE_STRING_H -DHAVE_STRINGS_H -DHAVE_STROPTS_H -DHAVE_TERMIO_H -DHAVE_TERMIOS_H -DHAVE_TIME_H -DHAVE_UNISTD_H -DHAVE_UTIME_H -DHAVE_STDDEF_H -DHAVE_DLFCN_H -DHAVE_MALLOC_H -DHAVE_MEMORY_H -DHAVE_NETINET_IF_ETHER_H -DHAVE_STDINT_H -DHAVE_SYS_UTSNAME_H -std=gnu11 -o CMakeFiles/cmTC_d355e.dir/CurlTests.c.o -c /home/smartcam/Desktop/EE_code/multipurposecamera/EE_team/init_resources/cmake-3.18.0/Utilities/cmcurl/CMake/CurlTests.c
/home/smartcam/Desktop/EE_code/multipurposecamera/EE_team/init_resources/cmake-3.18.0/Utilities/cmcurl/CMake/CurlTests.c: In function ‘main’:
/home/smartcam/Desktop/EE_code/multipurposecamera/EE_team/init_resources/cmake-3.18.0/Utilities/cmcurl/CMake/CurlTests.c:106:23: error: storage size of ‘hdata’ isn’t known
   struct hostent_data hdata;
                       ^~~~~
/home/smartcam/Desktop/EE_code/multipurposecamera/EE_team/init_resources/cmake-3.18.0/Utilities/cmcurl/CMake/CurlTests.c:127:8: error: too few arguments to function ‘gethostbyaddr_r’
   rc = gethostbyaddr_r(address, length, type, &h, &hdata);
        ^~~~~~~~~~~~~~~
In file included from /home/smartcam/Desktop/EE_code/multipurposecamera/EE_team/init_resources/cmake-3.18.0/Utilities/cmcurl/CMake/CurlTests.c:93:0:
/usr/include/netdb.h:170:12: note: declared here
 extern int gethostbyaddr_r (const void *__restrict __addr, __socklen_t __len,
            ^~~~~~~~~~~~~~~
CMakeFiles/cmTC_d355e.dir/build.make:84: recipe for target 'CMakeFiles/cmTC_d355e.dir/CurlTests.c.o' failed
make[1]: *** [CMakeFiles/cmTC_d355e.dir/CurlTests.c.o] Error 1
make[1]: Leaving directory '/home/smartcam/Desktop/EE_code/multipurposecamera/EE_team/init_resources/cmake-3.18.0/CMakeFiles/CMakeTmp'
Makefile:140: recipe for target 'cmTC_d355e/fast' failed
make: *** [cmTC_d355e/fast] Error 2


Performing Curl Test HAVE_GETHOSTBYADDR_R_7_REENTRANT failed with the following output:
Change Dir: /home/smartcam/Desktop/EE_code/multipurposecamera/EE_team/init_resources/cmake-3.18.0/CMakeFiles/CMakeTmp

Run Build Command(s):/usr/bin/make cmTC_66bfc/fast && make  -f CMakeFiles/cmTC_66bfc.dir/build.make CMakeFiles/cmTC_66bfc.dir/build
make[1]: Entering directory '/home/smartcam/Desktop/EE_code/multipurposecamera/EE_team/init_resources/cmake-3.18.0/CMakeFiles/CMakeTmp'
Building C object CMakeFiles/cmTC_66bfc.dir/CurlTests.c.o
/usr/bin/gcc   -w -DHAVE_GETHOSTBYADDR_R_7_REENTRANT  -DHAVE_STDIO_H -DHAVE_INTTYPES_H -DHAVE_SYS_IOCTL_H -DHAVE_SYS_PARAM_H -DHAVE_SYS_POLL_H -DHAVE_SYS_RESOURCE_H -DHAVE_SYS_SELECT_H -DHAVE_SYS_SOCKET_H -DHAVE_SYS_STAT_H -DHAVE_SYS_TIME_H -DHAVE_SYS_TYPES_H -DHAVE_SYS_UIO_H -DHAVE_SYS_UN_H -DHAVE_SYS_XATTR_H -DHAVE_ALLOCA_H -DHAVE_ARPA_INET_H -DHAVE_ARPA_TFTP_H -DHAVE_ASSERT_H -DHAVE_ERR_H -DHAVE_ERRNO_H -DHAVE_FCNTL_H -DHAVE_IFADDRS_H -DHAVE_LIBGEN_H -DHAVE_LOCALE_H -DHAVE_NET_IF_H -DHAVE_NETDB_H -DHAVE_NETINET_IN_H -DHAVE_NETINET_TCP_H -DHAVE_POLL_H -DHAVE_PWD_H -DHAVE_SETJMP_H -DHAVE_SGTTY_H -DHAVE_SIGNAL_H -DHAVE_STDBOOL_H -DHAVE_STDINT_H -DHAVE_STDIO_H -DHAVE_STDLIB_H -DHAVE_STRING_H -DHAVE_STRINGS_H -DHAVE_STROPTS_H -DHAVE_TERMIO_H -DHAVE_TERMIOS_H -DHAVE_TIME_H -DHAVE_UNISTD_H -DHAVE_UTIME_H -DHAVE_STDDEF_H -DHAVE_DLFCN_H -DHAVE_MALLOC_H -DHAVE_MEMORY_H -DHAVE_NETINET_IF_ETHER_H -DHAVE_STDINT_H -DHAVE_SYS_UTSNAME_H -std=gnu11 -o CMakeFiles/cmTC_66bfc.dir/CurlTests.c.o -c /home/smartcam/Desktop/EE_code/multipurposecamera/EE_team/init_resources/cmake-3.18.0/Utilities/cmcurl/CMake/CurlTests.c
/home/smartcam/Desktop/EE_code/multipurposecamera/EE_team/init_resources/cmake-3.18.0/Utilities/cmcurl/CMake/CurlTests.c: In function ‘main’:
/home/smartcam/Desktop/EE_code/multipurposecamera/EE_team/init_resources/cmake-3.18.0/Utilities/cmcurl/CMake/CurlTests.c:131:8: error: too few arguments to function ‘gethostbyaddr_r’
   hp = gethostbyaddr_r(address, length, type, &h, buffer, 8192, &h_errnop);
        ^~~~~~~~~~~~~~~
In file included from /home/smartcam/Desktop/EE_code/multipurposecamera/EE_team/init_resources/cmake-3.18.0/Utilities/cmcurl/CMake/CurlTests.c:93:0:
/usr/include/netdb.h:170:12: note: declared here
 extern int gethostbyaddr_r (const void *__restrict __addr, __socklen_t __len,
            ^~~~~~~~~~~~~~~
CMakeFiles/cmTC_66bfc.dir/build.make:84: recipe for target 'CMakeFiles/cmTC_66bfc.dir/CurlTests.c.o' failed
make[1]: *** [CMakeFiles/cmTC_66bfc.dir/CurlTests.c.o] Error 1
make[1]: Leaving directory '/home/smartcam/Desktop/EE_code/multipurposecamera/EE_team/init_resources/cmake-3.18.0/CMakeFiles/CMakeTmp'
Makefile:140: recipe for target 'cmTC_66bfc/fast' failed
make: *** [cmTC_66bfc/fast] Error 2


Performing Curl Test HAVE_GETHOSTBYNAME_R_3 failed with the following output:
Change Dir: /home/smartcam/Desktop/EE_code/multipurposecamera/EE_team/init_resources/cmake-3.18.0/CMakeFiles/CMakeTmp

Run Build Command(s):/usr/bin/make cmTC_e2468/fast && make  -f CMakeFiles/cmTC_e2468.dir/build.make CMakeFiles/cmTC_e2468.dir/build
make[1]: Entering directory '/home/smartcam/Desktop/EE_code/multipurposecamera/EE_team/init_resources/cmake-3.18.0/CMakeFiles/CMakeTmp'
Building C object CMakeFiles/cmTC_e2468.dir/CurlTests.c.o
/usr/bin/gcc   -w -DHAVE_GETHOSTBYNAME_R_3  -DHAVE_STDIO_H -DHAVE_INTTYPES_H -DHAVE_SYS_IOCTL_H -DHAVE_SYS_PARAM_H -DHAVE_SYS_POLL_H -DHAVE_SYS_RESOURCE_H -DHAVE_SYS_SELECT_H -DHAVE_SYS_SOCKET_H -DHAVE_SYS_STAT_H -DHAVE_SYS_TIME_H -DHAVE_SYS_TYPES_H -DHAVE_SYS_UIO_H -DHAVE_SYS_UN_H -DHAVE_SYS_XATTR_H -DHAVE_ALLOCA_H -DHAVE_ARPA_INET_H -DHAVE_ARPA_TFTP_H -DHAVE_ASSERT_H -DHAVE_ERR_H -DHAVE_ERRNO_H -DHAVE_FCNTL_H -DHAVE_IFADDRS_H -DHAVE_LIBGEN_H -DHAVE_LOCALE_H -DHAVE_NET_IF_H -DHAVE_NETDB_H -DHAVE_NETINET_IN_H -DHAVE_NETINET_TCP_H -DHAVE_POLL_H -DHAVE_PWD_H -DHAVE_SETJMP_H -DHAVE_SGTTY_H -DHAVE_SIGNAL_H -DHAVE_STDBOOL_H -DHAVE_STDINT_H -DHAVE_STDIO_H -DHAVE_STDLIB_H -DHAVE_STRING_H -DHAVE_STRINGS_H -DHAVE_STROPTS_H -DHAVE_TERMIO_H -DHAVE_TERMIOS_H -DHAVE_TIME_H -DHAVE_UNISTD_H -DHAVE_UTIME_H -DHAVE_STDDEF_H -DHAVE_DLFCN_H -DHAVE_MALLOC_H -DHAVE_MEMORY_H -DHAVE_NETINET_IF_ETHER_H -DHAVE_STDINT_H -DHAVE_SYS_UTSNAME_H -std=gnu11 -o CMakeFiles/cmTC_e2468.dir/CurlTests.c.o -c /home/smartcam/Desktop/EE_code/multipurposecamera/EE_team/init_resources/cmake-3.18.0/Utilities/cmcurl/CMake/CurlTests.c
/home/smartcam/Desktop/EE_code/multipurposecamera/EE_team/init_resources/cmake-3.18.0/Utilities/cmcurl/CMake/CurlTests.c: In function ‘main’:
/home/smartcam/Desktop/EE_code/multipurposecamera/EE_team/init_resources/cmake-3.18.0/Utilities/cmcurl/CMake/CurlTests.c:106:23: error: storage size of ‘hdata’ isn’t known
   struct hostent_data hdata;
                       ^~~~~
/home/smartcam/Desktop/EE_code/multipurposecamera/EE_team/init_resources/cmake-3.18.0/Utilities/cmcurl/CMake/CurlTests.c:141:8: error: too few arguments to function ‘gethostbyname_r’
   rc = gethostbyname_r(address, &h, &hdata);
        ^~~~~~~~~~~~~~~
In file included from /home/smartcam/Desktop/EE_code/multipurposecamera/EE_team/init_resources/cmake-3.18.0/Utilities/cmcurl/CMake/CurlTests.c:93:0:
/usr/include/netdb.h:177:12: note: declared here
 extern int gethostbyname_r (const char *__restrict __name,
            ^~~~~~~~~~~~~~~
CMakeFiles/cmTC_e2468.dir/build.make:84: recipe for target 'CMakeFiles/cmTC_e2468.dir/CurlTests.c.o' failed
make[1]: *** [CMakeFiles/cmTC_e2468.dir/CurlTests.c.o] Error 1
make[1]: Leaving directory '/home/smartcam/Desktop/EE_code/multipurposecamera/EE_team/init_resources/cmake-3.18.0/CMakeFiles/CMakeTmp'
Makefile:140: recipe for target 'cmTC_e2468/fast' failed
make: *** [cmTC_e2468/fast] Error 2


Performing Curl Test HAVE_GETHOSTBYNAME_R_5 failed with the following output:
Change Dir: /home/smartcam/Desktop/EE_code/multipurposecamera/EE_team/init_resources/cmake-3.18.0/CMakeFiles/CMakeTmp

Run Build Command(s):/usr/bin/make cmTC_008bc/fast && make  -f CMakeFiles/cmTC_008bc.dir/build.make CMakeFiles/cmTC_008bc.dir/build
make[1]: Entering directory '/home/smartcam/Desktop/EE_code/multipurposecamera/EE_team/init_resources/cmake-3.18.0/CMakeFiles/CMakeTmp'
Building C object CMakeFiles/cmTC_008bc.dir/CurlTests.c.o
/usr/bin/gcc   -w -DHAVE_GETHOSTBYNAME_R_5  -DHAVE_STDIO_H -DHAVE_INTTYPES_H -DHAVE_SYS_IOCTL_H -DHAVE_SYS_PARAM_H -DHAVE_SYS_POLL_H -DHAVE_SYS_RESOURCE_H -DHAVE_SYS_SELECT_H -DHAVE_SYS_SOCKET_H -DHAVE_SYS_STAT_H -DHAVE_SYS_TIME_H -DHAVE_SYS_TYPES_H -DHAVE_SYS_UIO_H -DHAVE_SYS_UN_H -DHAVE_SYS_XATTR_H -DHAVE_ALLOCA_H -DHAVE_ARPA_INET_H -DHAVE_ARPA_TFTP_H -DHAVE_ASSERT_H -DHAVE_ERR_H -DHAVE_ERRNO_H -DHAVE_FCNTL_H -DHAVE_IFADDRS_H -DHAVE_LIBGEN_H -DHAVE_LOCALE_H -DHAVE_NET_IF_H -DHAVE_NETDB_H -DHAVE_NETINET_IN_H -DHAVE_NETINET_TCP_H -DHAVE_POLL_H -DHAVE_PWD_H -DHAVE_SETJMP_H -DHAVE_SGTTY_H -DHAVE_SIGNAL_H -DHAVE_STDBOOL_H -DHAVE_STDINT_H -DHAVE_STDIO_H -DHAVE_STDLIB_H -DHAVE_STRING_H -DHAVE_STRINGS_H -DHAVE_STROPTS_H -DHAVE_TERMIO_H -DHAVE_TERMIOS_H -DHAVE_TIME_H -DHAVE_UNISTD_H -DHAVE_UTIME_H -DHAVE_STDDEF_H -DHAVE_DLFCN_H -DHAVE_MALLOC_H -DHAVE_MEMORY_H -DHAVE_NETINET_IF_ETHER_H -DHAVE_STDINT_H -DHAVE_SYS_UTSNAME_H -std=gnu11 -o CMakeFiles/cmTC_008bc.dir/CurlTests.c.o -c /home/smartcam/Desktop/EE_code/multipurposecamera/EE_team/init_resources/cmake-3.18.0/Utilities/cmcurl/CMake/CurlTests.c
/home/smartcam/Desktop/EE_code/multipurposecamera/EE_team/init_resources/cmake-3.18.0/Utilities/cmcurl/CMake/CurlTests.c: In function ‘main’:
/home/smartcam/Desktop/EE_code/multipurposecamera/EE_team/init_resources/cmake-3.18.0/Utilities/cmcurl/CMake/CurlTests.c:144:8: error: too few arguments to function ‘gethostbyname_r’
   rc = gethostbyname_r(address, &h, buffer, 8192, &h_errnop);
        ^~~~~~~~~~~~~~~
In file included from /home/smartcam/Desktop/EE_code/multipurposecamera/EE_team/init_resources/cmake-3.18.0/Utilities/cmcurl/CMake/CurlTests.c:93:0:
/usr/include/netdb.h:177:12: note: declared here
 extern int gethostbyname_r (const char *__restrict __name,
            ^~~~~~~~~~~~~~~
CMakeFiles/cmTC_008bc.dir/build.make:84: recipe for target 'CMakeFiles/cmTC_008bc.dir/CurlTests.c.o' failed
make[1]: *** [CMakeFiles/cmTC_008bc.dir/CurlTests.c.o] Error 1
make[1]: Leaving directory '/home/smartcam/Desktop/EE_code/multipurposecamera/EE_team/init_resources/cmake-3.18.0/CMakeFiles/CMakeTmp'
Makefile:140: recipe for target 'cmTC_008bc/fast' failed
make: *** [cmTC_008bc/fast] Error 2


Performing Curl Test HAVE_GETHOSTBYNAME_R_3_REENTRANT failed with the following output:
Change Dir: /home/smartcam/Desktop/EE_code/multipurposecamera/EE_team/init_resources/cmake-3.18.0/CMakeFiles/CMakeTmp

Run Build Command(s):/usr/bin/make cmTC_0f0f9/fast && make  -f CMakeFiles/cmTC_0f0f9.dir/build.make CMakeFiles/cmTC_0f0f9.dir/build
make[1]: Entering directory '/home/smartcam/Desktop/EE_code/multipurposecamera/EE_team/init_resources/cmake-3.18.0/CMakeFiles/CMakeTmp'
Building C object CMakeFiles/cmTC_0f0f9.dir/CurlTests.c.o
/usr/bin/gcc   -w -DHAVE_GETHOSTBYNAME_R_3_REENTRANT  -DHAVE_STDIO_H -DHAVE_INTTYPES_H -DHAVE_SYS_IOCTL_H -DHAVE_SYS_PARAM_H -DHAVE_SYS_POLL_H -DHAVE_SYS_RESOURCE_H -DHAVE_SYS_SELECT_H -DHAVE_SYS_SOCKET_H -DHAVE_SYS_STAT_H -DHAVE_SYS_TIME_H -DHAVE_SYS_TYPES_H -DHAVE_SYS_UIO_H -DHAVE_SYS_UN_H -DHAVE_SYS_XATTR_H -DHAVE_ALLOCA_H -DHAVE_ARPA_INET_H -DHAVE_ARPA_TFTP_H -DHAVE_ASSERT_H -DHAVE_ERR_H -DHAVE_ERRNO_H -DHAVE_FCNTL_H -DHAVE_IFADDRS_H -DHAVE_LIBGEN_H -DHAVE_LOCALE_H -DHAVE_NET_IF_H -DHAVE_NETDB_H -DHAVE_NETINET_IN_H -DHAVE_NETINET_TCP_H -DHAVE_POLL_H -DHAVE_PWD_H -DHAVE_SETJMP_H -DHAVE_SGTTY_H -DHAVE_SIGNAL_H -DHAVE_STDBOOL_H -DHAVE_STDINT_H -DHAVE_STDIO_H -DHAVE_STDLIB_H -DHAVE_STRING_H -DHAVE_STRINGS_H -DHAVE_STROPTS_H -DHAVE_TERMIO_H -DHAVE_TERMIOS_H -DHAVE_TIME_H -DHAVE_UNISTD_H -DHAVE_UTIME_H -DHAVE_STDDEF_H -DHAVE_DLFCN_H -DHAVE_MALLOC_H -DHAVE_MEMORY_H -DHAVE_NETINET_IF_ETHER_H -DHAVE_STDINT_H -DHAVE_SYS_UTSNAME_H -std=gnu11 -o CMakeFiles/cmTC_0f0f9.dir/CurlTests.c.o -c /home/smartcam/Desktop/EE_code/multipurposecamera/EE_team/init_resources/cmake-3.18.0/Utilities/cmcurl/CMake/CurlTests.c
/home/smartcam/Desktop/EE_code/multipurposecamera/EE_team/init_resources/cmake-3.18.0/Utilities/cmcurl/CMake/CurlTests.c: In function ‘main’:
/home/smartcam/Desktop/EE_code/multipurposecamera/EE_team/init_resources/cmake-3.18.0/Utilities/cmcurl/CMake/CurlTests.c:106:23: error: storage size of ‘hdata’ isn’t known
   struct hostent_data hdata;
                       ^~~~~
/home/smartcam/Desktop/EE_code/multipurposecamera/EE_team/init_resources/cmake-3.18.0/Utilities/cmcurl/CMake/CurlTests.c:141:8: error: too few arguments to function ‘gethostbyname_r’
   rc = gethostbyname_r(address, &h, &hdata);
        ^~~~~~~~~~~~~~~
In file included from /home/smartcam/Desktop/EE_code/multipurposecamera/EE_team/init_resources/cmake-3.18.0/Utilities/cmcurl/CMake/CurlTests.c:93:0:
/usr/include/netdb.h:177:12: note: declared here
 extern int gethostbyname_r (const char *__restrict __name,
            ^~~~~~~~~~~~~~~
CMakeFiles/cmTC_0f0f9.dir/build.make:84: recipe for target 'CMakeFiles/cmTC_0f0f9.dir/CurlTests.c.o' failed
make[1]: *** [CMakeFiles/cmTC_0f0f9.dir/CurlTests.c.o] Error 1
make[1]: Leaving directory '/home/smartcam/Desktop/EE_code/multipurposecamera/EE_team/init_resources/cmake-3.18.0/CMakeFiles/CMakeTmp'
Makefile:140: recipe for target 'cmTC_0f0f9/fast' failed
make: *** [cmTC_0f0f9/fast] Error 2


Performing Curl Test HAVE_GETHOSTBYNAME_R_5_REENTRANT failed with the following output:
Change Dir: /home/smartcam/Desktop/EE_code/multipurposecamera/EE_team/init_resources/cmake-3.18.0/CMakeFiles/CMakeTmp

Run Build Command(s):/usr/bin/make cmTC_9990f/fast && make  -f CMakeFiles/cmTC_9990f.dir/build.make CMakeFiles/cmTC_9990f.dir/build
make[1]: Entering directory '/home/smartcam/Desktop/EE_code/multipurposecamera/EE_team/init_resources/cmake-3.18.0/CMakeFiles/CMakeTmp'
Building C object CMakeFiles/cmTC_9990f.dir/CurlTests.c.o
/usr/bin/gcc   -w -DHAVE_GETHOSTBYNAME_R_5_REENTRANT  -DHAVE_STDIO_H -DHAVE_INTTYPES_H -DHAVE_SYS_IOCTL_H -DHAVE_SYS_PARAM_H -DHAVE_SYS_POLL_H -DHAVE_SYS_RESOURCE_H -DHAVE_SYS_SELECT_H -DHAVE_SYS_SOCKET_H -DHAVE_SYS_STAT_H -DHAVE_SYS_TIME_H -DHAVE_SYS_TYPES_H -DHAVE_SYS_UIO_H -DHAVE_SYS_UN_H -DHAVE_SYS_XATTR_H -DHAVE_ALLOCA_H -DHAVE_ARPA_INET_H -DHAVE_ARPA_TFTP_H -DHAVE_ASSERT_H -DHAVE_ERR_H -DHAVE_ERRNO_H -DHAVE_FCNTL_H -DHAVE_IFADDRS_H -DHAVE_LIBGEN_H -DHAVE_LOCALE_H -DHAVE_NET_IF_H -DHAVE_NETDB_H -DHAVE_NETINET_IN_H -DHAVE_NETINET_TCP_H -DHAVE_POLL_H -DHAVE_PWD_H -DHAVE_SETJMP_H -DHAVE_SGTTY_H -DHAVE_SIGNAL_H -DHAVE_STDBOOL_H -DHAVE_STDINT_H -DHAVE_STDIO_H -DHAVE_STDLIB_H -DHAVE_STRING_H -DHAVE_STRINGS_H -DHAVE_STROPTS_H -DHAVE_TERMIO_H -DHAVE_TERMIOS_H -DHAVE_TIME_H -DHAVE_UNISTD_H -DHAVE_UTIME_H -DHAVE_STDDEF_H -DHAVE_DLFCN_H -DHAVE_MALLOC_H -DHAVE_MEMORY_H -DHAVE_NETINET_IF_ETHER_H -DHAVE_STDINT_H -DHAVE_SYS_UTSNAME_H -std=gnu11 -o CMakeFiles/cmTC_9990f.dir/CurlTests.c.o -c /home/smartcam/Desktop/EE_code/multipurposecamera/EE_team/init_resources/cmake-3.18.0/Utilities/cmcurl/CMake/CurlTests.c
/home/smartcam/Desktop/EE_code/multipurposecamera/EE_team/init_resources/cmake-3.18.0/Utilities/cmcurl/CMake/CurlTests.c: In function ‘main’:
/home/smartcam/Desktop/EE_code/multipurposecamera/EE_team/init_resources/cmake-3.18.0/Utilities/cmcurl/CMake/CurlTests.c:144:8: error: too few arguments to function ‘gethostbyname_r’
   rc = gethostbyname_r(address, &h, buffer, 8192, &h_errnop);
        ^~~~~~~~~~~~~~~
In file included from /home/smartcam/Desktop/EE_code/multipurposecamera/EE_team/init_resources/cmake-3.18.0/Utilities/cmcurl/CMake/CurlTests.c:93:0:
/usr/include/netdb.h:177:12: note: declared here
 extern int gethostbyname_r (const char *__restrict __name,
            ^~~~~~~~~~~~~~~
CMakeFiles/cmTC_9990f.dir/build.make:84: recipe for target 'CMakeFiles/cmTC_9990f.dir/CurlTests.c.o' failed
make[1]: *** [CMakeFiles/cmTC_9990f.dir/CurlTests.c.o] Error 1
make[1]: Leaving directory '/home/smartcam/Desktop/EE_code/multipurposecamera/EE_team/init_resources/cmake-3.18.0/CMakeFiles/CMakeTmp'
Makefile:140: recipe for target 'cmTC_9990f/fast' failed
make: *** [cmTC_9990f/fast] Error 2


Performing Curl Test HAVE_INET_NTOA_R_DECL failed with the following output:
Change Dir: /home/smartcam/Desktop/EE_code/multipurposecamera/EE_team/init_resources/cmake-3.18.0/CMakeFiles/CMakeTmp

Run Build Command(s):/usr/bin/make cmTC_b66fd/fast && make  -f CMakeFiles/cmTC_b66fd.dir/build.make CMakeFiles/cmTC_b66fd.dir/build
make[1]: Entering directory '/home/smartcam/Desktop/EE_code/multipurposecamera/EE_team/init_resources/cmake-3.18.0/CMakeFiles/CMakeTmp'
Building C object CMakeFiles/cmTC_b66fd.dir/CurlTests.c.o
/usr/bin/gcc   -w -DHAVE_INET_NTOA_R_DECL  -DHAVE_STDIO_H -DHAVE_INTTYPES_H -DHAVE_SYS_IOCTL_H -DHAVE_SYS_PARAM_H -DHAVE_SYS_POLL_H -DHAVE_SYS_RESOURCE_H -DHAVE_SYS_SELECT_H -DHAVE_SYS_SOCKET_H -DHAVE_SYS_STAT_H -DHAVE_SYS_TIME_H -DHAVE_SYS_TYPES_H -DHAVE_SYS_UIO_H -DHAVE_SYS_UN_H -DHAVE_SYS_XATTR_H -DHAVE_ALLOCA_H -DHAVE_ARPA_INET_H -DHAVE_ARPA_TFTP_H -DHAVE_ASSERT_H -DHAVE_ERR_H -DHAVE_ERRNO_H -DHAVE_FCNTL_H -DHAVE_IFADDRS_H -DHAVE_LIBGEN_H -DHAVE_LOCALE_H -DHAVE_NET_IF_H -DHAVE_NETDB_H -DHAVE_NETINET_IN_H -DHAVE_NETINET_TCP_H -DHAVE_POLL_H -DHAVE_PWD_H -DHAVE_SETJMP_H -DHAVE_SGTTY_H -DHAVE_SIGNAL_H -DHAVE_STDBOOL_H -DHAVE_STDINT_H -DHAVE_STDIO_H -DHAVE_STDLIB_H -DHAVE_STRING_H -DHAVE_STRINGS_H -DHAVE_STROPTS_H -DHAVE_TERMIO_H -DHAVE_TERMIOS_H -DHAVE_TIME_H -DHAVE_UNISTD_H -DHAVE_UTIME_H -DHAVE_STDDEF_H -DHAVE_DLFCN_H -DHAVE_MALLOC_H -DHAVE_MEMORY_H -DHAVE_NETINET_IF_ETHER_H -DHAVE_STDINT_H -DHAVE_SYS_UTSNAME_H -std=gnu11 -o CMakeFiles/cmTC_b66fd.dir/CurlTests.c.o -c /home/smartcam/Desktop/EE_code/multipurposecamera/EE_team/init_resources/cmake-3.18.0/Utilities/cmcurl/CMake/CurlTests.c
/home/smartcam/Desktop/EE_code/multipurposecamera/EE_team/init_resources/cmake-3.18.0/Utilities/cmcurl/CMake/CurlTests.c: In function ‘main’:
/home/smartcam/Desktop/EE_code/multipurposecamera/EE_team/init_resources/cmake-3.18.0/Utilities/cmcurl/CMake/CurlTests.c:244:21: error: ‘inet_ntoa_r’ undeclared (first use in this function); did you mean ‘inet_ntoa’?
   func = (func_type)inet_ntoa_r;
                     ^~~~~~~~~~~
                     inet_ntoa
/home/smartcam/Desktop/EE_code/multipurposecamera/EE_team/init_resources/cmake-3.18.0/Utilities/cmcurl/CMake/CurlTests.c:244:21: note: each undeclared identifier is reported only once for each function it appears in
CMakeFiles/cmTC_b66fd.dir/build.make:84: recipe for target 'CMakeFiles/cmTC_b66fd.dir/CurlTests.c.o' failed
make[1]: *** [CMakeFiles/cmTC_b66fd.dir/CurlTests.c.o] Error 1
make[1]: Leaving directory '/home/smartcam/Desktop/EE_code/multipurposecamera/EE_team/init_resources/cmake-3.18.0/CMakeFiles/CMakeTmp'
Makefile:140: recipe for target 'cmTC_b66fd/fast' failed
make: *** [cmTC_b66fd/fast] Error 2


Performing Curl Test HAVE_INET_NTOA_R_DECL_REENTRANT failed with the following output:
Change Dir: /home/smartcam/Desktop/EE_code/multipurposecamera/EE_team/init_resources/cmake-3.18.0/CMakeFiles/CMakeTmp

Run Build Command(s):/usr/bin/make cmTC_10ec1/fast && make  -f CMakeFiles/cmTC_10ec1.dir/build.make CMakeFiles/cmTC_10ec1.dir/build
make[1]: Entering directory '/home/smartcam/Desktop/EE_code/multipurposecamera/EE_team/init_resources/cmake-3.18.0/CMakeFiles/CMakeTmp'
Building C object CMakeFiles/cmTC_10ec1.dir/CurlTests.c.o
/usr/bin/gcc   -w -DHAVE_INET_NTOA_R_DECL_REENTRANT  -DHAVE_STDIO_H -DHAVE_INTTYPES_H -DHAVE_SYS_IOCTL_H -DHAVE_SYS_PARAM_H -DHAVE_SYS_POLL_H -DHAVE_SYS_RESOURCE_H -DHAVE_SYS_SELECT_H -DHAVE_SYS_SOCKET_H -DHAVE_SYS_STAT_H -DHAVE_SYS_TIME_H -DHAVE_SYS_TYPES_H -DHAVE_SYS_UIO_H -DHAVE_SYS_UN_H -DHAVE_SYS_XATTR_H -DHAVE_ALLOCA_H -DHAVE_ARPA_INET_H -DHAVE_ARPA_TFTP_H -DHAVE_ASSERT_H -DHAVE_ERR_H -DHAVE_ERRNO_H -DHAVE_FCNTL_H -DHAVE_IFADDRS_H -DHAVE_LIBGEN_H -DHAVE_LOCALE_H -DHAVE_NET_IF_H -DHAVE_NETDB_H -DHAVE_NETINET_IN_H -DHAVE_NETINET_TCP_H -DHAVE_POLL_H -DHAVE_PWD_H -DHAVE_SETJMP_H -DHAVE_SGTTY_H -DHAVE_SIGNAL_H -DHAVE_STDBOOL_H -DHAVE_STDINT_H -DHAVE_STDIO_H -DHAVE_STDLIB_H -DHAVE_STRING_H -DHAVE_STRINGS_H -DHAVE_STROPTS_H -DHAVE_TERMIO_H -DHAVE_TERMIOS_H -DHAVE_TIME_H -DHAVE_UNISTD_H -DHAVE_UTIME_H -DHAVE_STDDEF_H -DHAVE_DLFCN_H -DHAVE_MALLOC_H -DHAVE_MEMORY_H -DHAVE_NETINET_IF_ETHER_H -DHAVE_STDINT_H -DHAVE_SYS_UTSNAME_H -std=gnu11 -o CMakeFiles/cmTC_10ec1.dir/CurlTests.c.o -c /home/smartcam/Desktop/EE_code/multipurposecamera/EE_team/init_resources/cmake-3.18.0/Utilities/cmcurl/CMake/CurlTests.c
/home/smartcam/Desktop/EE_code/multipurposecamera/EE_team/init_resources/cmake-3.18.0/Utilities/cmcurl/CMake/CurlTests.c: In function ‘main’:
/home/smartcam/Desktop/EE_code/multipurposecamera/EE_team/init_resources/cmake-3.18.0/Utilities/cmcurl/CMake/CurlTests.c:260:22: error: ‘inet_ntoa_r’ undeclared (first use in this function); did you mean ‘inet_ntoa’?
   func = (func_type)&inet_ntoa_r;
                      ^~~~~~~~~~~
                      inet_ntoa
/home/smartcam/Desktop/EE_code/multipurposecamera/EE_team/init_resources/cmake-3.18.0/Utilities/cmcurl/CMake/CurlTests.c:260:22: note: each undeclared identifier is reported only once for each function it appears in
CMakeFiles/cmTC_10ec1.dir/build.make:84: recipe for target 'CMakeFiles/cmTC_10ec1.dir/CurlTests.c.o' failed
make[1]: *** [CMakeFiles/cmTC_10ec1.dir/CurlTests.c.o] Error 1
make[1]: Leaving directory '/home/smartcam/Desktop/EE_code/multipurposecamera/EE_team/init_resources/cmake-3.18.0/CMakeFiles/CMakeTmp'
Makefile:140: recipe for target 'cmTC_10ec1/fast' failed
make: *** [cmTC_10ec1/fast] Error 2


Performing Curl Test HAVE_GLIBC_STRERROR_R failed with the following output:
Change Dir: /home/smartcam/Desktop/EE_code/multipurposecamera/EE_team/init_resources/cmake-3.18.0/CMakeFiles/CMakeTmp

Run Build Command(s):/usr/bin/make cmTC_9b594/fast && make  -f CMakeFiles/cmTC_9b594.dir/build.make CMakeFiles/cmTC_9b594.dir/build
make[1]: Entering directory '/home/smartcam/Desktop/EE_code/multipurposecamera/EE_team/init_resources/cmake-3.18.0/CMakeFiles/CMakeTmp'
Building C object CMakeFiles/cmTC_9b594.dir/CurlTests.c.o
/usr/bin/gcc   -w -DHAVE_GLIBC_STRERROR_R  -DHAVE_STDIO_H -DHAVE_INTTYPES_H -DHAVE_SYS_IOCTL_H -DHAVE_SYS_PARAM_H -DHAVE_SYS_POLL_H -DHAVE_SYS_RESOURCE_H -DHAVE_SYS_SELECT_H -DHAVE_SYS_SOCKET_H -DHAVE_SYS_STAT_H -DHAVE_SYS_TIME_H -DHAVE_SYS_TYPES_H -DHAVE_SYS_UIO_H -DHAVE_SYS_UN_H -DHAVE_SYS_XATTR_H -DHAVE_ALLOCA_H -DHAVE_ARPA_INET_H -DHAVE_ARPA_TFTP_H -DHAVE_ASSERT_H -DHAVE_ERR_H -DHAVE_ERRNO_H -DHAVE_FCNTL_H -DHAVE_IFADDRS_H -DHAVE_LIBGEN_H -DHAVE_LOCALE_H -DHAVE_NET_IF_H -DHAVE_NETDB_H -DHAVE_NETINET_IN_H -DHAVE_NETINET_TCP_H -DHAVE_POLL_H -DHAVE_PWD_H -DHAVE_SETJMP_H -DHAVE_SGTTY_H -DHAVE_SIGNAL_H -DHAVE_STDBOOL_H -DHAVE_STDINT_H -DHAVE_STDIO_H -DHAVE_STDLIB_H -DHAVE_STRING_H -DHAVE_STRINGS_H -DHAVE_STROPTS_H -DHAVE_TERMIO_H -DHAVE_TERMIOS_H -DHAVE_TIME_H -DHAVE_UNISTD_H -DHAVE_UTIME_H -DHAVE_STDDEF_H -DHAVE_DLFCN_H -DHAVE_MALLOC_H -DHAVE_MEMORY_H -DHAVE_NETINET_IF_ETHER_H -DHAVE_STDINT_H -DHAVE_SYS_UTSNAME_H -std=gnu11 -o CMakeFiles/cmTC_9b594.dir/CurlTests.c.o -c /home/smartcam/Desktop/EE_code/multipurposecamera/EE_team/init_resources/cmake-3.18.0/Utilities/cmcurl/CMake/CurlTests.c
/home/smartcam/Desktop/EE_code/multipurposecamera/EE_team/init_resources/cmake-3.18.0/Utilities/cmcurl/CMake/CurlTests.c: In function ‘main’:
/home/smartcam/Desktop/EE_code/multipurposecamera/EE_team/init_resources/cmake-3.18.0/Utilities/cmcurl/CMake/CurlTests.c:521:51: error: subscripted value is neither array nor pointer nor vector
   check(strerror_r(EACCES, buffer, sizeof(buffer))[0]);
                                                   ^
CMakeFiles/cmTC_9b594.dir/build.make:84: recipe for target 'CMakeFiles/cmTC_9b594.dir/CurlTests.c.o' failed
make[1]: *** [CMakeFiles/cmTC_9b594.dir/CurlTests.c.o] Error 1
make[1]: Leaving directory '/home/smartcam/Desktop/EE_code/multipurposecamera/EE_team/init_resources/cmake-3.18.0/CMakeFiles/CMakeTmp'
Makefile:140: recipe for target 'cmTC_9b594/fast' failed
make: *** [cmTC_9b594/fast] Error 2


Performing Curl Test HAVE_BUILTIN_AVAILABLE failed with the following output:
Change Dir: /home/smartcam/Desktop/EE_code/multipurposecamera/EE_team/init_resources/cmake-3.18.0/CMakeFiles/CMakeTmp

Run Build Command(s):/usr/bin/make cmTC_0579b/fast && make  -f CMakeFiles/cmTC_0579b.dir/build.make CMakeFiles/cmTC_0579b.dir/build
make[1]: Entering directory '/home/smartcam/Desktop/EE_code/multipurposecamera/EE_team/init_resources/cmake-3.18.0/CMakeFiles/CMakeTmp'
Building C object CMakeFiles/cmTC_0579b.dir/CurlTests.c.o
/usr/bin/gcc   -w -DHAVE_BUILTIN_AVAILABLE  -DHAVE_STDIO_H -DHAVE_INTTYPES_H -DHAVE_SYS_IOCTL_H -DHAVE_SYS_PARAM_H -DHAVE_SYS_POLL_H -DHAVE_SYS_RESOURCE_H -DHAVE_SYS_SELECT_H -DHAVE_SYS_SOCKET_H -DHAVE_SYS_STAT_H -DHAVE_SYS_TIME_H -DHAVE_SYS_TYPES_H -DHAVE_SYS_UIO_H -DHAVE_SYS_UN_H -DHAVE_SYS_XATTR_H -DHAVE_ALLOCA_H -DHAVE_ARPA_INET_H -DHAVE_ARPA_TFTP_H -DHAVE_ASSERT_H -DHAVE_ERR_H -DHAVE_ERRNO_H -DHAVE_FCNTL_H -DHAVE_IFADDRS_H -DHAVE_LIBGEN_H -DHAVE_LOCALE_H -DHAVE_NET_IF_H -DHAVE_NETDB_H -DHAVE_NETINET_IN_H -DHAVE_NETINET_TCP_H -DHAVE_POLL_H -DHAVE_PWD_H -DHAVE_SETJMP_H -DHAVE_SGTTY_H -DHAVE_SIGNAL_H -DHAVE_STDBOOL_H -DHAVE_STDINT_H -DHAVE_STDIO_H -DHAVE_STDLIB_H -DHAVE_STRING_H -DHAVE_STRINGS_H -DHAVE_STROPTS_H -DHAVE_TERMIO_H -DHAVE_TERMIOS_H -DHAVE_TIME_H -DHAVE_UNISTD_H -DHAVE_UTIME_H -DHAVE_STDDEF_H -DHAVE_DLFCN_H -DHAVE_MALLOC_H -DHAVE_MEMORY_H -DHAVE_NETINET_IF_ETHER_H -DHAVE_STDINT_H -DHAVE_SYS_UTSNAME_H -std=gnu11 -o CMakeFiles/cmTC_0579b.dir/CurlTests.c.o -c /home/smartcam/Desktop/EE_code/multipurposecamera/EE_team/init_resources/cmake-3.18.0/Utilities/cmcurl/CMake/CurlTests.c
/home/smartcam/Desktop/EE_code/multipurposecamera/EE_team/init_resources/cmake-3.18.0/Utilities/cmcurl/CMake/CurlTests.c: In function ‘main’:
/home/smartcam/Desktop/EE_code/multipurposecamera/EE_team/init_resources/cmake-3.18.0/Utilities/cmcurl/CMake/CurlTests.c:568:26: error: ‘macOS’ undeclared (first use in this function)
   if(__builtin_available(macOS 10.12, *)) {}
                          ^~~~~
/home/smartcam/Desktop/EE_code/multipurposecamera/EE_team/init_resources/cmake-3.18.0/Utilities/cmcurl/CMake/CurlTests.c:568:26: note: each undeclared identifier is reported only once for each function it appears in
/home/smartcam/Desktop/EE_code/multipurposecamera/EE_team/init_resources/cmake-3.18.0/Utilities/cmcurl/CMake/CurlTests.c:568:32: error: expected ‘)’ before numeric constant
   if(__builtin_available(macOS 10.12, *)) {}
                                ^~~~~
CMakeFiles/cmTC_0579b.dir/build.make:84: recipe for target 'CMakeFiles/cmTC_0579b.dir/CurlTests.c.o' failed
make[1]: *** [CMakeFiles/cmTC_0579b.dir/CurlTests.c.o] Error 1
make[1]: Leaving directory '/home/smartcam/Desktop/EE_code/multipurposecamera/EE_team/init_resources/cmake-3.18.0/CMakeFiles/CMakeTmp'
Makefile:140: recipe for target 'cmTC_0579b/fast' failed
make: *** [cmTC_0579b/fast] Error 2


Determining if the arc4random_buf exist failed with the following output:
Change Dir: /home/smartcam/Desktop/EE_code/multipurposecamera/EE_team/init_resources/cmake-3.18.0/CMakeFiles/CMakeTmp

Run Build Command(s):/usr/bin/make cmTC_1b9ea/fast && make  -f CMakeFiles/cmTC_1b9ea.dir/build.make CMakeFiles/cmTC_1b9ea.dir/build
make[1]: Entering directory '/home/smartcam/Desktop/EE_code/multipurposecamera/EE_team/init_resources/cmake-3.18.0/CMakeFiles/CMakeTmp'
Building C object CMakeFiles/cmTC_1b9ea.dir/CheckSymbolExists.c.o
/usr/bin/gcc   -w  -std=gnu11 -o CMakeFiles/cmTC_1b9ea.dir/CheckSymbolExists.c.o -c /home/smartcam/Desktop/EE_code/multipurposecamera/EE_team/init_resources/cmake-3.18.0/CMakeFiles/CMakeTmp/CheckSymbolExists.c
/home/smartcam/Desktop/EE_code/multipurposecamera/EE_team/init_resources/cmake-3.18.0/CMakeFiles/CMakeTmp/CheckSymbolExists.c: In function ‘main’:
/home/smartcam/Desktop/EE_code/multipurposecamera/EE_team/init_resources/cmake-3.18.0/CMakeFiles/CMakeTmp/CheckSymbolExists.c:8:19: error: ‘arc4random_buf’ undeclared (first use in this function); did you mean ‘srandom_r’?
   return ((int*)(&arc4random_buf))[argc];
                   ^~~~~~~~~~~~~~
                   srandom_r
/home/smartcam/Desktop/EE_code/multipurposecamera/EE_team/init_resources/cmake-3.18.0/CMakeFiles/CMakeTmp/CheckSymbolExists.c:8:19: note: each undeclared identifier is reported only once for each function it appears in
CMakeFiles/cmTC_1b9ea.dir/build.make:84: recipe for target 'CMakeFiles/cmTC_1b9ea.dir/CheckSymbolExists.c.o' failed
make[1]: *** [CMakeFiles/cmTC_1b9ea.dir/CheckSymbolExists.c.o] Error 1
make[1]: Leaving directory '/home/smartcam/Desktop/EE_code/multipurposecamera/EE_team/init_resources/cmake-3.18.0/CMakeFiles/CMakeTmp'
Makefile:140: recipe for target 'cmTC_1b9ea/fast' failed
make: *** [cmTC_1b9ea/fast] Error 2


File /home/smartcam/Desktop/EE_code/multipurposecamera/EE_team/init_resources/cmake-3.18.0/CMakeFiles/CMakeTmp/CheckSymbolExists.c:
/* */
#include <stdlib.h>

int main(int argc, char** argv)
{
  (void)argv;
#ifndef arc4random_buf
  return ((int*)(&arc4random_buf))[argc];
#else
  (void)argc;
  return 0;
#endif
}
Determining if the arc4random exist failed with the following output:
Change Dir: /home/smartcam/Desktop/EE_code/multipurposecamera/EE_team/init_resources/cmake-3.18.0/CMakeFiles/CMakeTmp

Run Build Command(s):/usr/bin/make cmTC_585ac/fast && make  -f CMakeFiles/cmTC_585ac.dir/build.make CMakeFiles/cmTC_585ac.dir/build
make[1]: Entering directory '/home/smartcam/Desktop/EE_code/multipurposecamera/EE_team/init_resources/cmake-3.18.0/CMakeFiles/CMakeTmp'
Building C object CMakeFiles/cmTC_585ac.dir/CheckSymbolExists.c.o
/usr/bin/gcc   -w  -std=gnu11 -o CMakeFiles/cmTC_585ac.dir/CheckSymbolExists.c.o -c /home/smartcam/Desktop/EE_code/multipurposecamera/EE_team/init_resources/cmake-3.18.0/CMakeFiles/CMakeTmp/CheckSymbolExists.c
/home/smartcam/Desktop/EE_code/multipurposecamera/EE_team/init_resources/cmake-3.18.0/CMakeFiles/CMakeTmp/CheckSymbolExists.c: In function ‘main’:
/home/smartcam/Desktop/EE_code/multipurposecamera/EE_team/init_resources/cmake-3.18.0/CMakeFiles/CMakeTmp/CheckSymbolExists.c:8:19: error: ‘arc4random’ undeclared (first use in this function); did you mean ‘srandom’?
   return ((int*)(&arc4random))[argc];
                   ^~~~~~~~~~
                   srandom
/home/smartcam/Desktop/EE_code/multipurposecamera/EE_team/init_resources/cmake-3.18.0/CMakeFiles/CMakeTmp/CheckSymbolExists.c:8:19: note: each undeclared identifier is reported only once for each function it appears in
CMakeFiles/cmTC_585ac.dir/build.make:84: recipe for target 'CMakeFiles/cmTC_585ac.dir/CheckSymbolExists.c.o' failed
make[1]: *** [CMakeFiles/cmTC_585ac.dir/CheckSymbolExists.c.o] Error 1
make[1]: Leaving directory '/home/smartcam/Desktop/EE_code/multipurposecamera/EE_team/init_resources/cmake-3.18.0/CMakeFiles/CMakeTmp'
Makefile:140: recipe for target 'cmTC_585ac/fast' failed
make: *** [cmTC_585ac/fast] Error 2


File /home/smartcam/Desktop/EE_code/multipurposecamera/EE_team/init_resources/cmake-3.18.0/CMakeFiles/CMakeTmp/CheckSymbolExists.c:
/* */
#include <stdlib.h>

int main(int argc, char** argv)
{
  (void)argv;
#ifndef arc4random
  return ((int*)(&arc4random))[argc];
#else
  (void)argc;
  return 0;
#endif
}
Determining if files sys/types.h;ctype.h;copyfile.h exist failed with the following output:
Change Dir: /home/smartcam/Desktop/EE_code/multipurposecamera/EE_team/init_resources/cmake-3.18.0/CMakeFiles/CMakeTmp

Run Build Command(s):/usr/bin/make cmTC_586d6/fast && make  -f CMakeFiles/cmTC_586d6.dir/build.make CMakeFiles/cmTC_586d6.dir/build
make[1]: Entering directory '/home/smartcam/Desktop/EE_code/multipurposecamera/EE_team/init_resources/cmake-3.18.0/CMakeFiles/CMakeTmp'
Building C object CMakeFiles/cmTC_586d6.dir/HAVE_COPYFILE_H.c.o
/usr/bin/gcc   -w  -std=gnu11 -o CMakeFiles/cmTC_586d6.dir/HAVE_COPYFILE_H.c.o -c /home/smartcam/Desktop/EE_code/multipurposecamera/EE_team/init_resources/cmake-3.18.0/CMakeFiles/CheckIncludeFiles/HAVE_COPYFILE_H.c
/home/smartcam/Desktop/EE_code/multipurposecamera/EE_team/init_resources/cmake-3.18.0/CMakeFiles/CheckIncludeFiles/HAVE_COPYFILE_H.c:4:10: fatal error: copyfile.h: No such file or directory
 #include <copyfile.h>
          ^~~~~~~~~~~~
compilation terminated.
CMakeFiles/cmTC_586d6.dir/build.make:84: recipe for target 'CMakeFiles/cmTC_586d6.dir/HAVE_COPYFILE_H.c.o' failed
make[1]: *** [CMakeFiles/cmTC_586d6.dir/HAVE_COPYFILE_H.c.o] Error 1
make[1]: Leaving directory '/home/smartcam/Desktop/EE_code/multipurposecamera/EE_team/init_resources/cmake-3.18.0/CMakeFiles/CMakeTmp'
Makefile:140: recipe for target 'cmTC_586d6/fast' failed
make: *** [cmTC_586d6/fast] Error 2


Source:
/* */
#include <sys/types.h>
#include <ctype.h>
#include <copyfile.h>


int main(void){return 0;}

Determining if files sys/types.h;ctype.h;direct.h exist failed with the following output:
Change Dir: /home/smartcam/Desktop/EE_code/multipurposecamera/EE_team/init_resources/cmake-3.18.0/CMakeFiles/CMakeTmp

Run Build Command(s):/usr/bin/make cmTC_2f167/fast && make  -f CMakeFiles/cmTC_2f167.dir/build.make CMakeFiles/cmTC_2f167.dir/build
make[1]: Entering directory '/home/smartcam/Desktop/EE_code/multipurposecamera/EE_team/init_resources/cmake-3.18.0/CMakeFiles/CMakeTmp'
Building C object CMakeFiles/cmTC_2f167.dir/HAVE_DIRECT_H.c.o
/usr/bin/gcc   -w  -std=gnu11 -o CMakeFiles/cmTC_2f167.dir/HAVE_DIRECT_H.c.o -c /home/smartcam/Desktop/EE_code/multipurposecamera/EE_team/init_resources/cmake-3.18.0/CMakeFiles/CheckIncludeFiles/HAVE_DIRECT_H.c
/home/smartcam/Desktop/EE_code/multipurposecamera/EE_team/init_resources/cmake-3.18.0/CMakeFiles/CheckIncludeFiles/HAVE_DIRECT_H.c:4:10: fatal error: direct.h: No such file or directory
 #include <direct.h>
          ^~~~~~~~~~
compilation terminated.
CMakeFiles/cmTC_2f167.dir/build.make:84: recipe for target 'CMakeFiles/cmTC_2f167.dir/HAVE_DIRECT_H.c.o' failed
make[1]: *** [CMakeFiles/cmTC_2f167.dir/HAVE_DIRECT_H.c.o] Error 1
make[1]: Leaving directory '/home/smartcam/Desktop/EE_code/multipurposecamera/EE_team/init_resources/cmake-3.18.0/CMakeFiles/CMakeTmp'
Makefile:140: recipe for target 'cmTC_2f167/fast' failed
make: *** [cmTC_2f167/fast] Error 2


Source:
/* */
#include <sys/types.h>
#include <ctype.h>
#include <direct.h>


int main(void){return 0;}

Determining if files sys/types.h;ctype.h;dlfcn.h;errno.h;ext2fs/ext2_fs.h exist failed with the following output:
Change Dir: /home/smartcam/Desktop/EE_code/multipurposecamera/EE_team/init_resources/cmake-3.18.0/CMakeFiles/CMakeTmp

Run Build Command(s):/usr/bin/make cmTC_01bc9/fast && make  -f CMakeFiles/cmTC_01bc9.dir/build.make CMakeFiles/cmTC_01bc9.dir/build
make[1]: Entering directory '/home/smartcam/Desktop/EE_code/multipurposecamera/EE_team/init_resources/cmake-3.18.0/CMakeFiles/CMakeTmp'
Building C object CMakeFiles/cmTC_01bc9.dir/HAVE_EXT2FS_EXT2_FS_H.c.o
/usr/bin/gcc   -w  -std=gnu11 -o CMakeFiles/cmTC_01bc9.dir/HAVE_EXT2FS_EXT2_FS_H.c.o -c /home/smartcam/Desktop/EE_code/multipurposecamera/EE_team/init_resources/cmake-3.18.0/CMakeFiles/CheckIncludeFiles/HAVE_EXT2FS_EXT2_FS_H.c
/home/smartcam/Desktop/EE_code/multipurposecamera/EE_team/init_resources/cmake-3.18.0/CMakeFiles/CheckIncludeFiles/HAVE_EXT2FS_EXT2_FS_H.c:6:10: fatal error: ext2fs/ext2_fs.h: No such file or directory
 #include <ext2fs/ext2_fs.h>
          ^~~~~~~~~~~~~~~~~~
compilation terminated.
CMakeFiles/cmTC_01bc9.dir/build.make:84: recipe for target 'CMakeFiles/cmTC_01bc9.dir/HAVE_EXT2FS_EXT2_FS_H.c.o' failed
make[1]: *** [CMakeFiles/cmTC_01bc9.dir/HAVE_EXT2FS_EXT2_FS_H.c.o] Error 1
make[1]: Leaving directory '/home/smartcam/Desktop/EE_code/multipurposecamera/EE_team/init_resources/cmake-3.18.0/CMakeFiles/CMakeTmp'
Makefile:140: recipe for target 'cmTC_01bc9/fast' failed
make: *** [cmTC_01bc9/fast] Error 2


Source:
/* */
#include <sys/types.h>
#include <ctype.h>
#include <dlfcn.h>
#include <errno.h>
#include <ext2fs/ext2_fs.h>


int main(void){return 0;}

Performing C SOURCE FILE Test HAVE_WORKING_EXT2_IOC_GETFLAGS failed with the following output:
Change Dir: /home/smartcam/Desktop/EE_code/multipurposecamera/EE_team/init_resources/cmake-3.18.0/CMakeFiles/CMakeTmp

Run Build Command(s):/usr/bin/make cmTC_a8ca9/fast && make  -f CMakeFiles/cmTC_a8ca9.dir/build.make CMakeFiles/cmTC_a8ca9.dir/build
make[1]: Entering directory '/home/smartcam/Desktop/EE_code/multipurposecamera/EE_team/init_resources/cmake-3.18.0/CMakeFiles/CMakeTmp'
Building C object CMakeFiles/cmTC_a8ca9.dir/src.c.o
/usr/bin/gcc   -w -DHAVE_WORKING_EXT2_IOC_GETFLAGS -std=gnu11 -o CMakeFiles/cmTC_a8ca9.dir/src.c.o -c /home/smartcam/Desktop/EE_code/multipurposecamera/EE_team/init_resources/cmake-3.18.0/CMakeFiles/CMakeTmp/src.c
/home/smartcam/Desktop/EE_code/multipurposecamera/EE_team/init_resources/cmake-3.18.0/CMakeFiles/CMakeTmp/src.c:2:10: fatal error: ext2fs/ext2_fs.h: No such file or directory
 #include <ext2fs/ext2_fs.h>
          ^~~~~~~~~~~~~~~~~~
compilation terminated.
CMakeFiles/cmTC_a8ca9.dir/build.make:84: recipe for target 'CMakeFiles/cmTC_a8ca9.dir/src.c.o' failed
make[1]: *** [CMakeFiles/cmTC_a8ca9.dir/src.c.o] Error 1
make[1]: Leaving directory '/home/smartcam/Desktop/EE_code/multipurposecamera/EE_team/init_resources/cmake-3.18.0/CMakeFiles/CMakeTmp'
Makefile:140: recipe for target 'cmTC_a8ca9/fast' failed
make: *** [cmTC_a8ca9/fast] Error 2


Source file was:
#include <sys/ioctl.h>
#include <ext2fs/ext2_fs.h>
int main(void) { return EXT2_IOC_GETFLAGS; }
Determining if files sys/types.h;ctype.h;dlfcn.h;errno.h;fcntl.h;grp.h;langinfo.h;limits.h;linux/types.h;linux/fiemap.h;linux/fs.h;linux/magic.h;locale.h;membership.h exist failed with the following output:
Change Dir: /home/smartcam/Desktop/EE_code/multipurposecamera/EE_team/init_resources/cmake-3.18.0/CMakeFiles/CMakeTmp

Run Build Command(s):/usr/bin/make cmTC_1a1b1/fast && make  -f CMakeFiles/cmTC_1a1b1.dir/build.make CMakeFiles/cmTC_1a1b1.dir/build
make[1]: Entering directory '/home/smartcam/Desktop/EE_code/multipurposecamera/EE_team/init_resources/cmake-3.18.0/CMakeFiles/CMakeTmp'
Building C object CMakeFiles/cmTC_1a1b1.dir/HAVE_MEMBERSHIP_H.c.o
/usr/bin/gcc   -w  -std=gnu11 -o CMakeFiles/cmTC_1a1b1.dir/HAVE_MEMBERSHIP_H.c.o -c /home/smartcam/Desktop/EE_code/multipurposecamera/EE_team/init_resources/cmake-3.18.0/CMakeFiles/CheckIncludeFiles/HAVE_MEMBERSHIP_H.c
/home/smartcam/Desktop/EE_code/multipurposecamera/EE_team/init_resources/cmake-3.18.0/CMakeFiles/CheckIncludeFiles/HAVE_MEMBERSHIP_H.c:15:10: fatal error: membership.h: No such file or directory
 #include <membership.h>
          ^~~~~~~~~~~~~~
compilation terminated.
CMakeFiles/cmTC_1a1b1.dir/build.make:84: recipe for target 'CMakeFiles/cmTC_1a1b1.dir/HAVE_MEMBERSHIP_H.c.o' failed
make[1]: *** [CMakeFiles/cmTC_1a1b1.dir/HAVE_MEMBERSHIP_H.c.o] Error 1
make[1]: Leaving directory '/home/smartcam/Desktop/EE_code/multipurposecamera/EE_team/init_resources/cmake-3.18.0/CMakeFiles/CMakeTmp'
Makefile:140: recipe for target 'cmTC_1a1b1/fast' failed
make: *** [cmTC_1a1b1/fast] Error 2


Source:
/* */
#include <sys/types.h>
#include <ctype.h>
#include <dlfcn.h>
#include <errno.h>
#include <fcntl.h>
#include <grp.h>
#include <langinfo.h>
#include <limits.h>
#include <linux/types.h>
#include <linux/fiemap.h>
#include <linux/fs.h>
#include <linux/magic.h>
#include <locale.h>
#include <membership.h>


int main(void){return 0;}

Determining if files sys/types.h;ctype.h;dlfcn.h;errno.h;fcntl.h;grp.h;langinfo.h;limits.h;linux/types.h;linux/fiemap.h;linux/fs.h;linux/magic.h;locale.h;memory.h;paths.h;poll.h;pthread.h;pwd.h;readpassphrase.h exist failed with the following output:
Change Dir: /home/smartcam/Desktop/EE_code/multipurposecamera/EE_team/init_resources/cmake-3.18.0/CMakeFiles/CMakeTmp

Run Build Command(s):/usr/bin/make cmTC_34e43/fast && make  -f CMakeFiles/cmTC_34e43.dir/build.make CMakeFiles/cmTC_34e43.dir/build
make[1]: Entering directory '/home/smartcam/Desktop/EE_code/multipurposecamera/EE_team/init_resources/cmake-3.18.0/CMakeFiles/CMakeTmp'
Building C object CMakeFiles/cmTC_34e43.dir/HAVE_READPASSPHRASE_H.c.o
/usr/bin/gcc   -w  -std=gnu11 -o CMakeFiles/cmTC_34e43.dir/HAVE_READPASSPHRASE_H.c.o -c /home/smartcam/Desktop/EE_code/multipurposecamera/EE_team/init_resources/cmake-3.18.0/CMakeFiles/CheckIncludeFiles/HAVE_READPASSPHRASE_H.c
/home/smartcam/Desktop/EE_code/multipurposecamera/EE_team/init_resources/cmake-3.18.0/CMakeFiles/CheckIncludeFiles/HAVE_READPASSPHRASE_H.c:20:10: fatal error: readpassphrase.h: No such file or directory
 #include <readpassphrase.h>
          ^~~~~~~~~~~~~~~~~~
compilation terminated.
CMakeFiles/cmTC_34e43.dir/build.make:84: recipe for target 'CMakeFiles/cmTC_34e43.dir/HAVE_READPASSPHRASE_H.c.o' failed
make[1]: *** [CMakeFiles/cmTC_34e43.dir/HAVE_READPASSPHRASE_H.c.o] Error 1
make[1]: Leaving directory '/home/smartcam/Desktop/EE_code/multipurposecamera/EE_team/init_resources/cmake-3.18.0/CMakeFiles/CMakeTmp'
Makefile:140: recipe for target 'cmTC_34e43/fast' failed
make: *** [cmTC_34e43/fast] Error 2


Source:
/* */
#include <sys/types.h>
#include <ctype.h>
#include <dlfcn.h>
#include <errno.h>
#include <fcntl.h>
#include <grp.h>
#include <langinfo.h>
#include <limits.h>
#include <linux/types.h>
#include <linux/fiemap.h>
#include <linux/fs.h>
#include <linux/magic.h>
#include <locale.h>
#include <memory.h>
#include <paths.h>
#include <poll.h>
#include <pthread.h>
#include <pwd.h>
#include <readpassphrase.h>


int main(void){return 0;}

Determining if files sys/types.h;ctype.h;dlfcn.h;errno.h;fcntl.h;grp.h;langinfo.h;limits.h;linux/types.h;linux/fiemap.h;linux/fs.h;linux/magic.h;locale.h;memory.h;paths.h;poll.h;pthread.h;pwd.h;regex.h;signal.h;spawn.h;stdarg.h;stdlib.h;string.h;strings.h;sys/acl.h exist failed with the following output:
Change Dir: /home/smartcam/Desktop/EE_code/multipurposecamera/EE_team/init_resources/cmake-3.18.0/CMakeFiles/CMakeTmp

Run Build Command(s):/usr/bin/make cmTC_0457f/fast && make  -f CMakeFiles/cmTC_0457f.dir/build.make CMakeFiles/cmTC_0457f.dir/build
make[1]: Entering directory '/home/smartcam/Desktop/EE_code/multipurposecamera/EE_team/init_resources/cmake-3.18.0/CMakeFiles/CMakeTmp'
Building C object CMakeFiles/cmTC_0457f.dir/HAVE_SYS_ACL_H.c.o
/usr/bin/gcc   -w  -std=gnu11 -o CMakeFiles/cmTC_0457f.dir/HAVE_SYS_ACL_H.c.o -c /home/smartcam/Desktop/EE_code/multipurposecamera/EE_team/init_resources/cmake-3.18.0/CMakeFiles/CheckIncludeFiles/HAVE_SYS_ACL_H.c
/home/smartcam/Desktop/EE_code/multipurposecamera/EE_team/init_resources/cmake-3.18.0/CMakeFiles/CheckIncludeFiles/HAVE_SYS_ACL_H.c:27:10: fatal error: sys/acl.h: No such file or directory
 #include <sys/acl.h>
          ^~~~~~~~~~~
compilation terminated.
CMakeFiles/cmTC_0457f.dir/build.make:84: recipe for target 'CMakeFiles/cmTC_0457f.dir/HAVE_SYS_ACL_H.c.o' failed
make[1]: *** [CMakeFiles/cmTC_0457f.dir/HAVE_SYS_ACL_H.c.o] Error 1
make[1]: Leaving directory '/home/smartcam/Desktop/EE_code/multipurposecamera/EE_team/init_resources/cmake-3.18.0/CMakeFiles/CMakeTmp'
Makefile:140: recipe for target 'cmTC_0457f/fast' failed
make: *** [cmTC_0457f/fast] Error 2


Source:
/* */
#include <sys/types.h>
#include <ctype.h>
#include <dlfcn.h>
#include <errno.h>
#include <fcntl.h>
#include <grp.h>
#include <langinfo.h>
#include <limits.h>
#include <linux/types.h>
#include <linux/fiemap.h>
#include <linux/fs.h>
#include <linux/magic.h>
#include <locale.h>
#include <memory.h>
#include <paths.h>
#include <poll.h>
#include <pthread.h>
#include <pwd.h>
#include <regex.h>
#include <signal.h>
#include <spawn.h>
#include <stdarg.h>
#include <stdlib.h>
#include <string.h>
#include <strings.h>
#include <sys/acl.h>


int main(void){return 0;}

Determining if files sys/types.h;ctype.h;dlfcn.h;errno.h;fcntl.h;grp.h;langinfo.h;limits.h;linux/types.h;linux/fiemap.h;linux/fs.h;linux/magic.h;locale.h;memory.h;paths.h;poll.h;pthread.h;pwd.h;regex.h;signal.h;spawn.h;stdarg.h;stdlib.h;string.h;strings.h;sys/cdefs.h;sys/extattr.h exist failed with the following output:
Change Dir: /home/smartcam/Desktop/EE_code/multipurposecamera/EE_team/init_resources/cmake-3.18.0/CMakeFiles/CMakeTmp

Run Build Command(s):/usr/bin/make cmTC_115b2/fast && make  -f CMakeFiles/cmTC_115b2.dir/build.make CMakeFiles/cmTC_115b2.dir/build
make[1]: Entering directory '/home/smartcam/Desktop/EE_code/multipurposecamera/EE_team/init_resources/cmake-3.18.0/CMakeFiles/CMakeTmp'
Building C object CMakeFiles/cmTC_115b2.dir/HAVE_SYS_EXTATTR_H.c.o
/usr/bin/gcc   -w  -std=gnu11 -o CMakeFiles/cmTC_115b2.dir/HAVE_SYS_EXTATTR_H.c.o -c /home/smartcam/Desktop/EE_code/multipurposecamera/EE_team/init_resources/cmake-3.18.0/CMakeFiles/CheckIncludeFiles/HAVE_SYS_EXTATTR_H.c
/home/smartcam/Desktop/EE_code/multipurposecamera/EE_team/init_resources/cmake-3.18.0/CMakeFiles/CheckIncludeFiles/HAVE_SYS_EXTATTR_H.c:28:10: fatal error: sys/extattr.h: No such file or directory
 #include <sys/extattr.h>
          ^~~~~~~~~~~~~~~
compilation terminated.
CMakeFiles/cmTC_115b2.dir/build.make:84: recipe for target 'CMakeFiles/cmTC_115b2.dir/HAVE_SYS_EXTATTR_H.c.o' failed
make[1]: *** [CMakeFiles/cmTC_115b2.dir/HAVE_SYS_EXTATTR_H.c.o] Error 1
make[1]: Leaving directory '/home/smartcam/Desktop/EE_code/multipurposecamera/EE_team/init_resources/cmake-3.18.0/CMakeFiles/CMakeTmp'
Makefile:140: recipe for target 'cmTC_115b2/fast' failed
make: *** [cmTC_115b2/fast] Error 2


Source:
/* */
#include <sys/types.h>
#include <ctype.h>
#include <dlfcn.h>
#include <errno.h>
#include <fcntl.h>
#include <grp.h>
#include <langinfo.h>
#include <limits.h>
#include <linux/types.h>
#include <linux/fiemap.h>
#include <linux/fs.h>
#include <linux/magic.h>
#include <locale.h>
#include <memory.h>
#include <paths.h>
#include <poll.h>
#include <pthread.h>
#include <pwd.h>
#include <regex.h>
#include <signal.h>
#include <spawn.h>
#include <stdarg.h>
#include <stdlib.h>
#include <string.h>
#include <strings.h>
#include <sys/cdefs.h>
#include <sys/extattr.h>


int main(void){return 0;}

Determining if files sys/types.h;ctype.h;dlfcn.h;errno.h;fcntl.h;grp.h;langinfo.h;limits.h;linux/types.h;linux/fiemap.h;linux/fs.h;linux/magic.h;locale.h;memory.h;paths.h;poll.h;pthread.h;pwd.h;regex.h;signal.h;spawn.h;stdarg.h;stdlib.h;string.h;strings.h;sys/cdefs.h;sys/ioctl.h;sys/mkdev.h exist failed with the following output:
Change Dir: /home/smartcam/Desktop/EE_code/multipurposecamera/EE_team/init_resources/cmake-3.18.0/CMakeFiles/CMakeTmp

Run Build Command(s):/usr/bin/make cmTC_68b48/fast && make  -f CMakeFiles/cmTC_68b48.dir/build.make CMakeFiles/cmTC_68b48.dir/build
make[1]: Entering directory '/home/smartcam/Desktop/EE_code/multipurposecamera/EE_team/init_resources/cmake-3.18.0/CMakeFiles/CMakeTmp'
Building C object CMakeFiles/cmTC_68b48.dir/HAVE_SYS_MKDEV_H.c.o
/usr/bin/gcc   -w  -std=gnu11 -o CMakeFiles/cmTC_68b48.dir/HAVE_SYS_MKDEV_H.c.o -c /home/smartcam/Desktop/EE_code/multipurposecamera/EE_team/init_resources/cmake-3.18.0/CMakeFiles/CheckIncludeFiles/HAVE_SYS_MKDEV_H.c
/home/smartcam/Desktop/EE_code/multipurposecamera/EE_team/init_resources/cmake-3.18.0/CMakeFiles/CheckIncludeFiles/HAVE_SYS_MKDEV_H.c:29:10: fatal error: sys/mkdev.h: No such file or directory
 #include <sys/mkdev.h>
          ^~~~~~~~~~~~~
compilation terminated.
CMakeFiles/cmTC_68b48.dir/build.make:84: recipe for target 'CMakeFiles/cmTC_68b48.dir/HAVE_SYS_MKDEV_H.c.o' failed
make[1]: *** [CMakeFiles/cmTC_68b48.dir/HAVE_SYS_MKDEV_H.c.o] Error 1
make[1]: Leaving directory '/home/smartcam/Desktop/EE_code/multipurposecamera/EE_team/init_resources/cmake-3.18.0/CMakeFiles/CMakeTmp'
Makefile:140: recipe for target 'cmTC_68b48/fast' failed
make: *** [cmTC_68b48/fast] Error 2


Source:
/* */
#include <sys/types.h>
#include <ctype.h>
#include <dlfcn.h>
#include <errno.h>
#include <fcntl.h>
#include <grp.h>
#include <langinfo.h>
#include <limits.h>
#include <linux/types.h>
#include <linux/fiemap.h>
#include <linux/fs.h>
#include <linux/magic.h>
#include <locale.h>
#include <memory.h>
#include <paths.h>
#include <poll.h>
#include <pthread.h>
#include <pwd.h>
#include <regex.h>
#include <signal.h>
#include <spawn.h>
#include <stdarg.h>
#include <stdlib.h>
#include <string.h>
#include <strings.h>
#include <sys/cdefs.h>
#include <sys/ioctl.h>
#include <sys/mkdev.h>


int main(void){return 0;}

Determining if files sys/types.h;ctype.h;dlfcn.h;errno.h;fcntl.h;grp.h;langinfo.h;limits.h;linux/types.h;linux/fiemap.h;linux/fs.h;linux/magic.h;locale.h;memory.h;paths.h;poll.h;pthread.h;pwd.h;regex.h;signal.h;spawn.h;stdarg.h;stdlib.h;string.h;strings.h;sys/cdefs.h;sys/ioctl.h;sys/mount.h exist failed with the following output:
Change Dir: /home/smartcam/Desktop/EE_code/multipurposecamera/EE_team/init_resources/cmake-3.18.0/CMakeFiles/CMakeTmp

Run Build Command(s):/usr/bin/make cmTC_7c2a2/fast && make  -f CMakeFiles/cmTC_7c2a2.dir/build.make CMakeFiles/cmTC_7c2a2.dir/build
make[1]: Entering directory '/home/smartcam/Desktop/EE_code/multipurposecamera/EE_team/init_resources/cmake-3.18.0/CMakeFiles/CMakeTmp'
Building C object CMakeFiles/cmTC_7c2a2.dir/HAVE_SYS_MOUNT_H.c.o
/usr/bin/gcc   -w  -std=gnu11 -o CMakeFiles/cmTC_7c2a2.dir/HAVE_SYS_MOUNT_H.c.o -c /home/smartcam/Desktop/EE_code/multipurposecamera/EE_team/init_resources/cmake-3.18.0/CMakeFiles/CheckIncludeFiles/HAVE_SYS_MOUNT_H.c
In file included from /home/smartcam/Desktop/EE_code/multipurposecamera/EE_team/init_resources/cmake-3.18.0/CMakeFiles/CheckIncludeFiles/HAVE_SYS_MOUNT_H.c:12:0:
/usr/include/aarch64-linux-gnu/sys/mount.h:35:3: error: expected identifier before numeric constant
   MS_RDONLY = 1,  /* Mount read-only.  */
   ^
CMakeFiles/cmTC_7c2a2.dir/build.make:84: recipe for target 'CMakeFiles/cmTC_7c2a2.dir/HAVE_SYS_MOUNT_H.c.o' failed
make[1]: *** [CMakeFiles/cmTC_7c2a2.dir/HAVE_SYS_MOUNT_H.c.o] Error 1
make[1]: Leaving directory '/home/smartcam/Desktop/EE_code/multipurposecamera/EE_team/init_resources/cmake-3.18.0/CMakeFiles/CMakeTmp'
Makefile:140: recipe for target 'cmTC_7c2a2/fast' failed
make: *** [cmTC_7c2a2/fast] Error 2


Source:
/* */
#include <sys/types.h>
#include <ctype.h>
#include <dlfcn.h>
#include <errno.h>
#include <fcntl.h>
#include <grp.h>
#include <langinfo.h>
#include <limits.h>
#include <linux/types.h>
#include <linux/fiemap.h>
#include <linux/fs.h>
#include <linux/magic.h>
#include <locale.h>
#include <memory.h>
#include <paths.h>
#include <poll.h>
#include <pthread.h>
#include <pwd.h>
#include <regex.h>
#include <signal.h>
#include <spawn.h>
#include <stdarg.h>
#include <stdlib.h>
#include <string.h>
#include <strings.h>
#include <sys/cdefs.h>
#include <sys/ioctl.h>
#include <sys/mount.h>


int main(void){return 0;}

Determining if files sys/types.h;ctype.h;dlfcn.h;errno.h;fcntl.h;grp.h;langinfo.h;limits.h;linux/types.h;linux/fiemap.h;linux/fs.h;linux/magic.h;locale.h;memory.h;paths.h;poll.h;pthread.h;pwd.h;regex.h;signal.h;spawn.h;stdarg.h;stdlib.h;string.h;strings.h;sys/cdefs.h;sys/ioctl.h;sys/param.h;sys/poll.h;sys/richacl.h exist failed with the following output:
Change Dir: /home/smartcam/Desktop/EE_code/multipurposecamera/EE_team/init_resources/cmake-3.18.0/CMakeFiles/CMakeTmp

Run Build Command(s):/usr/bin/make cmTC_d58df/fast && make  -f CMakeFiles/cmTC_d58df.dir/build.make CMakeFiles/cmTC_d58df.dir/build
make[1]: Entering directory '/home/smartcam/Desktop/EE_code/multipurposecamera/EE_team/init_resources/cmake-3.18.0/CMakeFiles/CMakeTmp'
Building C object CMakeFiles/cmTC_d58df.dir/HAVE_SYS_RICHACL_H.c.o
/usr/bin/gcc   -w  -std=gnu11 -o CMakeFiles/cmTC_d58df.dir/HAVE_SYS_RICHACL_H.c.o -c /home/smartcam/Desktop/EE_code/multipurposecamera/EE_team/init_resources/cmake-3.18.0/CMakeFiles/CheckIncludeFiles/HAVE_SYS_RICHACL_H.c
/home/smartcam/Desktop/EE_code/multipurposecamera/EE_team/init_resources/cmake-3.18.0/CMakeFiles/CheckIncludeFiles/HAVE_SYS_RICHACL_H.c:31:10: fatal error: sys/richacl.h: No such file or directory
 #include <sys/richacl.h>
          ^~~~~~~~~~~~~~~
compilation terminated.
CMakeFiles/cmTC_d58df.dir/build.make:84: recipe for target 'CMakeFiles/cmTC_d58df.dir/HAVE_SYS_RICHACL_H.c.o' failed
make[1]: *** [CMakeFiles/cmTC_d58df.dir/HAVE_SYS_RICHACL_H.c.o] Error 1
make[1]: Leaving directory '/home/smartcam/Desktop/EE_code/multipurposecamera/EE_team/init_resources/cmake-3.18.0/CMakeFiles/CMakeTmp'
Makefile:140: recipe for target 'cmTC_d58df/fast' failed
make: *** [cmTC_d58df/fast] Error 2


Source:
/* */
#include <sys/types.h>
#include <ctype.h>
#include <dlfcn.h>
#include <errno.h>
#include <fcntl.h>
#include <grp.h>
#include <langinfo.h>
#include <limits.h>
#include <linux/types.h>
#include <linux/fiemap.h>
#include <linux/fs.h>
#include <linux/magic.h>
#include <locale.h>
#include <memory.h>
#include <paths.h>
#include <poll.h>
#include <pthread.h>
#include <pwd.h>
#include <regex.h>
#include <signal.h>
#include <spawn.h>
#include <stdarg.h>
#include <stdlib.h>
#include <string.h>
#include <strings.h>
#include <sys/cdefs.h>
#include <sys/ioctl.h>
#include <sys/param.h>
#include <sys/poll.h>
#include <sys/richacl.h>


int main(void){return 0;}

Determining if files sys/types.h;ctype.h;dlfcn.h;errno.h;fcntl.h;grp.h;langinfo.h;limits.h;linux/types.h;linux/fiemap.h;linux/fs.h;linux/magic.h;locale.h;memory.h;paths.h;poll.h;pthread.h;pwd.h;regex.h;signal.h;spawn.h;stdarg.h;stdlib.h;string.h;strings.h;sys/cdefs.h;sys/ioctl.h;sys/param.h;sys/poll.h;sys/select.h;sys/stat.h;sys/statfs.h;sys/statvfs.h;sys/sysmacros.h;sys/time.h;sys/utsname.h;sys/vfs.h;sys/wait.h;sys/xattr.h;time.h;unistd.h;utime.h;wchar.h;wctype.h;windows.h exist failed with the following output:
Change Dir: /home/smartcam/Desktop/EE_code/multipurposecamera/EE_team/init_resources/cmake-3.18.0/CMakeFiles/CMakeTmp

Run Build Command(s):/usr/bin/make cmTC_36629/fast && make  -f CMakeFiles/cmTC_36629.dir/build.make CMakeFiles/cmTC_36629.dir/build
make[1]: Entering directory '/home/smartcam/Desktop/EE_code/multipurposecamera/EE_team/init_resources/cmake-3.18.0/CMakeFiles/CMakeTmp'
Building C object CMakeFiles/cmTC_36629.dir/HAVE_WINDOWS_H.c.o
/usr/bin/gcc   -w  -std=gnu11 -o CMakeFiles/cmTC_36629.dir/HAVE_WINDOWS_H.c.o -c /home/smartcam/Desktop/EE_code/multipurposecamera/EE_team/init_resources/cmake-3.18.0/CMakeFiles/CheckIncludeFiles/HAVE_WINDOWS_H.c
/home/smartcam/Desktop/EE_code/multipurposecamera/EE_team/init_resources/cmake-3.18.0/CMakeFiles/CheckIncludeFiles/HAVE_WINDOWS_H.c:46:10: fatal error: windows.h: No such file or directory
 #include <windows.h>
          ^~~~~~~~~~~
compilation terminated.
CMakeFiles/cmTC_36629.dir/build.make:84: recipe for target 'CMakeFiles/cmTC_36629.dir/HAVE_WINDOWS_H.c.o' failed
make[1]: *** [CMakeFiles/cmTC_36629.dir/HAVE_WINDOWS_H.c.o] Error 1
make[1]: Leaving directory '/home/smartcam/Desktop/EE_code/multipurposecamera/EE_team/init_resources/cmake-3.18.0/CMakeFiles/CMakeTmp'
Makefile:140: recipe for target 'cmTC_36629/fast' failed
make: *** [cmTC_36629/fast] Error 2


Source:
/* */
#include <sys/types.h>
#include <ctype.h>
#include <dlfcn.h>
#include <errno.h>
#include <fcntl.h>
#include <grp.h>
#include <langinfo.h>
#include <limits.h>
#include <linux/types.h>
#include <linux/fiemap.h>
#include <linux/fs.h>
#include <linux/magic.h>
#include <locale.h>
#include <memory.h>
#include <paths.h>
#include <poll.h>
#include <pthread.h>
#include <pwd.h>
#include <regex.h>
#include <signal.h>
#include <spawn.h>
#include <stdarg.h>
#include <stdlib.h>
#include <string.h>
#include <strings.h>
#include <sys/cdefs.h>
#include <sys/ioctl.h>
#include <sys/param.h>
#include <sys/poll.h>
#include <sys/select.h>
#include <sys/stat.h>
#include <sys/statfs.h>
#include <sys/statvfs.h>
#include <sys/sysmacros.h>
#include <sys/time.h>
#include <sys/utsname.h>
#include <sys/vfs.h>
#include <sys/wait.h>
#include <sys/xattr.h>
#include <time.h>
#include <unistd.h>
#include <utime.h>
#include <wchar.h>
#include <wctype.h>
#include <windows.h>


int main(void){return 0;}

Determining if files sys/types.h;ctype.h;dlfcn.h;errno.h;fcntl.h;grp.h;langinfo.h;limits.h;linux/types.h;linux/fiemap.h;linux/fs.h;linux/magic.h;locale.h;memory.h;paths.h;poll.h;pthread.h;pwd.h;regex.h;signal.h;spawn.h;stdarg.h;stdlib.h;string.h;strings.h;sys/cdefs.h;sys/ioctl.h;sys/param.h;sys/poll.h;sys/select.h;sys/stat.h;sys/statfs.h;sys/statvfs.h;sys/sysmacros.h;sys/time.h;sys/utsname.h;sys/vfs.h;sys/wait.h;sys/xattr.h;time.h;unistd.h;utime.h;wchar.h;wctype.h;wincrypt.h exist failed with the following output:
Change Dir: /home/smartcam/Desktop/EE_code/multipurposecamera/EE_team/init_resources/cmake-3.18.0/CMakeFiles/CMakeTmp

Run Build Command(s):/usr/bin/make cmTC_3030e/fast && make  -f CMakeFiles/cmTC_3030e.dir/build.make CMakeFiles/cmTC_3030e.dir/build
make[1]: Entering directory '/home/smartcam/Desktop/EE_code/multipurposecamera/EE_team/init_resources/cmake-3.18.0/CMakeFiles/CMakeTmp'
Building C object CMakeFiles/cmTC_3030e.dir/HAVE_WINCRYPT_H.c.o
/usr/bin/gcc   -w  -std=gnu11 -o CMakeFiles/cmTC_3030e.dir/HAVE_WINCRYPT_H.c.o -c /home/smartcam/Desktop/EE_code/multipurposecamera/EE_team/init_resources/cmake-3.18.0/CMakeFiles/CheckIncludeFiles/HAVE_WINCRYPT_H.c
/home/smartcam/Desktop/EE_code/multipurposecamera/EE_team/init_resources/cmake-3.18.0/CMakeFiles/CheckIncludeFiles/HAVE_WINCRYPT_H.c:46:10: fatal error: wincrypt.h: No such file or directory
 #include <wincrypt.h>
          ^~~~~~~~~~~~
compilation terminated.
CMakeFiles/cmTC_3030e.dir/build.make:84: recipe for target 'CMakeFiles/cmTC_3030e.dir/HAVE_WINCRYPT_H.c.o' failed
make[1]: *** [CMakeFiles/cmTC_3030e.dir/HAVE_WINCRYPT_H.c.o] Error 1
make[1]: Leaving directory '/home/smartcam/Desktop/EE_code/multipurposecamera/EE_team/init_resources/cmake-3.18.0/CMakeFiles/CMakeTmp'
Makefile:140: recipe for target 'cmTC_3030e/fast' failed
make: *** [cmTC_3030e/fast] Error 2


Source:
/* */
#include <sys/types.h>
#include <ctype.h>
#include <dlfcn.h>
#include <errno.h>
#include <fcntl.h>
#include <grp.h>
#include <langinfo.h>
#include <limits.h>
#include <linux/types.h>
#include <linux/fiemap.h>
#include <linux/fs.h>
#include <linux/magic.h>
#include <locale.h>
#include <memory.h>
#include <paths.h>
#include <poll.h>
#include <pthread.h>
#include <pwd.h>
#include <regex.h>
#include <signal.h>
#include <spawn.h>
#include <stdarg.h>
#include <stdlib.h>
#include <string.h>
#include <strings.h>
#include <sys/cdefs.h>
#include <sys/ioctl.h>
#include <sys/param.h>
#include <sys/poll.h>
#include <sys/select.h>
#include <sys/stat.h>
#include <sys/statfs.h>
#include <sys/statvfs.h>
#include <sys/sysmacros.h>
#include <sys/time.h>
#include <sys/utsname.h>
#include <sys/vfs.h>
#include <sys/wait.h>
#include <sys/xattr.h>
#include <time.h>
#include <unistd.h>
#include <utime.h>
#include <wchar.h>
#include <wctype.h>
#include <wincrypt.h>


int main(void){return 0;}

Determining if files sys/types.h;ctype.h;dlfcn.h;errno.h;fcntl.h;grp.h;langinfo.h;limits.h;linux/types.h;linux/fiemap.h;linux/fs.h;linux/magic.h;locale.h;memory.h;paths.h;poll.h;pthread.h;pwd.h;regex.h;signal.h;spawn.h;stdarg.h;stdlib.h;string.h;strings.h;sys/cdefs.h;sys/ioctl.h;sys/param.h;sys/poll.h;sys/select.h;sys/stat.h;sys/statfs.h;sys/statvfs.h;sys/sysmacros.h;sys/time.h;sys/utsname.h;sys/vfs.h;sys/wait.h;sys/xattr.h;time.h;unistd.h;utime.h;wchar.h;wctype.h;winioctl.h exist failed with the following output:
Change Dir: /home/smartcam/Desktop/EE_code/multipurposecamera/EE_team/init_resources/cmake-3.18.0/CMakeFiles/CMakeTmp

Run Build Command(s):/usr/bin/make cmTC_333b7/fast && make  -f CMakeFiles/cmTC_333b7.dir/build.make CMakeFiles/cmTC_333b7.dir/build
make[1]: Entering directory '/home/smartcam/Desktop/EE_code/multipurposecamera/EE_team/init_resources/cmake-3.18.0/CMakeFiles/CMakeTmp'
Building C object CMakeFiles/cmTC_333b7.dir/HAVE_WINIOCTL_H.c.o
/usr/bin/gcc   -w  -std=gnu11 -o CMakeFiles/cmTC_333b7.dir/HAVE_WINIOCTL_H.c.o -c /home/smartcam/Desktop/EE_code/multipurposecamera/EE_team/init_resources/cmake-3.18.0/CMakeFiles/CheckIncludeFiles/HAVE_WINIOCTL_H.c
/home/smartcam/Desktop/EE_code/multipurposecamera/EE_team/init_resources/cmake-3.18.0/CMakeFiles/CheckIncludeFiles/HAVE_WINIOCTL_H.c:46:10: fatal error: winioctl.h: No such file or directory
 #include <winioctl.h>
          ^~~~~~~~~~~~
compilation terminated.
CMakeFiles/cmTC_333b7.dir/build.make:84: recipe for target 'CMakeFiles/cmTC_333b7.dir/HAVE_WINIOCTL_H.c.o' failed
make[1]: *** [CMakeFiles/cmTC_333b7.dir/HAVE_WINIOCTL_H.c.o] Error 1
make[1]: Leaving directory '/home/smartcam/Desktop/EE_code/multipurposecamera/EE_team/init_resources/cmake-3.18.0/CMakeFiles/CMakeTmp'
Makefile:140: recipe for target 'cmTC_333b7/fast' failed
make: *** [cmTC_333b7/fast] Error 2


Source:
/* */
#include <sys/types.h>
#include <ctype.h>
#include <dlfcn.h>
#include <errno.h>
#include <fcntl.h>
#include <grp.h>
#include <langinfo.h>
#include <limits.h>
#include <linux/types.h>
#include <linux/fiemap.h>
#include <linux/fs.h>
#include <linux/magic.h>
#include <locale.h>
#include <memory.h>
#include <paths.h>
#include <poll.h>
#include <pthread.h>
#include <pwd.h>
#include <regex.h>
#include <signal.h>
#include <spawn.h>
#include <stdarg.h>
#include <stdlib.h>
#include <string.h>
#include <strings.h>
#include <sys/cdefs.h>
#include <sys/ioctl.h>
#include <sys/param.h>
#include <sys/poll.h>
#include <sys/select.h>
#include <sys/stat.h>
#include <sys/statfs.h>
#include <sys/statvfs.h>
#include <sys/sysmacros.h>
#include <sys/time.h>
#include <sys/utsname.h>
#include <sys/vfs.h>
#include <sys/wait.h>
#include <sys/xattr.h>
#include <time.h>
#include <unistd.h>
#include <utime.h>
#include <wchar.h>
#include <wctype.h>
#include <winioctl.h>


int main(void){return 0;}

Determining if the function getvfsbyname exists failed with the following output:
Change Dir: /home/smartcam/Desktop/EE_code/multipurposecamera/EE_team/init_resources/cmake-3.18.0/CMakeFiles/CMakeTmp

Run Build Command(s):/usr/bin/make cmTC_7c003/fast && make  -f CMakeFiles/cmTC_7c003.dir/build.make CMakeFiles/cmTC_7c003.dir/build
make[1]: Entering directory '/home/smartcam/Desktop/EE_code/multipurposecamera/EE_team/init_resources/cmake-3.18.0/CMakeFiles/CMakeTmp'
Building C object CMakeFiles/cmTC_7c003.dir/CheckFunctionExists.c.o
/usr/bin/gcc   -w -DCHECK_FUNCTION_EXISTS=getvfsbyname  -fno-builtin -std=gnu11 -o CMakeFiles/cmTC_7c003.dir/CheckFunctionExists.c.o -c /home/smartcam/Desktop/EE_code/multipurposecamera/EE_team/init_resources/cmake-3.18.0/Modules/CheckFunctionExists.c
Linking C executable cmTC_7c003
/home/smartcam/Desktop/EE_code/multipurposecamera/EE_team/init_resources/cmake-3.18.0/Bootstrap.cmk/cmake -E cmake_link_script CMakeFiles/cmTC_7c003.dir/link.txt --verbose=1
/usr/bin/gcc  -w -DCHECK_FUNCTION_EXISTS=getvfsbyname  -fno-builtin CMakeFiles/cmTC_7c003.dir/CheckFunctionExists.c.o -o cmTC_7c003 
CMakeFiles/cmTC_7c003.dir/CheckFunctionExists.c.o: In function `main':
CheckFunctionExists.c:(.text+0x10): undefined reference to `getvfsbyname'
collect2: error: ld returned 1 exit status
CMakeFiles/cmTC_7c003.dir/build.make:105: recipe for target 'cmTC_7c003' failed
make[1]: *** [cmTC_7c003] Error 1
make[1]: Leaving directory '/home/smartcam/Desktop/EE_code/multipurposecamera/EE_team/init_resources/cmake-3.18.0/CMakeFiles/CMakeTmp'
Makefile:140: recipe for target 'cmTC_7c003/fast' failed
make: *** [cmTC_7c003/fast] Error 2



Determining if the function lchflags exists failed with the following output:
Change Dir: /home/smartcam/Desktop/EE_code/multipurposecamera/EE_team/init_resources/cmake-3.18.0/CMakeFiles/CMakeTmp

Run Build Command(s):/usr/bin/make cmTC_12795/fast && make  -f CMakeFiles/cmTC_12795.dir/build.make CMakeFiles/cmTC_12795.dir/build
make[1]: Entering directory '/home/smartcam/Desktop/EE_code/multipurposecamera/EE_team/init_resources/cmake-3.18.0/CMakeFiles/CMakeTmp'
Building C object CMakeFiles/cmTC_12795.dir/CheckFunctionExists.c.o
/usr/bin/gcc   -w -DCHECK_FUNCTION_EXISTS=lchflags  -fno-builtin -std=gnu11 -o CMakeFiles/cmTC_12795.dir/CheckFunctionExists.c.o -c /home/smartcam/Desktop/EE_code/multipurposecamera/EE_team/init_resources/cmake-3.18.0/Modules/CheckFunctionExists.c
Linking C executable cmTC_12795
/home/smartcam/Desktop/EE_code/multipurposecamera/EE_team/init_resources/cmake-3.18.0/Bootstrap.cmk/cmake -E cmake_link_script CMakeFiles/cmTC_12795.dir/link.txt --verbose=1
/usr/bin/gcc  -w -DCHECK_FUNCTION_EXISTS=lchflags  -fno-builtin CMakeFiles/cmTC_12795.dir/CheckFunctionExists.c.o -o cmTC_12795 
CMakeFiles/cmTC_12795.dir/CheckFunctionExists.c.o: In function `main':
CheckFunctionExists.c:(.text+0x10): undefined reference to `lchflags'
collect2: error: ld returned 1 exit status
CMakeFiles/cmTC_12795.dir/build.make:105: recipe for target 'cmTC_12795' failed
make[1]: *** [cmTC_12795] Error 1
make[1]: Leaving directory '/home/smartcam/Desktop/EE_code/multipurposecamera/EE_team/init_resources/cmake-3.18.0/CMakeFiles/CMakeTmp'
Makefile:140: recipe for target 'cmTC_12795/fast' failed
make: *** [cmTC_12795/fast] Error 2



Determining if the function readpassphrase exists failed with the following output:
Change Dir: /home/smartcam/Desktop/EE_code/multipurposecamera/EE_team/init_resources/cmake-3.18.0/CMakeFiles/CMakeTmp

Run Build Command(s):/usr/bin/make cmTC_af637/fast && make  -f CMakeFiles/cmTC_af637.dir/build.make CMakeFiles/cmTC_af637.dir/build
make[1]: Entering directory '/home/smartcam/Desktop/EE_code/multipurposecamera/EE_team/init_resources/cmake-3.18.0/CMakeFiles/CMakeTmp'
Building C object CMakeFiles/cmTC_af637.dir/CheckFunctionExists.c.o
/usr/bin/gcc   -w -DCHECK_FUNCTION_EXISTS=readpassphrase  -fno-builtin -std=gnu11 -o CMakeFiles/cmTC_af637.dir/CheckFunctionExists.c.o -c /home/smartcam/Desktop/EE_code/multipurposecamera/EE_team/init_resources/cmake-3.18.0/Modules/CheckFunctionExists.c
Linking C executable cmTC_af637
/home/smartcam/Desktop/EE_code/multipurposecamera/EE_team/init_resources/cmake-3.18.0/Bootstrap.cmk/cmake -E cmake_link_script CMakeFiles/cmTC_af637.dir/link.txt --verbose=1
/usr/bin/gcc  -w -DCHECK_FUNCTION_EXISTS=readpassphrase  -fno-builtin CMakeFiles/cmTC_af637.dir/CheckFunctionExists.c.o -o cmTC_af637 
CMakeFiles/cmTC_af637.dir/CheckFunctionExists.c.o: In function `main':
CheckFunctionExists.c:(.text+0x10): undefined reference to `readpassphrase'
collect2: error: ld returned 1 exit status
CMakeFiles/cmTC_af637.dir/build.make:105: recipe for target 'cmTC_af637' failed
make[1]: *** [cmTC_af637] Error 1
make[1]: Leaving directory '/home/smartcam/Desktop/EE_code/multipurposecamera/EE_team/init_resources/cmake-3.18.0/CMakeFiles/CMakeTmp'
Makefile:140: recipe for target 'cmTC_af637/fast' failed
make: *** [cmTC_af637/fast] Error 2



Determining if the function strncpy_s exists failed with the following output:
Change Dir: /home/smartcam/Desktop/EE_code/multipurposecamera/EE_team/init_resources/cmake-3.18.0/CMakeFiles/CMakeTmp

Run Build Command(s):/usr/bin/make cmTC_12115/fast && make  -f CMakeFiles/cmTC_12115.dir/build.make CMakeFiles/cmTC_12115.dir/build
make[1]: Entering directory '/home/smartcam/Desktop/EE_code/multipurposecamera/EE_team/init_resources/cmake-3.18.0/CMakeFiles/CMakeTmp'
Building C object CMakeFiles/cmTC_12115.dir/CheckFunctionExists.c.o
/usr/bin/gcc   -w -DCHECK_FUNCTION_EXISTS=strncpy_s  -fno-builtin -std=gnu11 -o CMakeFiles/cmTC_12115.dir/CheckFunctionExists.c.o -c /home/smartcam/Desktop/EE_code/multipurposecamera/EE_team/init_resources/cmake-3.18.0/Modules/CheckFunctionExists.c
Linking C executable cmTC_12115
/home/smartcam/Desktop/EE_code/multipurposecamera/EE_team/init_resources/cmake-3.18.0/Bootstrap.cmk/cmake -E cmake_link_script CMakeFiles/cmTC_12115.dir/link.txt --verbose=1
/usr/bin/gcc  -w -DCHECK_FUNCTION_EXISTS=strncpy_s  -fno-builtin CMakeFiles/cmTC_12115.dir/CheckFunctionExists.c.o -o cmTC_12115 
CMakeFiles/cmTC_12115.dir/CheckFunctionExists.c.o: In function `main':
CheckFunctionExists.c:(.text+0x10): undefined reference to `strncpy_s'
collect2: error: ld returned 1 exit status
CMakeFiles/cmTC_12115.dir/build.make:105: recipe for target 'cmTC_12115' failed
make[1]: *** [cmTC_12115] Error 1
make[1]: Leaving directory '/home/smartcam/Desktop/EE_code/multipurposecamera/EE_team/init_resources/cmake-3.18.0/CMakeFiles/CMakeTmp'
Makefile:140: recipe for target 'cmTC_12115/fast' failed
make: *** [cmTC_12115/fast] Error 2



Determining if the function _ctime64_s exists failed with the following output:
Change Dir: /home/smartcam/Desktop/EE_code/multipurposecamera/EE_team/init_resources/cmake-3.18.0/CMakeFiles/CMakeTmp

Run Build Command(s):/usr/bin/make cmTC_b0c5a/fast && make  -f CMakeFiles/cmTC_b0c5a.dir/build.make CMakeFiles/cmTC_b0c5a.dir/build
make[1]: Entering directory '/home/smartcam/Desktop/EE_code/multipurposecamera/EE_team/init_resources/cmake-3.18.0/CMakeFiles/CMakeTmp'
Building C object CMakeFiles/cmTC_b0c5a.dir/CheckFunctionExists.c.o
/usr/bin/gcc   -w -DCHECK_FUNCTION_EXISTS=_ctime64_s  -fno-builtin -std=gnu11 -o CMakeFiles/cmTC_b0c5a.dir/CheckFunctionExists.c.o -c /home/smartcam/Desktop/EE_code/multipurposecamera/EE_team/init_resources/cmake-3.18.0/Modules/CheckFunctionExists.c
Linking C executable cmTC_b0c5a
/home/smartcam/Desktop/EE_code/multipurposecamera/EE_team/init_resources/cmake-3.18.0/Bootstrap.cmk/cmake -E cmake_link_script CMakeFiles/cmTC_b0c5a.dir/link.txt --verbose=1
/usr/bin/gcc  -w -DCHECK_FUNCTION_EXISTS=_ctime64_s  -fno-builtin CMakeFiles/cmTC_b0c5a.dir/CheckFunctionExists.c.o -o cmTC_b0c5a 
CMakeFiles/cmTC_b0c5a.dir/CheckFunctionExists.c.o: In function `main':
CheckFunctionExists.c:(.text+0x10): undefined reference to `_ctime64_s'
collect2: error: ld returned 1 exit status
CMakeFiles/cmTC_b0c5a.dir/build.make:105: recipe for target 'cmTC_b0c5a' failed
make[1]: *** [cmTC_b0c5a] Error 1
make[1]: Leaving directory '/home/smartcam/Desktop/EE_code/multipurposecamera/EE_team/init_resources/cmake-3.18.0/CMakeFiles/CMakeTmp'
Makefile:140: recipe for target 'cmTC_b0c5a/fast' failed
make: *** [cmTC_b0c5a/fast] Error 2



Determining if the function _fseeki64 exists failed with the following output:
Change Dir: /home/smartcam/Desktop/EE_code/multipurposecamera/EE_team/init_resources/cmake-3.18.0/CMakeFiles/CMakeTmp

Run Build Command(s):/usr/bin/make cmTC_1880e/fast && make  -f CMakeFiles/cmTC_1880e.dir/build.make CMakeFiles/cmTC_1880e.dir/build
make[1]: Entering directory '/home/smartcam/Desktop/EE_code/multipurposecamera/EE_team/init_resources/cmake-3.18.0/CMakeFiles/CMakeTmp'
Building C object CMakeFiles/cmTC_1880e.dir/CheckFunctionExists.c.o
/usr/bin/gcc   -w -DCHECK_FUNCTION_EXISTS=_fseeki64  -fno-builtin -std=gnu11 -o CMakeFiles/cmTC_1880e.dir/CheckFunctionExists.c.o -c /home/smartcam/Desktop/EE_code/multipurposecamera/EE_team/init_resources/cmake-3.18.0/Modules/CheckFunctionExists.c
Linking C executable cmTC_1880e
/home/smartcam/Desktop/EE_code/multipurposecamera/EE_team/init_resources/cmake-3.18.0/Bootstrap.cmk/cmake -E cmake_link_script CMakeFiles/cmTC_1880e.dir/link.txt --verbose=1
/usr/bin/gcc  -w -DCHECK_FUNCTION_EXISTS=_fseeki64  -fno-builtin CMakeFiles/cmTC_1880e.dir/CheckFunctionExists.c.o -o cmTC_1880e 
CMakeFiles/cmTC_1880e.dir/CheckFunctionExists.c.o: In function `main':
CheckFunctionExists.c:(.text+0x10): undefined reference to `_fseeki64'
collect2: error: ld returned 1 exit status
CMakeFiles/cmTC_1880e.dir/build.make:105: recipe for target 'cmTC_1880e' failed
make[1]: *** [cmTC_1880e] Error 1
make[1]: Leaving directory '/home/smartcam/Desktop/EE_code/multipurposecamera/EE_team/init_resources/cmake-3.18.0/CMakeFiles/CMakeTmp'
Makefile:140: recipe for target 'cmTC_1880e/fast' failed
make: *** [cmTC_1880e/fast] Error 2



Determining if the function _get_timezone exists failed with the following output:
Change Dir: /home/smartcam/Desktop/EE_code/multipurposecamera/EE_team/init_resources/cmake-3.18.0/CMakeFiles/CMakeTmp

Run Build Command(s):/usr/bin/make cmTC_b528e/fast && make  -f CMakeFiles/cmTC_b528e.dir/build.make CMakeFiles/cmTC_b528e.dir/build
make[1]: Entering directory '/home/smartcam/Desktop/EE_code/multipurposecamera/EE_team/init_resources/cmake-3.18.0/CMakeFiles/CMakeTmp'
Building C object CMakeFiles/cmTC_b528e.dir/CheckFunctionExists.c.o
/usr/bin/gcc   -w -DCHECK_FUNCTION_EXISTS=_get_timezone  -fno-builtin -std=gnu11 -o CMakeFiles/cmTC_b528e.dir/CheckFunctionExists.c.o -c /home/smartcam/Desktop/EE_code/multipurposecamera/EE_team/init_resources/cmake-3.18.0/Modules/CheckFunctionExists.c
Linking C executable cmTC_b528e
/home/smartcam/Desktop/EE_code/multipurposecamera/EE_team/init_resources/cmake-3.18.0/Bootstrap.cmk/cmake -E cmake_link_script CMakeFiles/cmTC_b528e.dir/link.txt --verbose=1
/usr/bin/gcc  -w -DCHECK_FUNCTION_EXISTS=_get_timezone  -fno-builtin CMakeFiles/cmTC_b528e.dir/CheckFunctionExists.c.o -o cmTC_b528e 
CMakeFiles/cmTC_b528e.dir/CheckFunctionExists.c.o: In function `main':
CheckFunctionExists.c:(.text+0x10): undefined reference to `_get_timezone'
collect2: error: ld returned 1 exit status
CMakeFiles/cmTC_b528e.dir/build.make:105: recipe for target 'cmTC_b528e' failed
make[1]: *** [cmTC_b528e] Error 1
make[1]: Leaving directory '/home/smartcam/Desktop/EE_code/multipurposecamera/EE_team/init_resources/cmake-3.18.0/CMakeFiles/CMakeTmp'
Makefile:140: recipe for target 'cmTC_b528e/fast' failed
make: *** [cmTC_b528e/fast] Error 2



Determining if the function _gmtime64_s exists failed with the following output:
Change Dir: /home/smartcam/Desktop/EE_code/multipurposecamera/EE_team/init_resources/cmake-3.18.0/CMakeFiles/CMakeTmp

Run Build Command(s):/usr/bin/make cmTC_ada4b/fast && make  -f CMakeFiles/cmTC_ada4b.dir/build.make CMakeFiles/cmTC_ada4b.dir/build
make[1]: Entering directory '/home/smartcam/Desktop/EE_code/multipurposecamera/EE_team/init_resources/cmake-3.18.0/CMakeFiles/CMakeTmp'
Building C object CMakeFiles/cmTC_ada4b.dir/CheckFunctionExists.c.o
/usr/bin/gcc   -w -DCHECK_FUNCTION_EXISTS=_gmtime64_s  -fno-builtin -std=gnu11 -o CMakeFiles/cmTC_ada4b.dir/CheckFunctionExists.c.o -c /home/smartcam/Desktop/EE_code/multipurposecamera/EE_team/init_resources/cmake-3.18.0/Modules/CheckFunctionExists.c
Linking C executable cmTC_ada4b
/home/smartcam/Desktop/EE_code/multipurposecamera/EE_team/init_resources/cmake-3.18.0/Bootstrap.cmk/cmake -E cmake_link_script CMakeFiles/cmTC_ada4b.dir/link.txt --verbose=1
/usr/bin/gcc  -w -DCHECK_FUNCTION_EXISTS=_gmtime64_s  -fno-builtin CMakeFiles/cmTC_ada4b.dir/CheckFunctionExists.c.o -o cmTC_ada4b 
CMakeFiles/cmTC_ada4b.dir/CheckFunctionExists.c.o: In function `main':
CheckFunctionExists.c:(.text+0x10): undefined reference to `_gmtime64_s'
collect2: error: ld returned 1 exit status
CMakeFiles/cmTC_ada4b.dir/build.make:105: recipe for target 'cmTC_ada4b' failed
make[1]: *** [cmTC_ada4b] Error 1
make[1]: Leaving directory '/home/smartcam/Desktop/EE_code/multipurposecamera/EE_team/init_resources/cmake-3.18.0/CMakeFiles/CMakeTmp'
Makefile:140: recipe for target 'cmTC_ada4b/fast' failed
make: *** [cmTC_ada4b/fast] Error 2



Determining if the function _localtime64_s exists failed with the following output:
Change Dir: /home/smartcam/Desktop/EE_code/multipurposecamera/EE_team/init_resources/cmake-3.18.0/CMakeFiles/CMakeTmp

Run Build Command(s):/usr/bin/make cmTC_679d2/fast && make  -f CMakeFiles/cmTC_679d2.dir/build.make CMakeFiles/cmTC_679d2.dir/build
make[1]: Entering directory '/home/smartcam/Desktop/EE_code/multipurposecamera/EE_team/init_resources/cmake-3.18.0/CMakeFiles/CMakeTmp'
Building C object CMakeFiles/cmTC_679d2.dir/CheckFunctionExists.c.o
/usr/bin/gcc   -w -DCHECK_FUNCTION_EXISTS=_localtime64_s  -fno-builtin -std=gnu11 -o CMakeFiles/cmTC_679d2.dir/CheckFunctionExists.c.o -c /home/smartcam/Desktop/EE_code/multipurposecamera/EE_team/init_resources/cmake-3.18.0/Modules/CheckFunctionExists.c
Linking C executable cmTC_679d2
/home/smartcam/Desktop/EE_code/multipurposecamera/EE_team/init_resources/cmake-3.18.0/Bootstrap.cmk/cmake -E cmake_link_script CMakeFiles/cmTC_679d2.dir/link.txt --verbose=1
/usr/bin/gcc  -w -DCHECK_FUNCTION_EXISTS=_localtime64_s  -fno-builtin CMakeFiles/cmTC_679d2.dir/CheckFunctionExists.c.o -o cmTC_679d2 
CMakeFiles/cmTC_679d2.dir/CheckFunctionExists.c.o: In function `main':
CheckFunctionExists.c:(.text+0x10): undefined reference to `_localtime64_s'
collect2: error: ld returned 1 exit status
CMakeFiles/cmTC_679d2.dir/build.make:105: recipe for target 'cmTC_679d2' failed
make[1]: *** [cmTC_679d2] Error 1
make[1]: Leaving directory '/home/smartcam/Desktop/EE_code/multipurposecamera/EE_team/init_resources/cmake-3.18.0/CMakeFiles/CMakeTmp'
Makefile:140: recipe for target 'cmTC_679d2/fast' failed
make: *** [cmTC_679d2/fast] Error 2



Determining if the function _mkgmtime64 exists failed with the following output:
Change Dir: /home/smartcam/Desktop/EE_code/multipurposecamera/EE_team/init_resources/cmake-3.18.0/CMakeFiles/CMakeTmp

Run Build Command(s):/usr/bin/make cmTC_83ecb/fast && make  -f CMakeFiles/cmTC_83ecb.dir/build.make CMakeFiles/cmTC_83ecb.dir/build
make[1]: Entering directory '/home/smartcam/Desktop/EE_code/multipurposecamera/EE_team/init_resources/cmake-3.18.0/CMakeFiles/CMakeTmp'
Building C object CMakeFiles/cmTC_83ecb.dir/CheckFunctionExists.c.o
/usr/bin/gcc   -w -DCHECK_FUNCTION_EXISTS=_mkgmtime64  -fno-builtin -std=gnu11 -o CMakeFiles/cmTC_83ecb.dir/CheckFunctionExists.c.o -c /home/smartcam/Desktop/EE_code/multipurposecamera/EE_team/init_resources/cmake-3.18.0/Modules/CheckFunctionExists.c
Linking C executable cmTC_83ecb
/home/smartcam/Desktop/EE_code/multipurposecamera/EE_team/init_resources/cmake-3.18.0/Bootstrap.cmk/cmake -E cmake_link_script CMakeFiles/cmTC_83ecb.dir/link.txt --verbose=1
/usr/bin/gcc  -w -DCHECK_FUNCTION_EXISTS=_mkgmtime64  -fno-builtin CMakeFiles/cmTC_83ecb.dir/CheckFunctionExists.c.o -o cmTC_83ecb 
CMakeFiles/cmTC_83ecb.dir/CheckFunctionExists.c.o: In function `main':
CheckFunctionExists.c:(.text+0x10): undefined reference to `_mkgmtime64'
collect2: error: ld returned 1 exit status
CMakeFiles/cmTC_83ecb.dir/build.make:105: recipe for target 'cmTC_83ecb' failed
make[1]: *** [cmTC_83ecb] Error 1
make[1]: Leaving directory '/home/smartcam/Desktop/EE_code/multipurposecamera/EE_team/init_resources/cmake-3.18.0/CMakeFiles/CMakeTmp'
Makefile:140: recipe for target 'cmTC_83ecb/fast' failed
make: *** [cmTC_83ecb/fast] Error 2



Determining if the function cygwin_conv_path exists failed with the following output:
Change Dir: /home/smartcam/Desktop/EE_code/multipurposecamera/EE_team/init_resources/cmake-3.18.0/CMakeFiles/CMakeTmp

Run Build Command(s):/usr/bin/make cmTC_c7bbc/fast && make  -f CMakeFiles/cmTC_c7bbc.dir/build.make CMakeFiles/cmTC_c7bbc.dir/build
make[1]: Entering directory '/home/smartcam/Desktop/EE_code/multipurposecamera/EE_team/init_resources/cmake-3.18.0/CMakeFiles/CMakeTmp'
Building C object CMakeFiles/cmTC_c7bbc.dir/CheckFunctionExists.c.o
/usr/bin/gcc   -w -DCHECK_FUNCTION_EXISTS=cygwin_conv_path  -fno-builtin -std=gnu11 -o CMakeFiles/cmTC_c7bbc.dir/CheckFunctionExists.c.o -c /home/smartcam/Desktop/EE_code/multipurposecamera/EE_team/init_resources/cmake-3.18.0/Modules/CheckFunctionExists.c
Linking C executable cmTC_c7bbc
/home/smartcam/Desktop/EE_code/multipurposecamera/EE_team/init_resources/cmake-3.18.0/Bootstrap.cmk/cmake -E cmake_link_script CMakeFiles/cmTC_c7bbc.dir/link.txt --verbose=1
/usr/bin/gcc  -w -DCHECK_FUNCTION_EXISTS=cygwin_conv_path  -fno-builtin CMakeFiles/cmTC_c7bbc.dir/CheckFunctionExists.c.o -o cmTC_c7bbc 
CMakeFiles/cmTC_c7bbc.dir/CheckFunctionExists.c.o: In function `main':
CheckFunctionExists.c:(.text+0x10): undefined reference to `cygwin_conv_path'
collect2: error: ld returned 1 exit status
CMakeFiles/cmTC_c7bbc.dir/build.make:105: recipe for target 'cmTC_c7bbc' failed
make[1]: *** [cmTC_c7bbc] Error 1
make[1]: Leaving directory '/home/smartcam/Desktop/EE_code/multipurposecamera/EE_team/init_resources/cmake-3.18.0/CMakeFiles/CMakeTmp'
Makefile:140: recipe for target 'cmTC_c7bbc/fast' failed
make: *** [cmTC_c7bbc/fast] Error 2



Performing C SOURCE FILE Test HAVE_STRUCT_VFSCONF failed with the following output:
Change Dir: /home/smartcam/Desktop/EE_code/multipurposecamera/EE_team/init_resources/cmake-3.18.0/CMakeFiles/CMakeTmp

Run Build Command(s):/usr/bin/make cmTC_d7a3b/fast && make  -f CMakeFiles/cmTC_d7a3b.dir/build.make CMakeFiles/cmTC_d7a3b.dir/build
make[1]: Entering directory '/home/smartcam/Desktop/EE_code/multipurposecamera/EE_team/init_resources/cmake-3.18.0/CMakeFiles/CMakeTmp'
Building C object CMakeFiles/cmTC_d7a3b.dir/src.c.o
/usr/bin/gcc   -w -DHAVE_STRUCT_VFSCONF -std=gnu11 -o CMakeFiles/cmTC_d7a3b.dir/src.c.o -c /home/smartcam/Desktop/EE_code/multipurposecamera/EE_team/init_resources/cmake-3.18.0/CMakeFiles/CMakeTmp/src.c
/home/smartcam/Desktop/EE_code/multipurposecamera/EE_team/init_resources/cmake-3.18.0/CMakeFiles/CMakeTmp/src.c: In function ‘main’:
/home/smartcam/Desktop/EE_code/multipurposecamera/EE_team/init_resources/cmake-3.18.0/CMakeFiles/CMakeTmp/src.c:3:33: error: storage size of ‘v’ isn’t known
 int main(void) { struct vfsconf v; return sizeof(v);}
                                 ^
CMakeFiles/cmTC_d7a3b.dir/build.make:84: recipe for target 'CMakeFiles/cmTC_d7a3b.dir/src.c.o' failed
make[1]: *** [CMakeFiles/cmTC_d7a3b.dir/src.c.o] Error 1
make[1]: Leaving directory '/home/smartcam/Desktop/EE_code/multipurposecamera/EE_team/init_resources/cmake-3.18.0/CMakeFiles/CMakeTmp'
Makefile:140: recipe for target 'cmTC_d7a3b/fast' failed
make: *** [cmTC_d7a3b/fast] Error 2


Source file was:
#include <sys/types.h>
#include <sys/mount.h>
int main(void) { struct vfsconf v; return sizeof(v);}
Performing C SOURCE FILE Test HAVE_STRUCT_XVFSCONF failed with the following output:
Change Dir: /home/smartcam/Desktop/EE_code/multipurposecamera/EE_team/init_resources/cmake-3.18.0/CMakeFiles/CMakeTmp

Run Build Command(s):/usr/bin/make cmTC_6cd0a/fast && make  -f CMakeFiles/cmTC_6cd0a.dir/build.make CMakeFiles/cmTC_6cd0a.dir/build
make[1]: Entering directory '/home/smartcam/Desktop/EE_code/multipurposecamera/EE_team/init_resources/cmake-3.18.0/CMakeFiles/CMakeTmp'
Building C object CMakeFiles/cmTC_6cd0a.dir/src.c.o
/usr/bin/gcc   -w -DHAVE_STRUCT_XVFSCONF -std=gnu11 -o CMakeFiles/cmTC_6cd0a.dir/src.c.o -c /home/smartcam/Desktop/EE_code/multipurposecamera/EE_team/init_resources/cmake-3.18.0/CMakeFiles/CMakeTmp/src.c
/home/smartcam/Desktop/EE_code/multipurposecamera/EE_team/init_resources/cmake-3.18.0/CMakeFiles/CMakeTmp/src.c: In function ‘main’:
/home/smartcam/Desktop/EE_code/multipurposecamera/EE_team/init_resources/cmake-3.18.0/CMakeFiles/CMakeTmp/src.c:3:34: error: storage size of ‘v’ isn’t known
 int main(void) { struct xvfsconf v; return sizeof(v);}
                                  ^
CMakeFiles/cmTC_6cd0a.dir/build.make:84: recipe for target 'CMakeFiles/cmTC_6cd0a.dir/src.c.o' failed
make[1]: *** [CMakeFiles/cmTC_6cd0a.dir/src.c.o] Error 1
make[1]: Leaving directory '/home/smartcam/Desktop/EE_code/multipurposecamera/EE_team/init_resources/cmake-3.18.0/CMakeFiles/CMakeTmp'
Makefile:140: recipe for target 'cmTC_6cd0a/fast' failed
make: *** [cmTC_6cd0a/fast] Error 2


Source file was:
#include <sys/types.h>
#include <sys/mount.h>
int main(void) { struct xvfsconf v; return sizeof(v);}
Performing C SOURCE FILE Test MAJOR_IN_MKDEV failed with the following output:
Change Dir: /home/smartcam/Desktop/EE_code/multipurposecamera/EE_team/init_resources/cmake-3.18.0/CMakeFiles/CMakeTmp

Run Build Command(s):/usr/bin/make cmTC_145a6/fast && make  -f CMakeFiles/cmTC_145a6.dir/build.make CMakeFiles/cmTC_145a6.dir/build
make[1]: Entering directory '/home/smartcam/Desktop/EE_code/multipurposecamera/EE_team/init_resources/cmake-3.18.0/CMakeFiles/CMakeTmp'
Building C object CMakeFiles/cmTC_145a6.dir/src.c.o
/usr/bin/gcc   -w -DMAJOR_IN_MKDEV -std=gnu11 -o CMakeFiles/cmTC_145a6.dir/src.c.o -c /home/smartcam/Desktop/EE_code/multipurposecamera/EE_team/init_resources/cmake-3.18.0/CMakeFiles/CMakeTmp/src.c
/home/smartcam/Desktop/EE_code/multipurposecamera/EE_team/init_resources/cmake-3.18.0/CMakeFiles/CMakeTmp/src.c:1:10: fatal error: sys/mkdev.h: No such file or directory
 #include <sys/mkdev.h>
          ^~~~~~~~~~~~~
compilation terminated.
CMakeFiles/cmTC_145a6.dir/build.make:84: recipe for target 'CMakeFiles/cmTC_145a6.dir/src.c.o' failed
make[1]: *** [CMakeFiles/cmTC_145a6.dir/src.c.o] Error 1
make[1]: Leaving directory '/home/smartcam/Desktop/EE_code/multipurposecamera/EE_team/init_resources/cmake-3.18.0/CMakeFiles/CMakeTmp'
Makefile:140: recipe for target 'cmTC_145a6/fast' failed
make: *** [cmTC_145a6/fast] Error 2


Source file was:
#include <sys/mkdev.h>
int main() { return major(256); }
Performing C SOURCE FILE Test HAVE_LZMA_STREAM_ENCODER_MT failed with the following output:
Change Dir: /home/smartcam/Desktop/EE_code/multipurposecamera/EE_team/init_resources/cmake-3.18.0/CMakeFiles/CMakeTmp

Run Build Command(s):/usr/bin/make cmTC_2528f/fast && make  -f CMakeFiles/cmTC_2528f.dir/build.make CMakeFiles/cmTC_2528f.dir/build
make[1]: Entering directory '/home/smartcam/Desktop/EE_code/multipurposecamera/EE_team/init_resources/cmake-3.18.0/CMakeFiles/CMakeTmp'
Building C object CMakeFiles/cmTC_2528f.dir/src.c.o
/usr/bin/gcc   -w -DHAVE_LZMA_STREAM_ENCODER_MT -std=gnu11 -o CMakeFiles/cmTC_2528f.dir/src.c.o -c /home/smartcam/Desktop/EE_code/multipurposecamera/EE_team/init_resources/cmake-3.18.0/CMakeFiles/CMakeTmp/src.c
/home/smartcam/Desktop/EE_code/multipurposecamera/EE_team/init_resources/cmake-3.18.0/CMakeFiles/CMakeTmp/src.c:1:10: fatal error: lzma.h: No such file or directory
 #include <lzma.h>
          ^~~~~~~~
compilation terminated.
CMakeFiles/cmTC_2528f.dir/build.make:84: recipe for target 'CMakeFiles/cmTC_2528f.dir/src.c.o' failed
make[1]: *** [CMakeFiles/cmTC_2528f.dir/src.c.o] Error 1
make[1]: Leaving directory '/home/smartcam/Desktop/EE_code/multipurposecamera/EE_team/init_resources/cmake-3.18.0/CMakeFiles/CMakeTmp'
Makefile:140: recipe for target 'cmTC_2528f/fast' failed
make: *** [cmTC_2528f/fast] Error 2


Source file was:
#include <lzma.h>
#if LZMA_VERSION < 50020000
#error unsupported
#endif
int main(void){lzma_stream_encoder_mt(0, 0); return 0;}
Determining if the EFTYPE exist failed with the following output:
Change Dir: /home/smartcam/Desktop/EE_code/multipurposecamera/EE_team/init_resources/cmake-3.18.0/CMakeFiles/CMakeTmp

Run Build Command(s):/usr/bin/make cmTC_6a391/fast && make  -f CMakeFiles/cmTC_6a391.dir/build.make CMakeFiles/cmTC_6a391.dir/build
make[1]: Entering directory '/home/smartcam/Desktop/EE_code/multipurposecamera/EE_team/init_resources/cmake-3.18.0/CMakeFiles/CMakeTmp'
Building C object CMakeFiles/cmTC_6a391.dir/CheckSymbolExists.c.o
/usr/bin/gcc   -w  -std=gnu11 -o CMakeFiles/cmTC_6a391.dir/CheckSymbolExists.c.o -c /home/smartcam/Desktop/EE_code/multipurposecamera/EE_team/init_resources/cmake-3.18.0/CMakeFiles/CMakeTmp/CheckSymbolExists.c
/home/smartcam/Desktop/EE_code/multipurposecamera/EE_team/init_resources/cmake-3.18.0/CMakeFiles/CMakeTmp/CheckSymbolExists.c: In function ‘main’:
/home/smartcam/Desktop/EE_code/multipurposecamera/EE_team/init_resources/cmake-3.18.0/CMakeFiles/CMakeTmp/CheckSymbolExists.c:8:19: error: ‘EFTYPE’ undeclared (first use in this function); did you mean ‘ESPIPE’?
   return ((int*)(&EFTYPE))[argc];
                   ^~~~~~
                   ESPIPE
/home/smartcam/Desktop/EE_code/multipurposecamera/EE_team/init_resources/cmake-3.18.0/CMakeFiles/CMakeTmp/CheckSymbolExists.c:8:19: note: each undeclared identifier is reported only once for each function it appears in
CMakeFiles/cmTC_6a391.dir/build.make:84: recipe for target 'CMakeFiles/cmTC_6a391.dir/CheckSymbolExists.c.o' failed
make[1]: *** [CMakeFiles/cmTC_6a391.dir/CheckSymbolExists.c.o] Error 1
make[1]: Leaving directory '/home/smartcam/Desktop/EE_code/multipurposecamera/EE_team/init_resources/cmake-3.18.0/CMakeFiles/CMakeTmp'
Makefile:140: recipe for target 'cmTC_6a391/fast' failed
make: *** [cmTC_6a391/fast] Error 2


File /home/smartcam/Desktop/EE_code/multipurposecamera/EE_team/init_resources/cmake-3.18.0/CMakeFiles/CMakeTmp/CheckSymbolExists.c:
/* */
#include <errno.h>

int main(int argc, char** argv)
{
  (void)argv;
#ifndef EFTYPE
  return ((int*)(&EFTYPE))[argc];
#else
  (void)argc;
  return 0;
#endif
}
Determining if the D_MD_ORDER exist failed with the following output:
Change Dir: /home/smartcam/Desktop/EE_code/multipurposecamera/EE_team/init_resources/cmake-3.18.0/CMakeFiles/CMakeTmp

Run Build Command(s):/usr/bin/make cmTC_1c6cc/fast && make  -f CMakeFiles/cmTC_1c6cc.dir/build.make CMakeFiles/cmTC_1c6cc.dir/build
make[1]: Entering directory '/home/smartcam/Desktop/EE_code/multipurposecamera/EE_team/init_resources/cmake-3.18.0/CMakeFiles/CMakeTmp'
Building C object CMakeFiles/cmTC_1c6cc.dir/CheckSymbolExists.c.o
/usr/bin/gcc   -w  -std=gnu11 -o CMakeFiles/cmTC_1c6cc.dir/CheckSymbolExists.c.o -c /home/smartcam/Desktop/EE_code/multipurposecamera/EE_team/init_resources/cmake-3.18.0/CMakeFiles/CMakeTmp/CheckSymbolExists.c
/home/smartcam/Desktop/EE_code/multipurposecamera/EE_team/init_resources/cmake-3.18.0/CMakeFiles/CMakeTmp/CheckSymbolExists.c: In function ‘main’:
/home/smartcam/Desktop/EE_code/multipurposecamera/EE_team/init_resources/cmake-3.18.0/CMakeFiles/CMakeTmp/CheckSymbolExists.c:8:19: error: ‘D_MD_ORDER’ undeclared (first use in this function)
   return ((int*)(&D_MD_ORDER))[argc];
                   ^~~~~~~~~~
/home/smartcam/Desktop/EE_code/multipurposecamera/EE_team/init_resources/cmake-3.18.0/CMakeFiles/CMakeTmp/CheckSymbolExists.c:8:19: note: each undeclared identifier is reported only once for each function it appears in
CMakeFiles/cmTC_1c6cc.dir/build.make:84: recipe for target 'CMakeFiles/cmTC_1c6cc.dir/CheckSymbolExists.c.o' failed
make[1]: *** [CMakeFiles/cmTC_1c6cc.dir/CheckSymbolExists.c.o] Error 1
make[1]: Leaving directory '/home/smartcam/Desktop/EE_code/multipurposecamera/EE_team/init_resources/cmake-3.18.0/CMakeFiles/CMakeTmp'
Makefile:140: recipe for target 'cmTC_1c6cc/fast' failed
make: *** [cmTC_1c6cc/fast] Error 2


File /home/smartcam/Desktop/EE_code/multipurposecamera/EE_team/init_resources/cmake-3.18.0/CMakeFiles/CMakeTmp/CheckSymbolExists.c:
/* */
#include <langinfo.h>

int main(int argc, char** argv)
{
  (void)argv;
#ifndef D_MD_ORDER
  return ((int*)(&D_MD_ORDER))[argc];
#else
  (void)argc;
  return 0;
#endif
}
Performing C SOURCE FILE Test HAVE_STRUCT_TM___TM_GMTOFF failed with the following output:
Change Dir: /home/smartcam/Desktop/EE_code/multipurposecamera/EE_team/init_resources/cmake-3.18.0/CMakeFiles/CMakeTmp

Run Build Command(s):/usr/bin/make cmTC_7cb13/fast && make  -f CMakeFiles/cmTC_7cb13.dir/build.make CMakeFiles/cmTC_7cb13.dir/build
make[1]: Entering directory '/home/smartcam/Desktop/EE_code/multipurposecamera/EE_team/init_resources/cmake-3.18.0/CMakeFiles/CMakeTmp'
Building C object CMakeFiles/cmTC_7cb13.dir/src.c.o
/usr/bin/gcc   -w -DHAVE_STRUCT_TM___TM_GMTOFF -std=gnu11 -o CMakeFiles/cmTC_7cb13.dir/src.c.o -c /home/smartcam/Desktop/EE_code/multipurposecamera/EE_team/init_resources/cmake-3.18.0/CMakeFiles/CMakeTmp/src.c
/home/smartcam/Desktop/EE_code/multipurposecamera/EE_team/init_resources/cmake-3.18.0/CMakeFiles/CMakeTmp/src.c: In function ‘main’:
/home/smartcam/Desktop/EE_code/multipurposecamera/EE_team/init_resources/cmake-3.18.0/CMakeFiles/CMakeTmp/src.c:6:34: error: ‘struct tm’ has no member named ‘__tm_gmtoff’; did you mean ‘tm_gmtoff’?
   (void)sizeof(((struct tm *)0)->__tm_gmtoff);
                                  ^~~~~~~~~~~
                                  tm_gmtoff
CMakeFiles/cmTC_7cb13.dir/build.make:84: recipe for target 'CMakeFiles/cmTC_7cb13.dir/src.c.o' failed
make[1]: *** [CMakeFiles/cmTC_7cb13.dir/src.c.o] Error 1
make[1]: Leaving directory '/home/smartcam/Desktop/EE_code/multipurposecamera/EE_team/init_resources/cmake-3.18.0/CMakeFiles/CMakeTmp'
Makefile:140: recipe for target 'cmTC_7cb13/fast' failed
make: *** [cmTC_7cb13/fast] Error 2


Source file was:

#include <time.h>

int main()
{
  (void)sizeof(((struct tm *)0)->__tm_gmtoff);
  return 0;
}

Performing C SOURCE FILE Test HAVE_STRUCT_STATFS_F_NAMEMAX failed with the following output:
Change Dir: /home/smartcam/Desktop/EE_code/multipurposecamera/EE_team/init_resources/cmake-3.18.0/CMakeFiles/CMakeTmp

Run Build Command(s):/usr/bin/make cmTC_b874c/fast && make  -f CMakeFiles/cmTC_b874c.dir/build.make CMakeFiles/cmTC_b874c.dir/build
make[1]: Entering directory '/home/smartcam/Desktop/EE_code/multipurposecamera/EE_team/init_resources/cmake-3.18.0/CMakeFiles/CMakeTmp'
Building C object CMakeFiles/cmTC_b874c.dir/src.c.o
/usr/bin/gcc   -w -DHAVE_STRUCT_STATFS_F_NAMEMAX -std=gnu11 -o CMakeFiles/cmTC_b874c.dir/src.c.o -c /home/smartcam/Desktop/EE_code/multipurposecamera/EE_team/init_resources/cmake-3.18.0/CMakeFiles/CMakeTmp/src.c
/home/smartcam/Desktop/EE_code/multipurposecamera/EE_team/init_resources/cmake-3.18.0/CMakeFiles/CMakeTmp/src.c: In function ‘main’:
/home/smartcam/Desktop/EE_code/multipurposecamera/EE_team/init_resources/cmake-3.18.0/CMakeFiles/CMakeTmp/src.c:7:36: error: dereferencing pointer to incomplete type ‘struct statfs’
   (void)sizeof(((struct statfs *)0)->f_namemax);
                                    ^~
CMakeFiles/cmTC_b874c.dir/build.make:84: recipe for target 'CMakeFiles/cmTC_b874c.dir/src.c.o' failed
make[1]: *** [CMakeFiles/cmTC_b874c.dir/src.c.o] Error 1
make[1]: Leaving directory '/home/smartcam/Desktop/EE_code/multipurposecamera/EE_team/init_resources/cmake-3.18.0/CMakeFiles/CMakeTmp'
Makefile:140: recipe for target 'cmTC_b874c/fast' failed
make: *** [cmTC_b874c/fast] Error 2


Source file was:

#include <sys/param.h>
#include <sys/mount.h>

int main()
{
  (void)sizeof(((struct statfs *)0)->f_namemax);
  return 0;
}

Performing C SOURCE FILE Test HAVE_STRUCT_STAT_ST_BIRTHTIME failed with the following output:
Change Dir: /home/smartcam/Desktop/EE_code/multipurposecamera/EE_team/init_resources/cmake-3.18.0/CMakeFiles/CMakeTmp

Run Build Command(s):/usr/bin/make cmTC_fe0c7/fast && make  -f CMakeFiles/cmTC_fe0c7.dir/build.make CMakeFiles/cmTC_fe0c7.dir/build
make[1]: Entering directory '/home/smartcam/Desktop/EE_code/multipurposecamera/EE_team/init_resources/cmake-3.18.0/CMakeFiles/CMakeTmp'
Building C object CMakeFiles/cmTC_fe0c7.dir/src.c.o
/usr/bin/gcc   -w -DHAVE_STRUCT_STAT_ST_BIRTHTIME -std=gnu11 -o CMakeFiles/cmTC_fe0c7.dir/src.c.o -c /home/smartcam/Desktop/EE_code/multipurposecamera/EE_team/init_resources/cmake-3.18.0/CMakeFiles/CMakeTmp/src.c
/home/smartcam/Desktop/EE_code/multipurposecamera/EE_team/init_resources/cmake-3.18.0/CMakeFiles/CMakeTmp/src.c: In function ‘main’:
/home/smartcam/Desktop/EE_code/multipurposecamera/EE_team/init_resources/cmake-3.18.0/CMakeFiles/CMakeTmp/src.c:7:36: error: ‘struct stat’ has no member named ‘st_birthtime’; did you mean ‘st_blksize’?
   (void)sizeof(((struct stat *)0)->st_birthtime);
                                    ^~~~~~~~~~~~
                                    st_blksize
CMakeFiles/cmTC_fe0c7.dir/build.make:84: recipe for target 'CMakeFiles/cmTC_fe0c7.dir/src.c.o' failed
make[1]: *** [CMakeFiles/cmTC_fe0c7.dir/src.c.o] Error 1
make[1]: Leaving directory '/home/smartcam/Desktop/EE_code/multipurposecamera/EE_team/init_resources/cmake-3.18.0/CMakeFiles/CMakeTmp'
Makefile:140: recipe for target 'cmTC_fe0c7/fast' failed
make: *** [cmTC_fe0c7/fast] Error 2


Source file was:

#include <sys/types.h>
#include <sys/stat.h>

int main()
{
  (void)sizeof(((struct stat *)0)->st_birthtime);
  return 0;
}

Performing C SOURCE FILE Test HAVE_STRUCT_STAT_ST_BIRTHTIMESPEC_TV_NSEC failed with the following output:
Change Dir: /home/smartcam/Desktop/EE_code/multipurposecamera/EE_team/init_resources/cmake-3.18.0/CMakeFiles/CMakeTmp

Run Build Command(s):/usr/bin/make cmTC_6b4dd/fast && make  -f CMakeFiles/cmTC_6b4dd.dir/build.make CMakeFiles/cmTC_6b4dd.dir/build
make[1]: Entering directory '/home/smartcam/Desktop/EE_code/multipurposecamera/EE_team/init_resources/cmake-3.18.0/CMakeFiles/CMakeTmp'
Building C object CMakeFiles/cmTC_6b4dd.dir/src.c.o
/usr/bin/gcc   -w -DHAVE_STRUCT_STAT_ST_BIRTHTIMESPEC_TV_NSEC -std=gnu11 -o CMakeFiles/cmTC_6b4dd.dir/src.c.o -c /home/smartcam/Desktop/EE_code/multipurposecamera/EE_team/init_resources/cmake-3.18.0/CMakeFiles/CMakeTmp/src.c
/home/smartcam/Desktop/EE_code/multipurposecamera/EE_team/init_resources/cmake-3.18.0/CMakeFiles/CMakeTmp/src.c: In function ‘main’:
/home/smartcam/Desktop/EE_code/multipurposecamera/EE_team/init_resources/cmake-3.18.0/CMakeFiles/CMakeTmp/src.c:7:34: error: ‘struct stat’ has no member named ‘st_birthtimespec’
   (void)sizeof(((struct stat *)0)->st_birthtimespec.tv_nsec);
                                  ^~
CMakeFiles/cmTC_6b4dd.dir/build.make:84: recipe for target 'CMakeFiles/cmTC_6b4dd.dir/src.c.o' failed
make[1]: *** [CMakeFiles/cmTC_6b4dd.dir/src.c.o] Error 1
make[1]: Leaving directory '/home/smartcam/Desktop/EE_code/multipurposecamera/EE_team/init_resources/cmake-3.18.0/CMakeFiles/CMakeTmp'
Makefile:140: recipe for target 'cmTC_6b4dd/fast' failed
make: *** [cmTC_6b4dd/fast] Error 2


Source file was:

#include <sys/types.h>
#include <sys/stat.h>

int main()
{
  (void)sizeof(((struct stat *)0)->st_birthtimespec.tv_nsec);
  return 0;
}

Performing C SOURCE FILE Test HAVE_STRUCT_STAT_ST_MTIMESPEC_TV_NSEC failed with the following output:
Change Dir: /home/smartcam/Desktop/EE_code/multipurposecamera/EE_team/init_resources/cmake-3.18.0/CMakeFiles/CMakeTmp

Run Build Command(s):/usr/bin/make cmTC_aaf19/fast && make  -f CMakeFiles/cmTC_aaf19.dir/build.make CMakeFiles/cmTC_aaf19.dir/build
make[1]: Entering directory '/home/smartcam/Desktop/EE_code/multipurposecamera/EE_team/init_resources/cmake-3.18.0/CMakeFiles/CMakeTmp'
Building C object CMakeFiles/cmTC_aaf19.dir/src.c.o
/usr/bin/gcc   -w -DHAVE_STRUCT_STAT_ST_MTIMESPEC_TV_NSEC -std=gnu11 -o CMakeFiles/cmTC_aaf19.dir/src.c.o -c /home/smartcam/Desktop/EE_code/multipurposecamera/EE_team/init_resources/cmake-3.18.0/CMakeFiles/CMakeTmp/src.c
/home/smartcam/Desktop/EE_code/multipurposecamera/EE_team/init_resources/cmake-3.18.0/CMakeFiles/CMakeTmp/src.c: In function ‘main’:
/home/smartcam/Desktop/EE_code/multipurposecamera/EE_team/init_resources/cmake-3.18.0/CMakeFiles/CMakeTmp/src.c:7:36: error: ‘struct stat’ has no member named ‘st_mtimespec’; did you mean ‘st_mtim’?
   (void)sizeof(((struct stat *)0)->st_mtimespec.tv_nsec);
                                    ^~~~~~~~~~~~
                                    st_mtim
CMakeFiles/cmTC_aaf19.dir/build.make:84: recipe for target 'CMakeFiles/cmTC_aaf19.dir/src.c.o' failed
make[1]: *** [CMakeFiles/cmTC_aaf19.dir/src.c.o] Error 1
make[1]: Leaving directory '/home/smartcam/Desktop/EE_code/multipurposecamera/EE_team/init_resources/cmake-3.18.0/CMakeFiles/CMakeTmp'
Makefile:140: recipe for target 'cmTC_aaf19/fast' failed
make: *** [cmTC_aaf19/fast] Error 2


Source file was:

#include <sys/types.h>
#include <sys/stat.h>

int main()
{
  (void)sizeof(((struct stat *)0)->st_mtimespec.tv_nsec);
  return 0;
}

Performing C SOURCE FILE Test HAVE_STRUCT_STAT_ST_MTIME_N failed with the following output:
Change Dir: /home/smartcam/Desktop/EE_code/multipurposecamera/EE_team/init_resources/cmake-3.18.0/CMakeFiles/CMakeTmp

Run Build Command(s):/usr/bin/make cmTC_0765b/fast && make  -f CMakeFiles/cmTC_0765b.dir/build.make CMakeFiles/cmTC_0765b.dir/build
make[1]: Entering directory '/home/smartcam/Desktop/EE_code/multipurposecamera/EE_team/init_resources/cmake-3.18.0/CMakeFiles/CMakeTmp'
Building C object CMakeFiles/cmTC_0765b.dir/src.c.o
/usr/bin/gcc   -w -DHAVE_STRUCT_STAT_ST_MTIME_N -std=gnu11 -o CMakeFiles/cmTC_0765b.dir/src.c.o -c /home/smartcam/Desktop/EE_code/multipurposecamera/EE_team/init_resources/cmake-3.18.0/CMakeFiles/CMakeTmp/src.c
/home/smartcam/Desktop/EE_code/multipurposecamera/EE_team/init_resources/cmake-3.18.0/CMakeFiles/CMakeTmp/src.c: In function ‘main’:
/home/smartcam/Desktop/EE_code/multipurposecamera/EE_team/init_resources/cmake-3.18.0/CMakeFiles/CMakeTmp/src.c:7:36: error: ‘struct stat’ has no member named ‘st_mtime_n’; did you mean ‘st_mtim’?
   (void)sizeof(((struct stat *)0)->st_mtime_n);
                                    ^~~~~~~~~~
                                    st_mtim
CMakeFiles/cmTC_0765b.dir/build.make:84: recipe for target 'CMakeFiles/cmTC_0765b.dir/src.c.o' failed
make[1]: *** [CMakeFiles/cmTC_0765b.dir/src.c.o] Error 1
make[1]: Leaving directory '/home/smartcam/Desktop/EE_code/multipurposecamera/EE_team/init_resources/cmake-3.18.0/CMakeFiles/CMakeTmp'
Makefile:140: recipe for target 'cmTC_0765b/fast' failed
make: *** [cmTC_0765b/fast] Error 2


Source file was:

#include <sys/types.h>
#include <sys/stat.h>

int main()
{
  (void)sizeof(((struct stat *)0)->st_mtime_n);
  return 0;
}

Performing C SOURCE FILE Test HAVE_STRUCT_STAT_ST_UMTIME failed with the following output:
Change Dir: /home/smartcam/Desktop/EE_code/multipurposecamera/EE_team/init_resources/cmake-3.18.0/CMakeFiles/CMakeTmp

Run Build Command(s):/usr/bin/make cmTC_fb7ff/fast && make  -f CMakeFiles/cmTC_fb7ff.dir/build.make CMakeFiles/cmTC_fb7ff.dir/build
make[1]: Entering directory '/home/smartcam/Desktop/EE_code/multipurposecamera/EE_team/init_resources/cmake-3.18.0/CMakeFiles/CMakeTmp'
Building C object CMakeFiles/cmTC_fb7ff.dir/src.c.o
/usr/bin/gcc   -w -DHAVE_STRUCT_STAT_ST_UMTIME -std=gnu11 -o CMakeFiles/cmTC_fb7ff.dir/src.c.o -c /home/smartcam/Desktop/EE_code/multipurposecamera/EE_team/init_resources/cmake-3.18.0/CMakeFiles/CMakeTmp/src.c
/home/smartcam/Desktop/EE_code/multipurposecamera/EE_team/init_resources/cmake-3.18.0/CMakeFiles/CMakeTmp/src.c: In function ‘main’:
/home/smartcam/Desktop/EE_code/multipurposecamera/EE_team/init_resources/cmake-3.18.0/CMakeFiles/CMakeTmp/src.c:7:36: error: ‘struct stat’ has no member named ‘st_umtime’; did you mean ‘st_mtim’?
   (void)sizeof(((struct stat *)0)->st_umtime);
                                    ^~~~~~~~~
                                    st_mtim
CMakeFiles/cmTC_fb7ff.dir/build.make:84: recipe for target 'CMakeFiles/cmTC_fb7ff.dir/src.c.o' failed
make[1]: *** [CMakeFiles/cmTC_fb7ff.dir/src.c.o] Error 1
make[1]: Leaving directory '/home/smartcam/Desktop/EE_code/multipurposecamera/EE_team/init_resources/cmake-3.18.0/CMakeFiles/CMakeTmp'
Makefile:140: recipe for target 'cmTC_fb7ff/fast' failed
make: *** [cmTC_fb7ff/fast] Error 2


Source file was:

#include <sys/types.h>
#include <sys/stat.h>

int main()
{
  (void)sizeof(((struct stat *)0)->st_umtime);
  return 0;
}

Performing C SOURCE FILE Test HAVE_STRUCT_STAT_ST_MTIME_USEC failed with the following output:
Change Dir: /home/smartcam/Desktop/EE_code/multipurposecamera/EE_team/init_resources/cmake-3.18.0/CMakeFiles/CMakeTmp

Run Build Command(s):/usr/bin/make cmTC_c1f7e/fast && make  -f CMakeFiles/cmTC_c1f7e.dir/build.make CMakeFiles/cmTC_c1f7e.dir/build
make[1]: Entering directory '/home/smartcam/Desktop/EE_code/multipurposecamera/EE_team/init_resources/cmake-3.18.0/CMakeFiles/CMakeTmp'
Building C object CMakeFiles/cmTC_c1f7e.dir/src.c.o
/usr/bin/gcc   -w -DHAVE_STRUCT_STAT_ST_MTIME_USEC -std=gnu11 -o CMakeFiles/cmTC_c1f7e.dir/src.c.o -c /home/smartcam/Desktop/EE_code/multipurposecamera/EE_team/init_resources/cmake-3.18.0/CMakeFiles/CMakeTmp/src.c
/home/smartcam/Desktop/EE_code/multipurposecamera/EE_team/init_resources/cmake-3.18.0/CMakeFiles/CMakeTmp/src.c: In function ‘main’:
/home/smartcam/Desktop/EE_code/multipurposecamera/EE_team/init_resources/cmake-3.18.0/CMakeFiles/CMakeTmp/src.c:7:36: error: ‘struct stat’ has no member named ‘st_mtime_usec’; did you mean ‘st_mtim’?
   (void)sizeof(((struct stat *)0)->st_mtime_usec);
                                    ^~~~~~~~~~~~~
                                    st_mtim
CMakeFiles/cmTC_c1f7e.dir/build.make:84: recipe for target 'CMakeFiles/cmTC_c1f7e.dir/src.c.o' failed
make[1]: *** [CMakeFiles/cmTC_c1f7e.dir/src.c.o] Error 1
make[1]: Leaving directory '/home/smartcam/Desktop/EE_code/multipurposecamera/EE_team/init_resources/cmake-3.18.0/CMakeFiles/CMakeTmp'
Makefile:140: recipe for target 'cmTC_c1f7e/fast' failed
make: *** [cmTC_c1f7e/fast] Error 2


Source file was:

#include <sys/types.h>
#include <sys/stat.h>

int main()
{
  (void)sizeof(((struct stat *)0)->st_mtime_usec);
  return 0;
}

Performing C SOURCE FILE Test HAVE_STRUCT_STAT_ST_FLAGS failed with the following output:
Change Dir: /home/smartcam/Desktop/EE_code/multipurposecamera/EE_team/init_resources/cmake-3.18.0/CMakeFiles/CMakeTmp

Run Build Command(s):/usr/bin/make cmTC_4d680/fast && make  -f CMakeFiles/cmTC_4d680.dir/build.make CMakeFiles/cmTC_4d680.dir/build
make[1]: Entering directory '/home/smartcam/Desktop/EE_code/multipurposecamera/EE_team/init_resources/cmake-3.18.0/CMakeFiles/CMakeTmp'
Building C object CMakeFiles/cmTC_4d680.dir/src.c.o
/usr/bin/gcc   -w -DHAVE_STRUCT_STAT_ST_FLAGS -std=gnu11 -o CMakeFiles/cmTC_4d680.dir/src.c.o -c /home/smartcam/Desktop/EE_code/multipurposecamera/EE_team/init_resources/cmake-3.18.0/CMakeFiles/CMakeTmp/src.c
/home/smartcam/Desktop/EE_code/multipurposecamera/EE_team/init_resources/cmake-3.18.0/CMakeFiles/CMakeTmp/src.c: In function ‘main’:
/home/smartcam/Desktop/EE_code/multipurposecamera/EE_team/init_resources/cmake-3.18.0/CMakeFiles/CMakeTmp/src.c:7:36: error: ‘struct stat’ has no member named ‘st_flags’; did you mean ‘st_nlink’?
   (void)sizeof(((struct stat *)0)->st_flags);
                                    ^~~~~~~~
                                    st_nlink
CMakeFiles/cmTC_4d680.dir/build.make:84: recipe for target 'CMakeFiles/cmTC_4d680.dir/src.c.o' failed
make[1]: *** [CMakeFiles/cmTC_4d680.dir/src.c.o] Error 1
make[1]: Leaving directory '/home/smartcam/Desktop/EE_code/multipurposecamera/EE_team/init_resources/cmake-3.18.0/CMakeFiles/CMakeTmp'
Makefile:140: recipe for target 'cmTC_4d680/fast' failed
make: *** [cmTC_4d680/fast] Error 2


Source file was:

#include <sys/types.h>
#include <sys/stat.h>

int main()
{
  (void)sizeof(((struct stat *)0)->st_flags);
  return 0;
}

Performing C SOURCE FILE Test HAVE_STRUCT_STATVFS_F_IOSIZE failed with the following output:
Change Dir: /home/smartcam/Desktop/EE_code/multipurposecamera/EE_team/init_resources/cmake-3.18.0/CMakeFiles/CMakeTmp

Run Build Command(s):/usr/bin/make cmTC_e4487/fast && make  -f CMakeFiles/cmTC_e4487.dir/build.make CMakeFiles/cmTC_e4487.dir/build
make[1]: Entering directory '/home/smartcam/Desktop/EE_code/multipurposecamera/EE_team/init_resources/cmake-3.18.0/CMakeFiles/CMakeTmp'
Building C object CMakeFiles/cmTC_e4487.dir/src.c.o
/usr/bin/gcc   -w -DHAVE_STRUCT_STATVFS_F_IOSIZE -std=gnu11 -o CMakeFiles/cmTC_e4487.dir/src.c.o -c /home/smartcam/Desktop/EE_code/multipurposecamera/EE_team/init_resources/cmake-3.18.0/CMakeFiles/CMakeTmp/src.c
/home/smartcam/Desktop/EE_code/multipurposecamera/EE_team/init_resources/cmake-3.18.0/CMakeFiles/CMakeTmp/src.c: In function ‘main’:
/home/smartcam/Desktop/EE_code/multipurposecamera/EE_team/init_resources/cmake-3.18.0/CMakeFiles/CMakeTmp/src.c:7:39: error: ‘struct statvfs’ has no member named ‘f_iosize’; did you mean ‘f_bsize’?
   (void)sizeof(((struct statvfs *)0)->f_iosize);
                                       ^~~~~~~~
                                       f_bsize
CMakeFiles/cmTC_e4487.dir/build.make:84: recipe for target 'CMakeFiles/cmTC_e4487.dir/src.c.o' failed
make[1]: *** [CMakeFiles/cmTC_e4487.dir/src.c.o] Error 1
make[1]: Leaving directory '/home/smartcam/Desktop/EE_code/multipurposecamera/EE_team/init_resources/cmake-3.18.0/CMakeFiles/CMakeTmp'
Makefile:140: recipe for target 'cmTC_e4487/fast' failed
make: *** [cmTC_e4487/fast] Error 2


Source file was:

#include <sys/types.h>
#include <sys/statvfs.h>

int main()
{
  (void)sizeof(((struct statvfs *)0)->f_iosize);
  return 0;
}

Checking for curses support failed with the following output:
Change Dir: /home/smartcam/Desktop/EE_code/multipurposecamera/EE_team/init_resources/cmake-3.18.0/Source/Checks/Curses-build

Run Build Command(s):/usr/bin/make CheckCurses && make: *** No rule to make target 'CheckCurses'.  Stop.



Determining if the Q_WS_WIN exist failed with the following output:
Change Dir: /home/smartcam/Desktop/EE_code/multipurposecamera/EE_team/init_resources/cmake-3.18.0/CMakeFiles/CMakeTmp

Run Build Command(s):/usr/bin/make cmTC_f0c21/fast && make  -f CMakeFiles/cmTC_f0c21.dir/build.make CMakeFiles/cmTC_f0c21.dir/build
make[1]: Entering directory '/home/smartcam/Desktop/EE_code/multipurposecamera/EE_team/init_resources/cmake-3.18.0/CMakeFiles/CMakeTmp'
Building CXX object CMakeFiles/cmTC_f0c21.dir/CheckSymbolExists.cxx.o
/usr/bin/g++  -I/usr/include/qt4 -std=c++1z -o CMakeFiles/cmTC_f0c21.dir/CheckSymbolExists.cxx.o -c /home/smartcam/Desktop/EE_code/multipurposecamera/EE_team/init_resources/cmake-3.18.0/CMakeFiles/CMakeTmp/CheckSymbolExists.cxx
/home/smartcam/Desktop/EE_code/multipurposecamera/EE_team/init_resources/cmake-3.18.0/CMakeFiles/CMakeTmp/CheckSymbolExists.cxx: In function ‘int main(int, char**)’:
/home/smartcam/Desktop/EE_code/multipurposecamera/EE_team/init_resources/cmake-3.18.0/CMakeFiles/CMakeTmp/CheckSymbolExists.cxx:8:19: error: ‘Q_WS_WIN’ was not declared in this scope
   return ((int*)(&Q_WS_WIN))[argc];
                   ^~~~~~~~
/home/smartcam/Desktop/EE_code/multipurposecamera/EE_team/init_resources/cmake-3.18.0/CMakeFiles/CMakeTmp/CheckSymbolExists.cxx:8:19: note: suggested alternative: ‘Q_WS_X11’
   return ((int*)(&Q_WS_WIN))[argc];
                   ^~~~~~~~
                   Q_WS_X11
CMakeFiles/cmTC_f0c21.dir/build.make:84: recipe for target 'CMakeFiles/cmTC_f0c21.dir/CheckSymbolExists.cxx.o' failed
make[1]: *** [CMakeFiles/cmTC_f0c21.dir/CheckSymbolExists.cxx.o] Error 1
make[1]: Leaving directory '/home/smartcam/Desktop/EE_code/multipurposecamera/EE_team/init_resources/cmake-3.18.0/CMakeFiles/CMakeTmp'
Makefile:140: recipe for target 'cmTC_f0c21/fast' failed
make: *** [cmTC_f0c21/fast] Error 2


File /home/smartcam/Desktop/EE_code/multipurposecamera/EE_team/init_resources/cmake-3.18.0/CMakeFiles/CMakeTmp/CheckSymbolExists.cxx:
/* */
#include <QtCore/qglobal.h>

int main(int argc, char** argv)
{
  (void)argv;
#ifndef Q_WS_WIN
  return ((int*)(&Q_WS_WIN))[argc];
#else
  (void)argc;
  return 0;
#endif
}
Determining if the Q_WS_QWS exist failed with the following output:
Change Dir: /home/smartcam/Desktop/EE_code/multipurposecamera/EE_team/init_resources/cmake-3.18.0/CMakeFiles/CMakeTmp

Run Build Command(s):/usr/bin/make cmTC_0e73c/fast && make  -f CMakeFiles/cmTC_0e73c.dir/build.make CMakeFiles/cmTC_0e73c.dir/build
make[1]: Entering directory '/home/smartcam/Desktop/EE_code/multipurposecamera/EE_team/init_resources/cmake-3.18.0/CMakeFiles/CMakeTmp'
Building CXX object CMakeFiles/cmTC_0e73c.dir/CheckSymbolExists.cxx.o
/usr/bin/g++  -I/usr/include/qt4 -std=c++1z -o CMakeFiles/cmTC_0e73c.dir/CheckSymbolExists.cxx.o -c /home/smartcam/Desktop/EE_code/multipurposecamera/EE_team/init_resources/cmake-3.18.0/CMakeFiles/CMakeTmp/CheckSymbolExists.cxx
/home/smartcam/Desktop/EE_code/multipurposecamera/EE_team/init_resources/cmake-3.18.0/CMakeFiles/CMakeTmp/CheckSymbolExists.cxx: In function ‘int main(int, char**)’:
/home/smartcam/Desktop/EE_code/multipurposecamera/EE_team/init_resources/cmake-3.18.0/CMakeFiles/CMakeTmp/CheckSymbolExists.cxx:8:19: error: ‘Q_WS_QWS’ was not declared in this scope
   return ((int*)(&Q_WS_QWS))[argc];
                   ^~~~~~~~
/home/smartcam/Desktop/EE_code/multipurposecamera/EE_team/init_resources/cmake-3.18.0/CMakeFiles/CMakeTmp/CheckSymbolExists.cxx:8:19: note: suggested alternative: ‘Q_WS_X11’
   return ((int*)(&Q_WS_QWS))[argc];
                   ^~~~~~~~
                   Q_WS_X11
CMakeFiles/cmTC_0e73c.dir/build.make:84: recipe for target 'CMakeFiles/cmTC_0e73c.dir/CheckSymbolExists.cxx.o' failed
make[1]: *** [CMakeFiles/cmTC_0e73c.dir/CheckSymbolExists.cxx.o] Error 1
make[1]: Leaving directory '/home/smartcam/Desktop/EE_code/multipurposecamera/EE_team/init_resources/cmake-3.18.0/CMakeFiles/CMakeTmp'
Makefile:140: recipe for target 'cmTC_0e73c/fast' failed
make: *** [cmTC_0e73c/fast] Error 2


File /home/smartcam/Desktop/EE_code/multipurposecamera/EE_team/init_resources/cmake-3.18.0/CMakeFiles/CMakeTmp/CheckSymbolExists.cxx:
/* */
#include <QtCore/qglobal.h>

int main(int argc, char** argv)
{
  (void)argv;
#ifndef Q_WS_QWS
  return ((int*)(&Q_WS_QWS))[argc];
#else
  (void)argc;
  return 0;
#endif
}
Determining if the Q_WS_MAC exist failed with the following output:
Change Dir: /home/smartcam/Desktop/EE_code/multipurposecamera/EE_team/init_resources/cmake-3.18.0/CMakeFiles/CMakeTmp

Run Build Command(s):/usr/bin/make cmTC_eb05a/fast && make  -f CMakeFiles/cmTC_eb05a.dir/build.make CMakeFiles/cmTC_eb05a.dir/build
make[1]: Entering directory '/home/smartcam/Desktop/EE_code/multipurposecamera/EE_team/init_resources/cmake-3.18.0/CMakeFiles/CMakeTmp'
Building CXX object CMakeFiles/cmTC_eb05a.dir/CheckSymbolExists.cxx.o
/usr/bin/g++  -I/usr/include/qt4 -std=c++1z -o CMakeFiles/cmTC_eb05a.dir/CheckSymbolExists.cxx.o -c /home/smartcam/Desktop/EE_code/multipurposecamera/EE_team/init_resources/cmake-3.18.0/CMakeFiles/CMakeTmp/CheckSymbolExists.cxx
/home/smartcam/Desktop/EE_code/multipurposecamera/EE_team/init_resources/cmake-3.18.0/CMakeFiles/CMakeTmp/CheckSymbolExists.cxx: In function ‘int main(int, char**)’:
/home/smartcam/Desktop/EE_code/multipurposecamera/EE_team/init_resources/cmake-3.18.0/CMakeFiles/CMakeTmp/CheckSymbolExists.cxx:8:19: error: ‘Q_WS_MAC’ was not declared in this scope
   return ((int*)(&Q_WS_MAC))[argc];
                   ^~~~~~~~
/home/smartcam/Desktop/EE_code/multipurposecamera/EE_team/init_resources/cmake-3.18.0/CMakeFiles/CMakeTmp/CheckSymbolExists.cxx:8:19: note: suggested alternative: ‘Q_WS_X11’
   return ((int*)(&Q_WS_MAC))[argc];
                   ^~~~~~~~
                   Q_WS_X11
CMakeFiles/cmTC_eb05a.dir/build.make:84: recipe for target 'CMakeFiles/cmTC_eb05a.dir/CheckSymbolExists.cxx.o' failed
make[1]: *** [CMakeFiles/cmTC_eb05a.dir/CheckSymbolExists.cxx.o] Error 1
make[1]: Leaving directory '/home/smartcam/Desktop/EE_code/multipurposecamera/EE_team/init_resources/cmake-3.18.0/CMakeFiles/CMakeTmp'
Makefile:140: recipe for target 'cmTC_eb05a/fast' failed
make: *** [cmTC_eb05a/fast] Error 2


File /home/smartcam/Desktop/EE_code/multipurposecamera/EE_team/init_resources/cmake-3.18.0/CMakeFiles/CMakeTmp/CheckSymbolExists.cxx:
/* */
#include <QtCore/qglobal.h>

int main(int argc, char** argv)
{
  (void)argv;
#ifndef Q_WS_MAC
  return ((int*)(&Q_WS_MAC))[argc];
#else
  (void)argc;
  return 0;
#endif
}
Looking for a Fortran compiler failed with the following output:
-- The Fortran compiler identification is unknown
CMake Error at CMakeLists.txt:2 (project):
  No CMAKE_Fortran_COMPILER could be found.

  Tell CMake where to find the compiler by setting either the environment
  variable "FC" or the CMake cache entry CMAKE_Fortran_COMPILER to the full
  path to the compiler, or to the compiler name if it is in the PATH.


-- Configuring incomplete, errors occurred!
See also "/home/smartcam/Desktop/EE_code/multipurposecamera/EE_team/init_resources/cmake-3.18.0/Tests/CMakeFiles/CheckFortran/CMakeFiles/CMakeOutput.log".
See also "/home/smartcam/Desktop/EE_code/multipurposecamera/EE_team/init_resources/cmake-3.18.0/Tests/CMakeFiles/CheckFortran/CMakeFiles/CMakeError.log".

